
---
events:
  -
    kind: "message-v1"
    backtrace:
      - "C:/Program Files/Microsoft Visual Studio/2022/Community/Common7/IDE/CommonExtensions/Microsoft/CMake/CMake/share/cmake-3.31/Modules/CMakeDetermineSystem.cmake:205 (message)"
      - "CMakeLists.txt:17 (project)"
    message: |
      The system is: Windows - 10.0.19045 - AMD64
  -
    kind: "message-v1"
    backtrace:
      - "C:/Program Files/Microsoft Visual Studio/2022/Community/Common7/IDE/CommonExtensions/Microsoft/CMake/CMake/share/cmake-3.31/Modules/CMakeDetermineCompilerId.cmake:17 (message)"
      - "C:/Program Files/Microsoft Visual Studio/2022/Community/Common7/IDE/CommonExtensions/Microsoft/CMake/CMake/share/cmake-3.31/Modules/CMakeDetermineCompilerId.cmake:64 (__determine_compiler_id_test)"
      - "C:/Program Files/Microsoft Visual Studio/2022/Community/Common7/IDE/CommonExtensions/Microsoft/CMake/CMake/share/cmake-3.31/Modules/CMakeDetermineCXXCompiler.cmake:126 (CMAKE_DETERMINE_COMPILER_ID)"
      - "CMakeLists.txt:17 (project)"
    message: |
      Compiling the CXX compiler identification source file "CMakeCXXCompilerId.cpp" succeeded.
      Compiler: C:/Program Files/Microsoft Visual Studio/2022/Community/VC/Tools/MSVC/14.44.35207/bin/Hostx64/x64/cl.exe 
      Build flags: /nologo;/DWIN32;/D_WINDOWS;/utf-8;/GR;/EHsc;/MP
      Id flags:  
      
      The output was:
      0
      CMakeCXXCompilerId.cpp
      
      
      Compilation of the CXX compiler identification source "CMakeCXXCompilerId.cpp" produced "CMakeCXXCompilerId.exe"
      
      Compilation of the CXX compiler identification source "CMakeCXXCompilerId.cpp" produced "CMakeCXXCompilerId.obj"
      
      The CXX compiler identification is MSVC, found in:
        C:/Users/bugr2/source/repos/Diplom_CPP/vcpkg_installed/vcpkg/blds/range-v3/x64-windows-dbg/CMakeFiles/3.31.6-msvc6/CompilerIdCXX/CMakeCXXCompilerId.exe
      
  -
    kind: "message-v1"
    backtrace:
      - "C:/Program Files/Microsoft Visual Studio/2022/Community/Common7/IDE/CommonExtensions/Microsoft/CMake/CMake/share/cmake-3.31/Modules/CMakeDetermineCompilerId.cmake:1288 (message)"
      - "C:/Program Files/Microsoft Visual Studio/2022/Community/Common7/IDE/CommonExtensions/Microsoft/CMake/CMake/share/cmake-3.31/Modules/CMakeDetermineCompilerId.cmake:250 (CMAKE_DETERMINE_MSVC_SHOWINCLUDES_PREFIX)"
      - "C:/Program Files/Microsoft Visual Studio/2022/Community/Common7/IDE/CommonExtensions/Microsoft/CMake/CMake/share/cmake-3.31/Modules/CMakeDetermineCXXCompiler.cmake:126 (CMAKE_DETERMINE_COMPILER_ID)"
      - "CMakeLists.txt:17 (project)"
    message: |
      Detecting CXX compiler /showIncludes prefix:
        main.c
        Примечание: включение файла:  C:\\Users\\bugr2\\source\\repos\\Diplom_CPP\\vcpkg_installed\\vcpkg\\blds\\range-v3\\x64-windows-dbg\\CMakeFiles\\ShowIncludes\\foo.h
        
      Found prefix "Примечание: включение файла:  "
  -
    kind: "try_compile-v1"
    backtrace:
      - "C:/Program Files/Microsoft Visual Studio/2022/Community/Common7/IDE/CommonExtensions/Microsoft/CMake/CMake/share/cmake-3.31/Modules/CMakeDetermineCompilerABI.cmake:74 (try_compile)"
      - "C:/Program Files/Microsoft Visual Studio/2022/Community/Common7/IDE/CommonExtensions/Microsoft/CMake/CMake/share/cmake-3.31/Modules/CMakeTestCXXCompiler.cmake:26 (CMAKE_DETERMINE_COMPILER_ABI)"
      - "CMakeLists.txt:17 (project)"
    checks:
      - "Detecting CXX compiler ABI info"
    directories:
      source: "C:/Users/bugr2/source/repos/Diplom_CPP/vcpkg_installed/vcpkg/blds/range-v3/x64-windows-dbg/CMakeFiles/CMakeScratch/TryCompile-ge0bgg"
      binary: "C:/Users/bugr2/source/repos/Diplom_CPP/vcpkg_installed/vcpkg/blds/range-v3/x64-windows-dbg/CMakeFiles/CMakeScratch/TryCompile-ge0bgg"
    cmakeVariables:
      CMAKE_CXX_FLAGS: " /nologo /DWIN32 /D_WINDOWS /utf-8 /GR /EHsc /MP "
      CMAKE_CXX_SCAN_FOR_MODULES: "OFF"
      CMAKE_EXE_LINKER_FLAGS: "/machine:x64"
      CMAKE_MSVC_DEBUG_INFORMATION_FORMAT: ""
      CMAKE_MSVC_RUNTIME_LIBRARY: "MultiThreaded$<$<CONFIG:Debug>:Debug>$<$<STREQUAL:dynamic,dynamic>:DLL>"
      VCPKG_CHAINLOAD_TOOLCHAIN_FILE: "C:/Program Files/Microsoft Visual Studio/2022/Community/VC/vcpkg/scripts/toolchains/windows.cmake"
      VCPKG_CRT_LINKAGE: "dynamic"
      VCPKG_CXX_FLAGS: ""
      VCPKG_CXX_FLAGS_DEBUG: ""
      VCPKG_CXX_FLAGS_RELEASE: ""
      VCPKG_C_FLAGS: ""
      VCPKG_C_FLAGS_DEBUG: ""
      VCPKG_C_FLAGS_RELEASE: ""
      VCPKG_INSTALLED_DIR: "C:/Users/bugr2/source/repos/Diplom_CPP/vcpkg_installed"
      VCPKG_LINKER_FLAGS: ""
      VCPKG_LINKER_FLAGS_DEBUG: ""
      VCPKG_LINKER_FLAGS_RELEASE: ""
      VCPKG_PLATFORM_TOOLSET: "v143"
      VCPKG_PREFER_SYSTEM_LIBS: "OFF"
      VCPKG_SET_CHARSET_FLAG: "ON"
      VCPKG_TARGET_ARCHITECTURE: "x64"
      VCPKG_TARGET_TRIPLET: "x64-windows"
      Z_VCPKG_ROOT_DIR: "C:/Program Files/Microsoft Visual Studio/2022/Community/VC/vcpkg"
    buildResult:
      variable: "CMAKE_CXX_ABI_COMPILED"
      cached: true
      stdout: |
        Change Dir: 'C:/Users/bugr2/source/repos/Diplom_CPP/vcpkg_installed/vcpkg/blds/range-v3/x64-windows-dbg/CMakeFiles/CMakeScratch/TryCompile-ge0bgg'
        
        Run Build Command(s): "C:/Program Files/Microsoft Visual Studio/2022/Community/Common7/IDE/CommonExtensions/Microsoft/CMake/Ninja/ninja.exe" -v cmTC_f41a3
        [1/2] C:\\PROGRA~1\\MIB055~1\\2022\\COMMUN~1\\VC\\Tools\\MSVC\\1444~1.352\\bin\\Hostx64\\x64\\cl.exe  /nologo /TP   /nologo /DWIN32 /D_WINDOWS /utf-8 /GR /EHsc /MP   /MDd /Z7 /Ob0 /Od /RTC1 /showIncludes /FoCMakeFiles\\cmTC_f41a3.dir\\CMakeCXXCompilerABI.cpp.obj /FdCMakeFiles\\cmTC_f41a3.dir\\ /FS -c "C:\\Program Files\\Microsoft Visual Studio\\2022\\Community\\Common7\\IDE\\CommonExtensions\\Microsoft\\CMake\\CMake\\share\\cmake-3.31\\Modules\\CMakeCXXCompilerABI.cpp"
        [2/2] C:\\WINDOWS\\system32\\cmd.exe /C "cd . && "C:\\Program Files\\Microsoft Visual Studio\\2022\\Community\\Common7\\IDE\\CommonExtensions\\Microsoft\\CMake\\CMake\\bin\\cmake.exe" -E vs_link_exe --msvc-ver=1944 --intdir=CMakeFiles\\cmTC_f41a3.dir --rc=C:\\PROGRA~2\\WI3CF2~1\\10\\bin\\100261~1.0\\x64\\rc.exe --mt=C:\\PROGRA~2\\WI3CF2~1\\10\\bin\\100261~1.0\\x64\\mt.exe --manifests  -- C:\\PROGRA~1\\MIB055~1\\2022\\COMMUN~1\\VC\\Tools\\MSVC\\1444~1.352\\bin\\Hostx64\\x64\\link.exe /nologo CMakeFiles\\cmTC_f41a3.dir\\CMakeCXXCompilerABI.cpp.obj  /out:cmTC_f41a3.exe /implib:cmTC_f41a3.lib /pdb:cmTC_f41a3.pdb /version:0.0 /machine:x64  /nologo    /debug /INCREMENTAL /subsystem:console  kernel32.lib user32.lib gdi32.lib winspool.lib shell32.lib ole32.lib oleaut32.lib uuid.lib comdlg32.lib advapi32.lib && cd ."
        
      exitCode: 0
  -
    kind: "message-v1"
    backtrace:
      - "C:/Program Files/Microsoft Visual Studio/2022/Community/Common7/IDE/CommonExtensions/Microsoft/CMake/CMake/share/cmake-3.31/Modules/CMakeDetermineCompilerABI.cmake:218 (message)"
      - "C:/Program Files/Microsoft Visual Studio/2022/Community/Common7/IDE/CommonExtensions/Microsoft/CMake/CMake/share/cmake-3.31/Modules/CMakeTestCXXCompiler.cmake:26 (CMAKE_DETERMINE_COMPILER_ABI)"
      - "CMakeLists.txt:17 (project)"
    message: |
      Parsed CXX implicit link information:
        link line regex: [^( *|.*[/\\])(ld[0-9]*(\\.[a-z]+)?|link\\.exe|lld-link(\\.exe)?|CMAKE_LINK_STARTFILE-NOTFOUND|([^/\\]+-)?ld|collect2)[^/\\]*( |$)]
        linker tool regex: [^[ 	]*(->|")?[ 	]*(([^"]*[/\\])?(ld[0-9]*(\\.[a-z]+)?|link\\.exe|lld-link(\\.exe)?))("|,| |$)]
        linker tool for 'CXX': C:/PROGRA~1/MIB055~1/2022/COMMUN~1/VC/Tools/MSVC/1444~1.352/bin/Hostx64/x64/link.exe
        implicit libs: []
        implicit objs: []
        implicit dirs: []
        implicit fwks: []
      
      
  -
    kind: "message-v1"
    backtrace:
      - "C:/Program Files/Microsoft Visual Studio/2022/Community/Common7/IDE/CommonExtensions/Microsoft/CMake/CMake/share/cmake-3.31/Modules/Internal/CMakeDetermineLinkerId.cmake:40 (message)"
      - "C:/Program Files/Microsoft Visual Studio/2022/Community/Common7/IDE/CommonExtensions/Microsoft/CMake/CMake/share/cmake-3.31/Modules/CMakeDetermineCompilerABI.cmake:255 (cmake_determine_linker_id)"
      - "C:/Program Files/Microsoft Visual Studio/2022/Community/Common7/IDE/CommonExtensions/Microsoft/CMake/CMake/share/cmake-3.31/Modules/CMakeTestCXXCompiler.cmake:26 (CMAKE_DETERMINE_COMPILER_ABI)"
      - "CMakeLists.txt:17 (project)"
    message: |
      Running the CXX compiler's linker: "C:/PROGRA~1/MIB055~1/2022/COMMUN~1/VC/Tools/MSVC/1444~1.352/bin/Hostx64/x64/link.exe" "-v"
      Microsoft (R) Incremental Linker Version 14.44.35211.0
      Copyright (C) Microsoft Corporation.  All rights reserved.
  -
    kind: "try_compile-v1"
    backtrace:
      - "C:/Program Files/Microsoft Visual Studio/2022/Community/Common7/IDE/CommonExtensions/Microsoft/CMake/CMake/share/cmake-3.31/Modules/Internal/CheckSourceCompiles.cmake:108 (try_compile)"
      - "C:/Program Files/Microsoft Visual Studio/2022/Community/Common7/IDE/CommonExtensions/Microsoft/CMake/CMake/share/cmake-3.31/Modules/Internal/CheckCompilerFlag.cmake:18 (cmake_check_source_compiles)"
      - "C:/Program Files/Microsoft Visual Studio/2022/Community/Common7/IDE/CommonExtensions/Microsoft/CMake/CMake/share/cmake-3.31/Modules/CheckCXXCompilerFlag.cmake:55 (cmake_check_compiler_flag)"
      - "cmake/ranges_flags.cmake:16 (check_cxx_compiler_flag)"
      - "cmake/ranges_flags.cmake:74 (ranges_append_flag)"
      - "CMakeLists.txt:25 (include)"
    checks:
      - "Performing Test RANGES_HAS_CXXSTDCOLON"
    directories:
      source: "C:/Users/bugr2/source/repos/Diplom_CPP/vcpkg_installed/vcpkg/blds/range-v3/x64-windows-dbg/CMakeFiles/CMakeScratch/TryCompile-csze8c"
      binary: "C:/Users/bugr2/source/repos/Diplom_CPP/vcpkg_installed/vcpkg/blds/range-v3/x64-windows-dbg/CMakeFiles/CMakeScratch/TryCompile-csze8c"
    cmakeVariables:
      CMAKE_CXX_FLAGS: " /nologo /DWIN32 /D_WINDOWS /utf-8 /GR /EHsc /MP "
      CMAKE_EXE_LINKER_FLAGS: "/machine:x64"
      CMAKE_MODULE_PATH: "C:/Users/bugr2/source/repos/Diplom_CPP/vcpkg_installed/vcpkg/blds/range-v3/src/8e09e4d7ec-ac2933c7cd.clean/cmake"
      CMAKE_MSVC_DEBUG_INFORMATION_FORMAT: ""
      CMAKE_MSVC_RUNTIME_LIBRARY: "MultiThreaded$<$<CONFIG:Debug>:Debug>$<$<STREQUAL:dynamic,dynamic>:DLL>"
      VCPKG_CHAINLOAD_TOOLCHAIN_FILE: "C:/Program Files/Microsoft Visual Studio/2022/Community/VC/vcpkg/scripts/toolchains/windows.cmake"
      VCPKG_CRT_LINKAGE: "dynamic"
      VCPKG_CXX_FLAGS: ""
      VCPKG_CXX_FLAGS_DEBUG: ""
      VCPKG_CXX_FLAGS_RELEASE: ""
      VCPKG_C_FLAGS: ""
      VCPKG_C_FLAGS_DEBUG: ""
      VCPKG_C_FLAGS_RELEASE: ""
      VCPKG_INSTALLED_DIR: "C:/Users/bugr2/source/repos/Diplom_CPP/vcpkg_installed"
      VCPKG_LINKER_FLAGS: ""
      VCPKG_LINKER_FLAGS_DEBUG: ""
      VCPKG_LINKER_FLAGS_RELEASE: ""
      VCPKG_PLATFORM_TOOLSET: "v143"
      VCPKG_PREFER_SYSTEM_LIBS: "OFF"
      VCPKG_SET_CHARSET_FLAG: "ON"
      VCPKG_TARGET_ARCHITECTURE: "x64"
      VCPKG_TARGET_TRIPLET: "x64-windows"
      Z_VCPKG_ROOT_DIR: "C:/Program Files/Microsoft Visual Studio/2022/Community/VC/vcpkg"
    buildResult:
      variable: "RANGES_HAS_CXXSTDCOLON"
      cached: true
      stdout: |
        Change Dir: 'C:/Users/bugr2/source/repos/Diplom_CPP/vcpkg_installed/vcpkg/blds/range-v3/x64-windows-dbg/CMakeFiles/CMakeScratch/TryCompile-csze8c'
        
        Run Build Command(s): "C:/Program Files/Microsoft Visual Studio/2022/Community/Common7/IDE/CommonExtensions/Microsoft/CMake/Ninja/ninja.exe" -v cmTC_2b712
        [1/2] C:\\PROGRA~1\\MIB055~1\\2022\\COMMUN~1\\VC\\Tools\\MSVC\\1444~1.352\\bin\\Hostx64\\x64\\cl.exe  /nologo /TP -DRANGES_HAS_CXXSTDCOLON  /nologo /DWIN32 /D_WINDOWS /utf-8 /GR /EHsc /MP   /MDd /Z7 /Ob0 /Od /RTC1    /std:c++17 /showIncludes /FoCMakeFiles\\cmTC_2b712.dir\\src.cxx.obj /FdCMakeFiles\\cmTC_2b712.dir\\ /FS -c C:\\Users\\bugr2\\source\\repos\\Diplom_CPP\\vcpkg_installed\\vcpkg\\blds\\range-v3\\x64-windows-dbg\\CMakeFiles\\CMakeScratch\\TryCompile-csze8c\\src.cxx
        [2/2] C:\\WINDOWS\\system32\\cmd.exe /C "cd . && "C:\\Program Files\\Microsoft Visual Studio\\2022\\Community\\Common7\\IDE\\CommonExtensions\\Microsoft\\CMake\\CMake\\bin\\cmake.exe" -E vs_link_exe --msvc-ver=1944 --intdir=CMakeFiles\\cmTC_2b712.dir --rc=C:\\PROGRA~2\\WI3CF2~1\\10\\bin\\100261~1.0\\x64\\rc.exe --mt=C:\\PROGRA~2\\WI3CF2~1\\10\\bin\\100261~1.0\\x64\\mt.exe --manifests  -- C:\\PROGRA~1\\MIB055~1\\2022\\COMMUN~1\\VC\\Tools\\MSVC\\1444~1.352\\bin\\Hostx64\\x64\\link.exe /nologo CMakeFiles\\cmTC_2b712.dir\\src.cxx.obj  /out:cmTC_2b712.exe /implib:cmTC_2b712.lib /pdb:cmTC_2b712.pdb /version:0.0 /machine:x64  /nologo    /debug /INCREMENTAL /subsystem:console  kernel32.lib user32.lib gdi32.lib winspool.lib shell32.lib ole32.lib oleaut32.lib uuid.lib comdlg32.lib advapi32.lib && cd ."
        
      exitCode: 0
  -
    kind: "try_compile-v1"
    backtrace:
      - "C:/Program Files/Microsoft Visual Studio/2022/Community/Common7/IDE/CommonExtensions/Microsoft/CMake/CMake/share/cmake-3.31/Modules/Internal/CheckSourceCompiles.cmake:108 (try_compile)"
      - "C:/Program Files/Microsoft Visual Studio/2022/Community/Common7/IDE/CommonExtensions/Microsoft/CMake/CMake/share/cmake-3.31/Modules/Internal/CheckCompilerFlag.cmake:18 (cmake_check_source_compiles)"
      - "C:/Program Files/Microsoft Visual Studio/2022/Community/Common7/IDE/CommonExtensions/Microsoft/CMake/CMake/share/cmake-3.31/Modules/CheckCXXCompilerFlag.cmake:55 (cmake_check_compiler_flag)"
      - "cmake/ranges_flags.cmake:16 (check_cxx_compiler_flag)"
      - "cmake/ranges_flags.cmake:83 (ranges_append_flag)"
      - "CMakeLists.txt:25 (include)"
    checks:
      - "Performing Test RANGES_HAS_W3"
    directories:
      source: "C:/Users/bugr2/source/repos/Diplom_CPP/vcpkg_installed/vcpkg/blds/range-v3/x64-windows-dbg/CMakeFiles/CMakeScratch/TryCompile-7hetn4"
      binary: "C:/Users/bugr2/source/repos/Diplom_CPP/vcpkg_installed/vcpkg/blds/range-v3/x64-windows-dbg/CMakeFiles/CMakeScratch/TryCompile-7hetn4"
    cmakeVariables:
      CMAKE_CXX_FLAGS: " /nologo /DWIN32 /D_WINDOWS /utf-8 /GR /EHsc /MP "
      CMAKE_EXE_LINKER_FLAGS: "/machine:x64"
      CMAKE_MODULE_PATH: "C:/Users/bugr2/source/repos/Diplom_CPP/vcpkg_installed/vcpkg/blds/range-v3/src/8e09e4d7ec-ac2933c7cd.clean/cmake"
      CMAKE_MSVC_DEBUG_INFORMATION_FORMAT: ""
      CMAKE_MSVC_RUNTIME_LIBRARY: "MultiThreaded$<$<CONFIG:Debug>:Debug>$<$<STREQUAL:dynamic,dynamic>:DLL>"
      VCPKG_CHAINLOAD_TOOLCHAIN_FILE: "C:/Program Files/Microsoft Visual Studio/2022/Community/VC/vcpkg/scripts/toolchains/windows.cmake"
      VCPKG_CRT_LINKAGE: "dynamic"
      VCPKG_CXX_FLAGS: ""
      VCPKG_CXX_FLAGS_DEBUG: ""
      VCPKG_CXX_FLAGS_RELEASE: ""
      VCPKG_C_FLAGS: ""
      VCPKG_C_FLAGS_DEBUG: ""
      VCPKG_C_FLAGS_RELEASE: ""
      VCPKG_INSTALLED_DIR: "C:/Users/bugr2/source/repos/Diplom_CPP/vcpkg_installed"
      VCPKG_LINKER_FLAGS: ""
      VCPKG_LINKER_FLAGS_DEBUG: ""
      VCPKG_LINKER_FLAGS_RELEASE: ""
      VCPKG_PLATFORM_TOOLSET: "v143"
      VCPKG_PREFER_SYSTEM_LIBS: "OFF"
      VCPKG_SET_CHARSET_FLAG: "ON"
      VCPKG_TARGET_ARCHITECTURE: "x64"
      VCPKG_TARGET_TRIPLET: "x64-windows"
      Z_VCPKG_ROOT_DIR: "C:/Program Files/Microsoft Visual Studio/2022/Community/VC/vcpkg"
    buildResult:
      variable: "RANGES_HAS_W3"
      cached: true
      stdout: |
        Change Dir: 'C:/Users/bugr2/source/repos/Diplom_CPP/vcpkg_installed/vcpkg/blds/range-v3/x64-windows-dbg/CMakeFiles/CMakeScratch/TryCompile-7hetn4'
        
        Run Build Command(s): "C:/Program Files/Microsoft Visual Studio/2022/Community/Common7/IDE/CommonExtensions/Microsoft/CMake/Ninja/ninja.exe" -v cmTC_dba0b
        [1/2] C:\\PROGRA~1\\MIB055~1\\2022\\COMMUN~1\\VC\\Tools\\MSVC\\1444~1.352\\bin\\Hostx64\\x64\\cl.exe  /nologo /TP -DRANGES_HAS_W3  /nologo /DWIN32 /D_WINDOWS /utf-8 /GR /EHsc /MP   /MDd /Z7 /Ob0 /Od /RTC1    /W3 /showIncludes /FoCMakeFiles\\cmTC_dba0b.dir\\src.cxx.obj /FdCMakeFiles\\cmTC_dba0b.dir\\ /FS -c C:\\Users\\bugr2\\source\\repos\\Diplom_CPP\\vcpkg_installed\\vcpkg\\blds\\range-v3\\x64-windows-dbg\\CMakeFiles\\CMakeScratch\\TryCompile-7hetn4\\src.cxx
        [2/2] C:\\WINDOWS\\system32\\cmd.exe /C "cd . && "C:\\Program Files\\Microsoft Visual Studio\\2022\\Community\\Common7\\IDE\\CommonExtensions\\Microsoft\\CMake\\CMake\\bin\\cmake.exe" -E vs_link_exe --msvc-ver=1944 --intdir=CMakeFiles\\cmTC_dba0b.dir --rc=C:\\PROGRA~2\\WI3CF2~1\\10\\bin\\100261~1.0\\x64\\rc.exe --mt=C:\\PROGRA~2\\WI3CF2~1\\10\\bin\\100261~1.0\\x64\\mt.exe --manifests  -- C:\\PROGRA~1\\MIB055~1\\2022\\COMMUN~1\\VC\\Tools\\MSVC\\1444~1.352\\bin\\Hostx64\\x64\\link.exe /nologo CMakeFiles\\cmTC_dba0b.dir\\src.cxx.obj  /out:cmTC_dba0b.exe /implib:cmTC_dba0b.lib /pdb:cmTC_dba0b.pdb /version:0.0 /machine:x64  /nologo    /debug /INCREMENTAL /subsystem:console  kernel32.lib user32.lib gdi32.lib winspool.lib shell32.lib ole32.lib oleaut32.lib uuid.lib comdlg32.lib advapi32.lib && cd ."
        
      exitCode: 0
  -
    kind: "try_compile-v1"
    backtrace:
      - "C:/Program Files/Microsoft Visual Studio/2022/Community/Common7/IDE/CommonExtensions/Microsoft/CMake/CMake/share/cmake-3.31/Modules/Internal/CheckSourceCompiles.cmake:108 (try_compile)"
      - "C:/Program Files/Microsoft Visual Studio/2022/Community/Common7/IDE/CommonExtensions/Microsoft/CMake/CMake/share/cmake-3.31/Modules/Internal/CheckCompilerFlag.cmake:18 (cmake_check_source_compiles)"
      - "C:/Program Files/Microsoft Visual Studio/2022/Community/Common7/IDE/CommonExtensions/Microsoft/CMake/CMake/share/cmake-3.31/Modules/CheckCXXCompilerFlag.cmake:55 (cmake_check_compiler_flag)"
      - "cmake/ranges_flags.cmake:16 (check_cxx_compiler_flag)"
      - "cmake/ranges_flags.cmake:84 (ranges_append_flag)"
      - "CMakeLists.txt:25 (include)"
    checks:
      - "Performing Test RANGES_HAS_WX"
    directories:
      source: "C:/Users/bugr2/source/repos/Diplom_CPP/vcpkg_installed/vcpkg/blds/range-v3/x64-windows-dbg/CMakeFiles/CMakeScratch/TryCompile-h4rkub"
      binary: "C:/Users/bugr2/source/repos/Diplom_CPP/vcpkg_installed/vcpkg/blds/range-v3/x64-windows-dbg/CMakeFiles/CMakeScratch/TryCompile-h4rkub"
    cmakeVariables:
      CMAKE_CXX_FLAGS: " /nologo /DWIN32 /D_WINDOWS /utf-8 /GR /EHsc /MP "
      CMAKE_EXE_LINKER_FLAGS: "/machine:x64"
      CMAKE_MODULE_PATH: "C:/Users/bugr2/source/repos/Diplom_CPP/vcpkg_installed/vcpkg/blds/range-v3/src/8e09e4d7ec-ac2933c7cd.clean/cmake"
      CMAKE_MSVC_DEBUG_INFORMATION_FORMAT: ""
      CMAKE_MSVC_RUNTIME_LIBRARY: "MultiThreaded$<$<CONFIG:Debug>:Debug>$<$<STREQUAL:dynamic,dynamic>:DLL>"
      VCPKG_CHAINLOAD_TOOLCHAIN_FILE: "C:/Program Files/Microsoft Visual Studio/2022/Community/VC/vcpkg/scripts/toolchains/windows.cmake"
      VCPKG_CRT_LINKAGE: "dynamic"
      VCPKG_CXX_FLAGS: ""
      VCPKG_CXX_FLAGS_DEBUG: ""
      VCPKG_CXX_FLAGS_RELEASE: ""
      VCPKG_C_FLAGS: ""
      VCPKG_C_FLAGS_DEBUG: ""
      VCPKG_C_FLAGS_RELEASE: ""
      VCPKG_INSTALLED_DIR: "C:/Users/bugr2/source/repos/Diplom_CPP/vcpkg_installed"
      VCPKG_LINKER_FLAGS: ""
      VCPKG_LINKER_FLAGS_DEBUG: ""
      VCPKG_LINKER_FLAGS_RELEASE: ""
      VCPKG_PLATFORM_TOOLSET: "v143"
      VCPKG_PREFER_SYSTEM_LIBS: "OFF"
      VCPKG_SET_CHARSET_FLAG: "ON"
      VCPKG_TARGET_ARCHITECTURE: "x64"
      VCPKG_TARGET_TRIPLET: "x64-windows"
      Z_VCPKG_ROOT_DIR: "C:/Program Files/Microsoft Visual Studio/2022/Community/VC/vcpkg"
    buildResult:
      variable: "RANGES_HAS_WX"
      cached: true
      stdout: |
        Change Dir: 'C:/Users/bugr2/source/repos/Diplom_CPP/vcpkg_installed/vcpkg/blds/range-v3/x64-windows-dbg/CMakeFiles/CMakeScratch/TryCompile-h4rkub'
        
        Run Build Command(s): "C:/Program Files/Microsoft Visual Studio/2022/Community/Common7/IDE/CommonExtensions/Microsoft/CMake/Ninja/ninja.exe" -v cmTC_e4100
        [1/2] C:\\PROGRA~1\\MIB055~1\\2022\\COMMUN~1\\VC\\Tools\\MSVC\\1444~1.352\\bin\\Hostx64\\x64\\cl.exe  /nologo /TP -DRANGES_HAS_WX  /nologo /DWIN32 /D_WINDOWS /utf-8 /GR /EHsc /MP   /MDd /Z7 /Ob0 /Od /RTC1    /WX /showIncludes /FoCMakeFiles\\cmTC_e4100.dir\\src.cxx.obj /FdCMakeFiles\\cmTC_e4100.dir\\ /FS -c C:\\Users\\bugr2\\source\\repos\\Diplom_CPP\\vcpkg_installed\\vcpkg\\blds\\range-v3\\x64-windows-dbg\\CMakeFiles\\CMakeScratch\\TryCompile-h4rkub\\src.cxx
        [2/2] C:\\WINDOWS\\system32\\cmd.exe /C "cd . && "C:\\Program Files\\Microsoft Visual Studio\\2022\\Community\\Common7\\IDE\\CommonExtensions\\Microsoft\\CMake\\CMake\\bin\\cmake.exe" -E vs_link_exe --msvc-ver=1944 --intdir=CMakeFiles\\cmTC_e4100.dir --rc=C:\\PROGRA~2\\WI3CF2~1\\10\\bin\\100261~1.0\\x64\\rc.exe --mt=C:\\PROGRA~2\\WI3CF2~1\\10\\bin\\100261~1.0\\x64\\mt.exe --manifests  -- C:\\PROGRA~1\\MIB055~1\\2022\\COMMUN~1\\VC\\Tools\\MSVC\\1444~1.352\\bin\\Hostx64\\x64\\link.exe /nologo CMakeFiles\\cmTC_e4100.dir\\src.cxx.obj  /out:cmTC_e4100.exe /implib:cmTC_e4100.lib /pdb:cmTC_e4100.pdb /version:0.0 /machine:x64  /nologo    /debug /INCREMENTAL /subsystem:console  kernel32.lib user32.lib gdi32.lib winspool.lib shell32.lib ole32.lib oleaut32.lib uuid.lib comdlg32.lib advapi32.lib && cd ."
        
      exitCode: 0
  -
    kind: "try_compile-v1"
    backtrace:
      - "C:/Program Files/Microsoft Visual Studio/2022/Community/Common7/IDE/CommonExtensions/Microsoft/CMake/CMake/share/cmake-3.31/Modules/Internal/CheckSourceCompiles.cmake:108 (try_compile)"
      - "C:/Program Files/Microsoft Visual Studio/2022/Community/Common7/IDE/CommonExtensions/Microsoft/CMake/CMake/share/cmake-3.31/Modules/Internal/CheckCompilerFlag.cmake:18 (cmake_check_source_compiles)"
      - "C:/Program Files/Microsoft Visual Studio/2022/Community/Common7/IDE/CommonExtensions/Microsoft/CMake/CMake/share/cmake-3.31/Modules/CheckCXXCompilerFlag.cmake:55 (cmake_check_compiler_flag)"
      - "cmake/ranges_flags.cmake:16 (check_cxx_compiler_flag)"
      - "cmake/ranges_flags.cmake:119 (ranges_append_flag)"
      - "CMakeLists.txt:25 (include)"
    checks:
      - "Performing Test RANGES_HAS_FDIAGNOSTIC_SHOW_TEMPLATE_TREE"
    directories:
      source: "C:/Users/bugr2/source/repos/Diplom_CPP/vcpkg_installed/vcpkg/blds/range-v3/x64-windows-dbg/CMakeFiles/CMakeScratch/TryCompile-ijwgjc"
      binary: "C:/Users/bugr2/source/repos/Diplom_CPP/vcpkg_installed/vcpkg/blds/range-v3/x64-windows-dbg/CMakeFiles/CMakeScratch/TryCompile-ijwgjc"
    cmakeVariables:
      CMAKE_CXX_FLAGS: " /nologo /DWIN32 /D_WINDOWS /utf-8 /GR /EHsc /MP "
      CMAKE_EXE_LINKER_FLAGS: "/machine:x64"
      CMAKE_MODULE_PATH: "C:/Users/bugr2/source/repos/Diplom_CPP/vcpkg_installed/vcpkg/blds/range-v3/src/8e09e4d7ec-ac2933c7cd.clean/cmake"
      CMAKE_MSVC_DEBUG_INFORMATION_FORMAT: ""
      CMAKE_MSVC_RUNTIME_LIBRARY: "MultiThreaded$<$<CONFIG:Debug>:Debug>$<$<STREQUAL:dynamic,dynamic>:DLL>"
      VCPKG_CHAINLOAD_TOOLCHAIN_FILE: "C:/Program Files/Microsoft Visual Studio/2022/Community/VC/vcpkg/scripts/toolchains/windows.cmake"
      VCPKG_CRT_LINKAGE: "dynamic"
      VCPKG_CXX_FLAGS: ""
      VCPKG_CXX_FLAGS_DEBUG: ""
      VCPKG_CXX_FLAGS_RELEASE: ""
      VCPKG_C_FLAGS: ""
      VCPKG_C_FLAGS_DEBUG: ""
      VCPKG_C_FLAGS_RELEASE: ""
      VCPKG_INSTALLED_DIR: "C:/Users/bugr2/source/repos/Diplom_CPP/vcpkg_installed"
      VCPKG_LINKER_FLAGS: ""
      VCPKG_LINKER_FLAGS_DEBUG: ""
      VCPKG_LINKER_FLAGS_RELEASE: ""
      VCPKG_PLATFORM_TOOLSET: "v143"
      VCPKG_PREFER_SYSTEM_LIBS: "OFF"
      VCPKG_SET_CHARSET_FLAG: "ON"
      VCPKG_TARGET_ARCHITECTURE: "x64"
      VCPKG_TARGET_TRIPLET: "x64-windows"
      Z_VCPKG_ROOT_DIR: "C:/Program Files/Microsoft Visual Studio/2022/Community/VC/vcpkg"
    buildResult:
      variable: "RANGES_HAS_FDIAGNOSTIC_SHOW_TEMPLATE_TREE"
      cached: true
      stdout: |
        Change Dir: 'C:/Users/bugr2/source/repos/Diplom_CPP/vcpkg_installed/vcpkg/blds/range-v3/x64-windows-dbg/CMakeFiles/CMakeScratch/TryCompile-ijwgjc'
        
        Run Build Command(s): "C:/Program Files/Microsoft Visual Studio/2022/Community/Common7/IDE/CommonExtensions/Microsoft/CMake/Ninja/ninja.exe" -v cmTC_ed8a5
        [1/2] C:\\PROGRA~1\\MIB055~1\\2022\\COMMUN~1\\VC\\Tools\\MSVC\\1444~1.352\\bin\\Hostx64\\x64\\cl.exe  /nologo /TP -DRANGES_HAS_FDIAGNOSTIC_SHOW_TEMPLATE_TREE  /nologo /DWIN32 /D_WINDOWS /utf-8 /GR /EHsc /MP   /MDd /Z7 /Ob0 /Od /RTC1    -fdiagnostics-show-template-tree /showIncludes /FoCMakeFiles\\cmTC_ed8a5.dir\\src.cxx.obj /FdCMakeFiles\\cmTC_ed8a5.dir\\ /FS -c C:\\Users\\bugr2\\source\\repos\\Diplom_CPP\\vcpkg_installed\\vcpkg\\blds\\range-v3\\x64-windows-dbg\\CMakeFiles\\CMakeScratch\\TryCompile-ijwgjc\\src.cxx
        cl: командная строка warning D9002: пропуск неизвестного параметра "-fdiagnostics-show-template-tree"
        [2/2] C:\\WINDOWS\\system32\\cmd.exe /C "cd . && "C:\\Program Files\\Microsoft Visual Studio\\2022\\Community\\Common7\\IDE\\CommonExtensions\\Microsoft\\CMake\\CMake\\bin\\cmake.exe" -E vs_link_exe --msvc-ver=1944 --intdir=CMakeFiles\\cmTC_ed8a5.dir --rc=C:\\PROGRA~2\\WI3CF2~1\\10\\bin\\100261~1.0\\x64\\rc.exe --mt=C:\\PROGRA~2\\WI3CF2~1\\10\\bin\\100261~1.0\\x64\\mt.exe --manifests  -- C:\\PROGRA~1\\MIB055~1\\2022\\COMMUN~1\\VC\\Tools\\MSVC\\1444~1.352\\bin\\Hostx64\\x64\\link.exe /nologo CMakeFiles\\cmTC_ed8a5.dir\\src.cxx.obj  /out:cmTC_ed8a5.exe /implib:cmTC_ed8a5.lib /pdb:cmTC_ed8a5.pdb /version:0.0 /machine:x64  /nologo    /debug /INCREMENTAL /subsystem:console  kernel32.lib user32.lib gdi32.lib winspool.lib shell32.lib ole32.lib oleaut32.lib uuid.lib comdlg32.lib advapi32.lib && cd ."
        
      exitCode: 0
  -
    kind: "try_compile-v1"
    backtrace:
      - "C:/Program Files/Microsoft Visual Studio/2022/Community/Common7/IDE/CommonExtensions/Microsoft/CMake/CMake/share/cmake-3.31/Modules/Internal/CheckSourceCompiles.cmake:108 (try_compile)"
      - "C:/Program Files/Microsoft Visual Studio/2022/Community/Common7/IDE/CommonExtensions/Microsoft/CMake/CMake/share/cmake-3.31/Modules/Internal/CheckCompilerFlag.cmake:18 (cmake_check_source_compiles)"
      - "C:/Program Files/Microsoft Visual Studio/2022/Community/Common7/IDE/CommonExtensions/Microsoft/CMake/CMake/share/cmake-3.31/Modules/CheckCXXCompilerFlag.cmake:55 (cmake_check_compiler_flag)"
      - "cmake/ranges_flags.cmake:16 (check_cxx_compiler_flag)"
      - "cmake/ranges_flags.cmake:120 (ranges_append_flag)"
      - "CMakeLists.txt:25 (include)"
    checks:
      - "Performing Test RANGES_HAS_FTEMPLATE_BACKTRACE_LIMIT"
    directories:
      source: "C:/Users/bugr2/source/repos/Diplom_CPP/vcpkg_installed/vcpkg/blds/range-v3/x64-windows-dbg/CMakeFiles/CMakeScratch/TryCompile-2d99f0"
      binary: "C:/Users/bugr2/source/repos/Diplom_CPP/vcpkg_installed/vcpkg/blds/range-v3/x64-windows-dbg/CMakeFiles/CMakeScratch/TryCompile-2d99f0"
    cmakeVariables:
      CMAKE_CXX_FLAGS: " /nologo /DWIN32 /D_WINDOWS /utf-8 /GR /EHsc /MP "
      CMAKE_EXE_LINKER_FLAGS: "/machine:x64"
      CMAKE_MODULE_PATH: "C:/Users/bugr2/source/repos/Diplom_CPP/vcpkg_installed/vcpkg/blds/range-v3/src/8e09e4d7ec-ac2933c7cd.clean/cmake"
      CMAKE_MSVC_DEBUG_INFORMATION_FORMAT: ""
      CMAKE_MSVC_RUNTIME_LIBRARY: "MultiThreaded$<$<CONFIG:Debug>:Debug>$<$<STREQUAL:dynamic,dynamic>:DLL>"
      VCPKG_CHAINLOAD_TOOLCHAIN_FILE: "C:/Program Files/Microsoft Visual Studio/2022/Community/VC/vcpkg/scripts/toolchains/windows.cmake"
      VCPKG_CRT_LINKAGE: "dynamic"
      VCPKG_CXX_FLAGS: ""
      VCPKG_CXX_FLAGS_DEBUG: ""
      VCPKG_CXX_FLAGS_RELEASE: ""
      VCPKG_C_FLAGS: ""
      VCPKG_C_FLAGS_DEBUG: ""
      VCPKG_C_FLAGS_RELEASE: ""
      VCPKG_INSTALLED_DIR: "C:/Users/bugr2/source/repos/Diplom_CPP/vcpkg_installed"
      VCPKG_LINKER_FLAGS: ""
      VCPKG_LINKER_FLAGS_DEBUG: ""
      VCPKG_LINKER_FLAGS_RELEASE: ""
      VCPKG_PLATFORM_TOOLSET: "v143"
      VCPKG_PREFER_SYSTEM_LIBS: "OFF"
      VCPKG_SET_CHARSET_FLAG: "ON"
      VCPKG_TARGET_ARCHITECTURE: "x64"
      VCPKG_TARGET_TRIPLET: "x64-windows"
      Z_VCPKG_ROOT_DIR: "C:/Program Files/Microsoft Visual Studio/2022/Community/VC/vcpkg"
    buildResult:
      variable: "RANGES_HAS_FTEMPLATE_BACKTRACE_LIMIT"
      cached: true
      stdout: |
        Change Dir: 'C:/Users/bugr2/source/repos/Diplom_CPP/vcpkg_installed/vcpkg/blds/range-v3/x64-windows-dbg/CMakeFiles/CMakeScratch/TryCompile-2d99f0'
        
        Run Build Command(s): "C:/Program Files/Microsoft Visual Studio/2022/Community/Common7/IDE/CommonExtensions/Microsoft/CMake/Ninja/ninja.exe" -v cmTC_ceee7
        [1/2] C:\\PROGRA~1\\MIB055~1\\2022\\COMMUN~1\\VC\\Tools\\MSVC\\1444~1.352\\bin\\Hostx64\\x64\\cl.exe  /nologo /TP -DRANGES_HAS_FTEMPLATE_BACKTRACE_LIMIT  /nologo /DWIN32 /D_WINDOWS /utf-8 /GR /EHsc /MP   /MDd /Z7 /Ob0 /Od /RTC1    -ftemplate-backtrace-limit=0 /showIncludes /FoCMakeFiles\\cmTC_ceee7.dir\\src.cxx.obj /FdCMakeFiles\\cmTC_ceee7.dir\\ /FS -c C:\\Users\\bugr2\\source\\repos\\Diplom_CPP\\vcpkg_installed\\vcpkg\\blds\\range-v3\\x64-windows-dbg\\CMakeFiles\\CMakeScratch\\TryCompile-2d99f0\\src.cxx
        cl: командная строка warning D9002: пропуск неизвестного параметра "-ftemplate-backtrace-limit=0"
        [2/2] C:\\WINDOWS\\system32\\cmd.exe /C "cd . && "C:\\Program Files\\Microsoft Visual Studio\\2022\\Community\\Common7\\IDE\\CommonExtensions\\Microsoft\\CMake\\CMake\\bin\\cmake.exe" -E vs_link_exe --msvc-ver=1944 --intdir=CMakeFiles\\cmTC_ceee7.dir --rc=C:\\PROGRA~2\\WI3CF2~1\\10\\bin\\100261~1.0\\x64\\rc.exe --mt=C:\\PROGRA~2\\WI3CF2~1\\10\\bin\\100261~1.0\\x64\\mt.exe --manifests  -- C:\\PROGRA~1\\MIB055~1\\2022\\COMMUN~1\\VC\\Tools\\MSVC\\1444~1.352\\bin\\Hostx64\\x64\\link.exe /nologo CMakeFiles\\cmTC_ceee7.dir\\src.cxx.obj  /out:cmTC_ceee7.exe /implib:cmTC_ceee7.lib /pdb:cmTC_ceee7.pdb /version:0.0 /machine:x64  /nologo    /debug /INCREMENTAL /subsystem:console  kernel32.lib user32.lib gdi32.lib winspool.lib shell32.lib ole32.lib oleaut32.lib uuid.lib comdlg32.lib advapi32.lib && cd ."
        
      exitCode: 0
  -
    kind: "try_compile-v1"
    backtrace:
      - "C:/Program Files/Microsoft Visual Studio/2022/Community/Common7/IDE/CommonExtensions/Microsoft/CMake/CMake/share/cmake-3.31/Modules/Internal/CheckSourceCompiles.cmake:108 (try_compile)"
      - "C:/Program Files/Microsoft Visual Studio/2022/Community/Common7/IDE/CommonExtensions/Microsoft/CMake/CMake/share/cmake-3.31/Modules/Internal/CheckCompilerFlag.cmake:18 (cmake_check_source_compiles)"
      - "C:/Program Files/Microsoft Visual Studio/2022/Community/Common7/IDE/CommonExtensions/Microsoft/CMake/CMake/share/cmake-3.31/Modules/CheckCXXCompilerFlag.cmake:55 (cmake_check_compiler_flag)"
      - "cmake/ranges_flags.cmake:16 (check_cxx_compiler_flag)"
      - "cmake/ranges_flags.cmake:121 (ranges_append_flag)"
      - "CMakeLists.txt:25 (include)"
    checks:
      - "Performing Test RANGES_HAS_FMACRO_BACKTRACE_LIMIT"
    directories:
      source: "C:/Users/bugr2/source/repos/Diplom_CPP/vcpkg_installed/vcpkg/blds/range-v3/x64-windows-dbg/CMakeFiles/CMakeScratch/TryCompile-jk94fw"
      binary: "C:/Users/bugr2/source/repos/Diplom_CPP/vcpkg_installed/vcpkg/blds/range-v3/x64-windows-dbg/CMakeFiles/CMakeScratch/TryCompile-jk94fw"
    cmakeVariables:
      CMAKE_CXX_FLAGS: " /nologo /DWIN32 /D_WINDOWS /utf-8 /GR /EHsc /MP "
      CMAKE_EXE_LINKER_FLAGS: "/machine:x64"
      CMAKE_MODULE_PATH: "C:/Users/bugr2/source/repos/Diplom_CPP/vcpkg_installed/vcpkg/blds/range-v3/src/8e09e4d7ec-ac2933c7cd.clean/cmake"
      CMAKE_MSVC_DEBUG_INFORMATION_FORMAT: ""
      CMAKE_MSVC_RUNTIME_LIBRARY: "MultiThreaded$<$<CONFIG:Debug>:Debug>$<$<STREQUAL:dynamic,dynamic>:DLL>"
      VCPKG_CHAINLOAD_TOOLCHAIN_FILE: "C:/Program Files/Microsoft Visual Studio/2022/Community/VC/vcpkg/scripts/toolchains/windows.cmake"
      VCPKG_CRT_LINKAGE: "dynamic"
      VCPKG_CXX_FLAGS: ""
      VCPKG_CXX_FLAGS_DEBUG: ""
      VCPKG_CXX_FLAGS_RELEASE: ""
      VCPKG_C_FLAGS: ""
      VCPKG_C_FLAGS_DEBUG: ""
      VCPKG_C_FLAGS_RELEASE: ""
      VCPKG_INSTALLED_DIR: "C:/Users/bugr2/source/repos/Diplom_CPP/vcpkg_installed"
      VCPKG_LINKER_FLAGS: ""
      VCPKG_LINKER_FLAGS_DEBUG: ""
      VCPKG_LINKER_FLAGS_RELEASE: ""
      VCPKG_PLATFORM_TOOLSET: "v143"
      VCPKG_PREFER_SYSTEM_LIBS: "OFF"
      VCPKG_SET_CHARSET_FLAG: "ON"
      VCPKG_TARGET_ARCHITECTURE: "x64"
      VCPKG_TARGET_TRIPLET: "x64-windows"
      Z_VCPKG_ROOT_DIR: "C:/Program Files/Microsoft Visual Studio/2022/Community/VC/vcpkg"
    buildResult:
      variable: "RANGES_HAS_FMACRO_BACKTRACE_LIMIT"
      cached: true
      stdout: |
        Change Dir: 'C:/Users/bugr2/source/repos/Diplom_CPP/vcpkg_installed/vcpkg/blds/range-v3/x64-windows-dbg/CMakeFiles/CMakeScratch/TryCompile-jk94fw'
        
        Run Build Command(s): "C:/Program Files/Microsoft Visual Studio/2022/Community/Common7/IDE/CommonExtensions/Microsoft/CMake/Ninja/ninja.exe" -v cmTC_2caad
        [1/2] C:\\PROGRA~1\\MIB055~1\\2022\\COMMUN~1\\VC\\Tools\\MSVC\\1444~1.352\\bin\\Hostx64\\x64\\cl.exe  /nologo /TP -DRANGES_HAS_FMACRO_BACKTRACE_LIMIT  /nologo /DWIN32 /D_WINDOWS /utf-8 /GR /EHsc /MP   /MDd /Z7 /Ob0 /Od /RTC1    -fmacro-backtrace-limit=1 /showIncludes /FoCMakeFiles\\cmTC_2caad.dir\\src.cxx.obj /FdCMakeFiles\\cmTC_2caad.dir\\ /FS -c C:\\Users\\bugr2\\source\\repos\\Diplom_CPP\\vcpkg_installed\\vcpkg\\blds\\range-v3\\x64-windows-dbg\\CMakeFiles\\CMakeScratch\\TryCompile-jk94fw\\src.cxx
        cl: командная строка warning D9002: пропуск неизвестного параметра "-fmacro-backtrace-limit=1"
        [2/2] C:\\WINDOWS\\system32\\cmd.exe /C "cd . && "C:\\Program Files\\Microsoft Visual Studio\\2022\\Community\\Common7\\IDE\\CommonExtensions\\Microsoft\\CMake\\CMake\\bin\\cmake.exe" -E vs_link_exe --msvc-ver=1944 --intdir=CMakeFiles\\cmTC_2caad.dir --rc=C:\\PROGRA~2\\WI3CF2~1\\10\\bin\\100261~1.0\\x64\\rc.exe --mt=C:\\PROGRA~2\\WI3CF2~1\\10\\bin\\100261~1.0\\x64\\mt.exe --manifests  -- C:\\PROGRA~1\\MIB055~1\\2022\\COMMUN~1\\VC\\Tools\\MSVC\\1444~1.352\\bin\\Hostx64\\x64\\link.exe /nologo CMakeFiles\\cmTC_2caad.dir\\src.cxx.obj  /out:cmTC_2caad.exe /implib:cmTC_2caad.lib /pdb:cmTC_2caad.pdb /version:0.0 /machine:x64  /nologo    /debug /INCREMENTAL /subsystem:console  kernel32.lib user32.lib gdi32.lib winspool.lib shell32.lib ole32.lib oleaut32.lib uuid.lib comdlg32.lib advapi32.lib && cd ."
        
      exitCode: 0
  -
    kind: "try_compile-v1"
    backtrace:
      - "C:/Program Files/Microsoft Visual Studio/2022/Community/Common7/IDE/CommonExtensions/Microsoft/CMake/CMake/share/cmake-3.31/Modules/Internal/CheckSourceCompiles.cmake:108 (try_compile)"
      - "C:/Program Files/Microsoft Visual Studio/2022/Community/Common7/IDE/CommonExtensions/Microsoft/CMake/CMake/share/cmake-3.31/Modules/Internal/CheckCompilerFlag.cmake:18 (cmake_check_source_compiles)"
      - "C:/Program Files/Microsoft Visual Studio/2022/Community/Common7/IDE/CommonExtensions/Microsoft/CMake/CMake/share/cmake-3.31/Modules/CheckCXXCompilerFlag.cmake:55 (cmake_check_compiler_flag)"
      - "cmake/ranges_flags.cmake:16 (check_cxx_compiler_flag)"
      - "cmake/ranges_flags.cmake:188 (ranges_append_flag)"
      - "CMakeLists.txt:25 (include)"
    checks:
      - "Performing Test RANGES_HAS_NO_INLINE"
    directories:
      source: "C:/Users/bugr2/source/repos/Diplom_CPP/vcpkg_installed/vcpkg/blds/range-v3/x64-windows-dbg/CMakeFiles/CMakeScratch/TryCompile-rxton1"
      binary: "C:/Users/bugr2/source/repos/Diplom_CPP/vcpkg_installed/vcpkg/blds/range-v3/x64-windows-dbg/CMakeFiles/CMakeScratch/TryCompile-rxton1"
    cmakeVariables:
      CMAKE_CXX_FLAGS: " /nologo /DWIN32 /D_WINDOWS /utf-8 /GR /EHsc /MP "
      CMAKE_EXE_LINKER_FLAGS: "/machine:x64"
      CMAKE_MODULE_PATH: "C:/Users/bugr2/source/repos/Diplom_CPP/vcpkg_installed/vcpkg/blds/range-v3/src/8e09e4d7ec-ac2933c7cd.clean/cmake"
      CMAKE_MSVC_DEBUG_INFORMATION_FORMAT: ""
      CMAKE_MSVC_RUNTIME_LIBRARY: "MultiThreaded$<$<CONFIG:Debug>:Debug>$<$<STREQUAL:dynamic,dynamic>:DLL>"
      VCPKG_CHAINLOAD_TOOLCHAIN_FILE: "C:/Program Files/Microsoft Visual Studio/2022/Community/VC/vcpkg/scripts/toolchains/windows.cmake"
      VCPKG_CRT_LINKAGE: "dynamic"
      VCPKG_CXX_FLAGS: ""
      VCPKG_CXX_FLAGS_DEBUG: ""
      VCPKG_CXX_FLAGS_RELEASE: ""
      VCPKG_C_FLAGS: ""
      VCPKG_C_FLAGS_DEBUG: ""
      VCPKG_C_FLAGS_RELEASE: ""
      VCPKG_INSTALLED_DIR: "C:/Users/bugr2/source/repos/Diplom_CPP/vcpkg_installed"
      VCPKG_LINKER_FLAGS: ""
      VCPKG_LINKER_FLAGS_DEBUG: ""
      VCPKG_LINKER_FLAGS_RELEASE: ""
      VCPKG_PLATFORM_TOOLSET: "v143"
      VCPKG_PREFER_SYSTEM_LIBS: "OFF"
      VCPKG_SET_CHARSET_FLAG: "ON"
      VCPKG_TARGET_ARCHITECTURE: "x64"
      VCPKG_TARGET_TRIPLET: "x64-windows"
      Z_VCPKG_ROOT_DIR: "C:/Program Files/Microsoft Visual Studio/2022/Community/VC/vcpkg"
    buildResult:
      variable: "RANGES_HAS_NO_INLINE"
      cached: true
      stdout: |
        Change Dir: 'C:/Users/bugr2/source/repos/Diplom_CPP/vcpkg_installed/vcpkg/blds/range-v3/x64-windows-dbg/CMakeFiles/CMakeScratch/TryCompile-rxton1'
        
        Run Build Command(s): "C:/Program Files/Microsoft Visual Studio/2022/Community/Common7/IDE/CommonExtensions/Microsoft/CMake/Ninja/ninja.exe" -v cmTC_7cb55
        [1/2] C:\\PROGRA~1\\MIB055~1\\2022\\COMMUN~1\\VC\\Tools\\MSVC\\1444~1.352\\bin\\Hostx64\\x64\\cl.exe  /nologo /TP -DRANGES_HAS_NO_INLINE  /nologo /DWIN32 /D_WINDOWS /utf-8 /GR /EHsc /MP   /MDd /Z7 /Ob0 /Od /RTC1    -fno-inline /showIncludes /FoCMakeFiles\\cmTC_7cb55.dir\\src.cxx.obj /FdCMakeFiles\\cmTC_7cb55.dir\\ /FS -c C:\\Users\\bugr2\\source\\repos\\Diplom_CPP\\vcpkg_installed\\vcpkg\\blds\\range-v3\\x64-windows-dbg\\CMakeFiles\\CMakeScratch\\TryCompile-rxton1\\src.cxx
        cl: командная строка warning D9002: пропуск неизвестного параметра "-fno-inline"
        [2/2] C:\\WINDOWS\\system32\\cmd.exe /C "cd . && "C:\\Program Files\\Microsoft Visual Studio\\2022\\Community\\Common7\\IDE\\CommonExtensions\\Microsoft\\CMake\\CMake\\bin\\cmake.exe" -E vs_link_exe --msvc-ver=1944 --intdir=CMakeFiles\\cmTC_7cb55.dir --rc=C:\\PROGRA~2\\WI3CF2~1\\10\\bin\\100261~1.0\\x64\\rc.exe --mt=C:\\PROGRA~2\\WI3CF2~1\\10\\bin\\100261~1.0\\x64\\mt.exe --manifests  -- C:\\PROGRA~1\\MIB055~1\\2022\\COMMUN~1\\VC\\Tools\\MSVC\\1444~1.352\\bin\\Hostx64\\x64\\link.exe /nologo CMakeFiles\\cmTC_7cb55.dir\\src.cxx.obj  /out:cmTC_7cb55.exe /implib:cmTC_7cb55.lib /pdb:cmTC_7cb55.pdb /version:0.0 /machine:x64  /nologo    /debug /INCREMENTAL /subsystem:console  kernel32.lib user32.lib gdi32.lib winspool.lib shell32.lib ole32.lib oleaut32.lib uuid.lib comdlg32.lib advapi32.lib && cd ."
        
      exitCode: 0
  -
    kind: "try_compile-v1"
    backtrace:
      - "C:/Program Files/Microsoft Visual Studio/2022/Community/Common7/IDE/CommonExtensions/Microsoft/CMake/CMake/share/cmake-3.31/Modules/Internal/CheckSourceCompiles.cmake:108 (try_compile)"
      - "C:/Program Files/Microsoft Visual Studio/2022/Community/Common7/IDE/CommonExtensions/Microsoft/CMake/CMake/share/cmake-3.31/Modules/Internal/CheckCompilerFlag.cmake:18 (cmake_check_source_compiles)"
      - "C:/Program Files/Microsoft Visual Studio/2022/Community/Common7/IDE/CommonExtensions/Microsoft/CMake/CMake/share/cmake-3.31/Modules/CheckCXXCompilerFlag.cmake:55 (cmake_check_compiler_flag)"
      - "cmake/ranges_flags.cmake:16 (check_cxx_compiler_flag)"
      - "cmake/ranges_flags.cmake:189 (ranges_append_flag)"
      - "CMakeLists.txt:25 (include)"
    checks:
      - "Performing Test RANGES_HAS_STACK_PROTECTOR_ALL"
    directories:
      source: "C:/Users/bugr2/source/repos/Diplom_CPP/vcpkg_installed/vcpkg/blds/range-v3/x64-windows-dbg/CMakeFiles/CMakeScratch/TryCompile-xfbfak"
      binary: "C:/Users/bugr2/source/repos/Diplom_CPP/vcpkg_installed/vcpkg/blds/range-v3/x64-windows-dbg/CMakeFiles/CMakeScratch/TryCompile-xfbfak"
    cmakeVariables:
      CMAKE_CXX_FLAGS: " /nologo /DWIN32 /D_WINDOWS /utf-8 /GR /EHsc /MP "
      CMAKE_EXE_LINKER_FLAGS: "/machine:x64"
      CMAKE_MODULE_PATH: "C:/Users/bugr2/source/repos/Diplom_CPP/vcpkg_installed/vcpkg/blds/range-v3/src/8e09e4d7ec-ac2933c7cd.clean/cmake"
      CMAKE_MSVC_DEBUG_INFORMATION_FORMAT: ""
      CMAKE_MSVC_RUNTIME_LIBRARY: "MultiThreaded$<$<CONFIG:Debug>:Debug>$<$<STREQUAL:dynamic,dynamic>:DLL>"
      VCPKG_CHAINLOAD_TOOLCHAIN_FILE: "C:/Program Files/Microsoft Visual Studio/2022/Community/VC/vcpkg/scripts/toolchains/windows.cmake"
      VCPKG_CRT_LINKAGE: "dynamic"
      VCPKG_CXX_FLAGS: ""
      VCPKG_CXX_FLAGS_DEBUG: ""
      VCPKG_CXX_FLAGS_RELEASE: ""
      VCPKG_C_FLAGS: ""
      VCPKG_C_FLAGS_DEBUG: ""
      VCPKG_C_FLAGS_RELEASE: ""
      VCPKG_INSTALLED_DIR: "C:/Users/bugr2/source/repos/Diplom_CPP/vcpkg_installed"
      VCPKG_LINKER_FLAGS: ""
      VCPKG_LINKER_FLAGS_DEBUG: ""
      VCPKG_LINKER_FLAGS_RELEASE: ""
      VCPKG_PLATFORM_TOOLSET: "v143"
      VCPKG_PREFER_SYSTEM_LIBS: "OFF"
      VCPKG_SET_CHARSET_FLAG: "ON"
      VCPKG_TARGET_ARCHITECTURE: "x64"
      VCPKG_TARGET_TRIPLET: "x64-windows"
      Z_VCPKG_ROOT_DIR: "C:/Program Files/Microsoft Visual Studio/2022/Community/VC/vcpkg"
    buildResult:
      variable: "RANGES_HAS_STACK_PROTECTOR_ALL"
      cached: true
      stdout: |
        Change Dir: 'C:/Users/bugr2/source/repos/Diplom_CPP/vcpkg_installed/vcpkg/blds/range-v3/x64-windows-dbg/CMakeFiles/CMakeScratch/TryCompile-xfbfak'
        
        Run Build Command(s): "C:/Program Files/Microsoft Visual Studio/2022/Community/Common7/IDE/CommonExtensions/Microsoft/CMake/Ninja/ninja.exe" -v cmTC_77b7c
        [1/2] C:\\PROGRA~1\\MIB055~1\\2022\\COMMUN~1\\VC\\Tools\\MSVC\\1444~1.352\\bin\\Hostx64\\x64\\cl.exe  /nologo /TP -DRANGES_HAS_STACK_PROTECTOR_ALL  /nologo /DWIN32 /D_WINDOWS /utf-8 /GR /EHsc /MP   /MDd /Z7 /Ob0 /Od /RTC1    -fstack-protector-all /showIncludes /FoCMakeFiles\\cmTC_77b7c.dir\\src.cxx.obj /FdCMakeFiles\\cmTC_77b7c.dir\\ /FS -c C:\\Users\\bugr2\\source\\repos\\Diplom_CPP\\vcpkg_installed\\vcpkg\\blds\\range-v3\\x64-windows-dbg\\CMakeFiles\\CMakeScratch\\TryCompile-xfbfak\\src.cxx
        cl: командная строка warning D9002: пропуск неизвестного параметра "-fstack-protector-all"
        [2/2] C:\\WINDOWS\\system32\\cmd.exe /C "cd . && "C:\\Program Files\\Microsoft Visual Studio\\2022\\Community\\Common7\\IDE\\CommonExtensions\\Microsoft\\CMake\\CMake\\bin\\cmake.exe" -E vs_link_exe --msvc-ver=1944 --intdir=CMakeFiles\\cmTC_77b7c.dir --rc=C:\\PROGRA~2\\WI3CF2~1\\10\\bin\\100261~1.0\\x64\\rc.exe --mt=C:\\PROGRA~2\\WI3CF2~1\\10\\bin\\100261~1.0\\x64\\mt.exe --manifests  -- C:\\PROGRA~1\\MIB055~1\\2022\\COMMUN~1\\VC\\Tools\\MSVC\\1444~1.352\\bin\\Hostx64\\x64\\link.exe /nologo CMakeFiles\\cmTC_77b7c.dir\\src.cxx.obj  /out:cmTC_77b7c.exe /implib:cmTC_77b7c.lib /pdb:cmTC_77b7c.pdb /version:0.0 /machine:x64  /nologo    /debug /INCREMENTAL /subsystem:console  kernel32.lib user32.lib gdi32.lib winspool.lib shell32.lib ole32.lib oleaut32.lib uuid.lib comdlg32.lib advapi32.lib && cd ."
        
      exitCode: 0
  -
    kind: "try_compile-v1"
    backtrace:
      - "C:/Program Files/Microsoft Visual Studio/2022/Community/Common7/IDE/CommonExtensions/Microsoft/CMake/CMake/share/cmake-3.31/Modules/Internal/CheckSourceCompiles.cmake:108 (try_compile)"
      - "C:/Program Files/Microsoft Visual Studio/2022/Community/Common7/IDE/CommonExtensions/Microsoft/CMake/CMake/share/cmake-3.31/Modules/Internal/CheckCompilerFlag.cmake:18 (cmake_check_source_compiles)"
      - "C:/Program Files/Microsoft Visual Studio/2022/Community/Common7/IDE/CommonExtensions/Microsoft/CMake/CMake/share/cmake-3.31/Modules/CheckCXXCompilerFlag.cmake:55 (cmake_check_compiler_flag)"
      - "cmake/ranges_flags.cmake:16 (check_cxx_compiler_flag)"
      - "cmake/ranges_flags.cmake:190 (ranges_append_flag)"
      - "CMakeLists.txt:25 (include)"
    checks:
      - "Performing Test RANGES_HAS_G3"
    directories:
      source: "C:/Users/bugr2/source/repos/Diplom_CPP/vcpkg_installed/vcpkg/blds/range-v3/x64-windows-dbg/CMakeFiles/CMakeScratch/TryCompile-439j44"
      binary: "C:/Users/bugr2/source/repos/Diplom_CPP/vcpkg_installed/vcpkg/blds/range-v3/x64-windows-dbg/CMakeFiles/CMakeScratch/TryCompile-439j44"
    cmakeVariables:
      CMAKE_CXX_FLAGS: " /nologo /DWIN32 /D_WINDOWS /utf-8 /GR /EHsc /MP "
      CMAKE_EXE_LINKER_FLAGS: "/machine:x64"
      CMAKE_MODULE_PATH: "C:/Users/bugr2/source/repos/Diplom_CPP/vcpkg_installed/vcpkg/blds/range-v3/src/8e09e4d7ec-ac2933c7cd.clean/cmake"
      CMAKE_MSVC_DEBUG_INFORMATION_FORMAT: ""
      CMAKE_MSVC_RUNTIME_LIBRARY: "MultiThreaded$<$<CONFIG:Debug>:Debug>$<$<STREQUAL:dynamic,dynamic>:DLL>"
      VCPKG_CHAINLOAD_TOOLCHAIN_FILE: "C:/Program Files/Microsoft Visual Studio/2022/Community/VC/vcpkg/scripts/toolchains/windows.cmake"
      VCPKG_CRT_LINKAGE: "dynamic"
      VCPKG_CXX_FLAGS: ""
      VCPKG_CXX_FLAGS_DEBUG: ""
      VCPKG_CXX_FLAGS_RELEASE: ""
      VCPKG_C_FLAGS: ""
      VCPKG_C_FLAGS_DEBUG: ""
      VCPKG_C_FLAGS_RELEASE: ""
      VCPKG_INSTALLED_DIR: "C:/Users/bugr2/source/repos/Diplom_CPP/vcpkg_installed"
      VCPKG_LINKER_FLAGS: ""
      VCPKG_LINKER_FLAGS_DEBUG: ""
      VCPKG_LINKER_FLAGS_RELEASE: ""
      VCPKG_PLATFORM_TOOLSET: "v143"
      VCPKG_PREFER_SYSTEM_LIBS: "OFF"
      VCPKG_SET_CHARSET_FLAG: "ON"
      VCPKG_TARGET_ARCHITECTURE: "x64"
      VCPKG_TARGET_TRIPLET: "x64-windows"
      Z_VCPKG_ROOT_DIR: "C:/Program Files/Microsoft Visual Studio/2022/Community/VC/vcpkg"
    buildResult:
      variable: "RANGES_HAS_G3"
      cached: true
      stdout: |
        Change Dir: 'C:/Users/bugr2/source/repos/Diplom_CPP/vcpkg_installed/vcpkg/blds/range-v3/x64-windows-dbg/CMakeFiles/CMakeScratch/TryCompile-439j44'
        
        Run Build Command(s): "C:/Program Files/Microsoft Visual Studio/2022/Community/Common7/IDE/CommonExtensions/Microsoft/CMake/Ninja/ninja.exe" -v cmTC_f56a3
        [1/2] C:\\PROGRA~1\\MIB055~1\\2022\\COMMUN~1\\VC\\Tools\\MSVC\\1444~1.352\\bin\\Hostx64\\x64\\cl.exe  /nologo /TP -DRANGES_HAS_G3  /nologo /DWIN32 /D_WINDOWS /utf-8 /GR /EHsc /MP   /MDd /Z7 /Ob0 /Od /RTC1    -g3 /showIncludes /FoCMakeFiles\\cmTC_f56a3.dir\\src.cxx.obj /FdCMakeFiles\\cmTC_f56a3.dir\\ /FS -c C:\\Users\\bugr2\\source\\repos\\Diplom_CPP\\vcpkg_installed\\vcpkg\\blds\\range-v3\\x64-windows-dbg\\CMakeFiles\\CMakeScratch\\TryCompile-439j44\\src.cxx
        cl: командная строка warning D9002: пропуск неизвестного параметра "-g3"
        [2/2] C:\\WINDOWS\\system32\\cmd.exe /C "cd . && "C:\\Program Files\\Microsoft Visual Studio\\2022\\Community\\Common7\\IDE\\CommonExtensions\\Microsoft\\CMake\\CMake\\bin\\cmake.exe" -E vs_link_exe --msvc-ver=1944 --intdir=CMakeFiles\\cmTC_f56a3.dir --rc=C:\\PROGRA~2\\WI3CF2~1\\10\\bin\\100261~1.0\\x64\\rc.exe --mt=C:\\PROGRA~2\\WI3CF2~1\\10\\bin\\100261~1.0\\x64\\mt.exe --manifests  -- C:\\PROGRA~1\\MIB055~1\\2022\\COMMUN~1\\VC\\Tools\\MSVC\\1444~1.352\\bin\\Hostx64\\x64\\link.exe /nologo CMakeFiles\\cmTC_f56a3.dir\\src.cxx.obj  /out:cmTC_f56a3.exe /implib:cmTC_f56a3.lib /pdb:cmTC_f56a3.pdb /version:0.0 /machine:x64  /nologo    /debug /INCREMENTAL /subsystem:console  kernel32.lib user32.lib gdi32.lib winspool.lib shell32.lib ole32.lib oleaut32.lib uuid.lib comdlg32.lib advapi32.lib && cd ."
        
      exitCode: 0
  -
    kind: "try_compile-v1"
    backtrace:
      - "C:/Program Files/Microsoft Visual Studio/2022/Community/Common7/IDE/CommonExtensions/Microsoft/CMake/CMake/share/cmake-3.31/Modules/Internal/CheckSourceCompiles.cmake:108 (try_compile)"
      - "C:/Program Files/Microsoft Visual Studio/2022/Community/Common7/IDE/CommonExtensions/Microsoft/CMake/CMake/share/cmake-3.31/Modules/Internal/CheckCompilerFlag.cmake:18 (cmake_check_source_compiles)"
      - "C:/Program Files/Microsoft Visual Studio/2022/Community/Common7/IDE/CommonExtensions/Microsoft/CMake/CMake/share/cmake-3.31/Modules/CheckCXXCompilerFlag.cmake:55 (cmake_check_compiler_flag)"
      - "cmake/ranges_flags.cmake:16 (check_cxx_compiler_flag)"
      - "cmake/ranges_flags.cmake:235 (ranges_append_flag)"
      - "CMakeLists.txt:25 (include)"
    checks:
      - "Performing Test RANGES_HAS_MARCH_NATIVE"
    directories:
      source: "C:/Users/bugr2/source/repos/Diplom_CPP/vcpkg_installed/vcpkg/blds/range-v3/x64-windows-dbg/CMakeFiles/CMakeScratch/TryCompile-7ihf4t"
      binary: "C:/Users/bugr2/source/repos/Diplom_CPP/vcpkg_installed/vcpkg/blds/range-v3/x64-windows-dbg/CMakeFiles/CMakeScratch/TryCompile-7ihf4t"
    cmakeVariables:
      CMAKE_CXX_FLAGS: " /nologo /DWIN32 /D_WINDOWS /utf-8 /GR /EHsc /MP "
      CMAKE_EXE_LINKER_FLAGS: "/machine:x64"
      CMAKE_MODULE_PATH: "C:/Users/bugr2/source/repos/Diplom_CPP/vcpkg_installed/vcpkg/blds/range-v3/src/8e09e4d7ec-ac2933c7cd.clean/cmake"
      CMAKE_MSVC_DEBUG_INFORMATION_FORMAT: ""
      CMAKE_MSVC_RUNTIME_LIBRARY: "MultiThreaded$<$<CONFIG:Debug>:Debug>$<$<STREQUAL:dynamic,dynamic>:DLL>"
      VCPKG_CHAINLOAD_TOOLCHAIN_FILE: "C:/Program Files/Microsoft Visual Studio/2022/Community/VC/vcpkg/scripts/toolchains/windows.cmake"
      VCPKG_CRT_LINKAGE: "dynamic"
      VCPKG_CXX_FLAGS: ""
      VCPKG_CXX_FLAGS_DEBUG: ""
      VCPKG_CXX_FLAGS_RELEASE: ""
      VCPKG_C_FLAGS: ""
      VCPKG_C_FLAGS_DEBUG: ""
      VCPKG_C_FLAGS_RELEASE: ""
      VCPKG_INSTALLED_DIR: "C:/Users/bugr2/source/repos/Diplom_CPP/vcpkg_installed"
      VCPKG_LINKER_FLAGS: ""
      VCPKG_LINKER_FLAGS_DEBUG: ""
      VCPKG_LINKER_FLAGS_RELEASE: ""
      VCPKG_PLATFORM_TOOLSET: "v143"
      VCPKG_PREFER_SYSTEM_LIBS: "OFF"
      VCPKG_SET_CHARSET_FLAG: "ON"
      VCPKG_TARGET_ARCHITECTURE: "x64"
      VCPKG_TARGET_TRIPLET: "x64-windows"
      Z_VCPKG_ROOT_DIR: "C:/Program Files/Microsoft Visual Studio/2022/Community/VC/vcpkg"
    buildResult:
      variable: "RANGES_HAS_MARCH_NATIVE"
      cached: true
      stdout: |
        Change Dir: 'C:/Users/bugr2/source/repos/Diplom_CPP/vcpkg_installed/vcpkg/blds/range-v3/x64-windows-dbg/CMakeFiles/CMakeScratch/TryCompile-7ihf4t'
        
        Run Build Command(s): "C:/Program Files/Microsoft Visual Studio/2022/Community/Common7/IDE/CommonExtensions/Microsoft/CMake/Ninja/ninja.exe" -v cmTC_b8614
        [1/2] C:\\PROGRA~1\\MIB055~1\\2022\\COMMUN~1\\VC\\Tools\\MSVC\\1444~1.352\\bin\\Hostx64\\x64\\cl.exe  /nologo /TP -DRANGES_HAS_MARCH_NATIVE  /nologo /DWIN32 /D_WINDOWS /utf-8 /GR /EHsc /MP   /MDd /Z7 /Ob0 /Od /RTC1    -march=native /showIncludes /FoCMakeFiles\\cmTC_b8614.dir\\src.cxx.obj /FdCMakeFiles\\cmTC_b8614.dir\\ /FS -c C:\\Users\\bugr2\\source\\repos\\Diplom_CPP\\vcpkg_installed\\vcpkg\\blds\\range-v3\\x64-windows-dbg\\CMakeFiles\\CMakeScratch\\TryCompile-7ihf4t\\src.cxx
        cl: командная строка warning D9002: пропуск неизвестного параметра "-march=native"
        [2/2] C:\\WINDOWS\\system32\\cmd.exe /C "cd . && "C:\\Program Files\\Microsoft Visual Studio\\2022\\Community\\Common7\\IDE\\CommonExtensions\\Microsoft\\CMake\\CMake\\bin\\cmake.exe" -E vs_link_exe --msvc-ver=1944 --intdir=CMakeFiles\\cmTC_b8614.dir --rc=C:\\PROGRA~2\\WI3CF2~1\\10\\bin\\100261~1.0\\x64\\rc.exe --mt=C:\\PROGRA~2\\WI3CF2~1\\10\\bin\\100261~1.0\\x64\\mt.exe --manifests  -- C:\\PROGRA~1\\MIB055~1\\2022\\COMMUN~1\\VC\\Tools\\MSVC\\1444~1.352\\bin\\Hostx64\\x64\\link.exe /nologo CMakeFiles\\cmTC_b8614.dir\\src.cxx.obj  /out:cmTC_b8614.exe /implib:cmTC_b8614.lib /pdb:cmTC_b8614.pdb /version:0.0 /machine:x64  /nologo    /debug /INCREMENTAL /subsystem:console  kernel32.lib user32.lib gdi32.lib winspool.lib shell32.lib ole32.lib oleaut32.lib uuid.lib comdlg32.lib advapi32.lib && cd ."
        
      exitCode: 0
  -
    kind: "try_compile-v1"
    backtrace:
      - "C:/Program Files/Microsoft Visual Studio/2022/Community/Common7/IDE/CommonExtensions/Microsoft/CMake/CMake/share/cmake-3.31/Modules/Internal/CheckSourceCompiles.cmake:108 (try_compile)"
      - "C:/Program Files/Microsoft Visual Studio/2022/Community/Common7/IDE/CommonExtensions/Microsoft/CMake/CMake/share/cmake-3.31/Modules/Internal/CheckCompilerFlag.cmake:18 (cmake_check_source_compiles)"
      - "C:/Program Files/Microsoft Visual Studio/2022/Community/Common7/IDE/CommonExtensions/Microsoft/CMake/CMake/share/cmake-3.31/Modules/CheckCXXCompilerFlag.cmake:55 (cmake_check_compiler_flag)"
      - "cmake/ranges_flags.cmake:16 (check_cxx_compiler_flag)"
      - "cmake/ranges_flags.cmake:236 (ranges_append_flag)"
      - "CMakeLists.txt:25 (include)"
    checks:
      - "Performing Test RANGES_HAS_MTUNE_NATIVE"
    directories:
      source: "C:/Users/bugr2/source/repos/Diplom_CPP/vcpkg_installed/vcpkg/blds/range-v3/x64-windows-dbg/CMakeFiles/CMakeScratch/TryCompile-zts3aj"
      binary: "C:/Users/bugr2/source/repos/Diplom_CPP/vcpkg_installed/vcpkg/blds/range-v3/x64-windows-dbg/CMakeFiles/CMakeScratch/TryCompile-zts3aj"
    cmakeVariables:
      CMAKE_CXX_FLAGS: " /nologo /DWIN32 /D_WINDOWS /utf-8 /GR /EHsc /MP "
      CMAKE_EXE_LINKER_FLAGS: "/machine:x64"
      CMAKE_MODULE_PATH: "C:/Users/bugr2/source/repos/Diplom_CPP/vcpkg_installed/vcpkg/blds/range-v3/src/8e09e4d7ec-ac2933c7cd.clean/cmake"
      CMAKE_MSVC_DEBUG_INFORMATION_FORMAT: ""
      CMAKE_MSVC_RUNTIME_LIBRARY: "MultiThreaded$<$<CONFIG:Debug>:Debug>$<$<STREQUAL:dynamic,dynamic>:DLL>"
      VCPKG_CHAINLOAD_TOOLCHAIN_FILE: "C:/Program Files/Microsoft Visual Studio/2022/Community/VC/vcpkg/scripts/toolchains/windows.cmake"
      VCPKG_CRT_LINKAGE: "dynamic"
      VCPKG_CXX_FLAGS: ""
      VCPKG_CXX_FLAGS_DEBUG: ""
      VCPKG_CXX_FLAGS_RELEASE: ""
      VCPKG_C_FLAGS: ""
      VCPKG_C_FLAGS_DEBUG: ""
      VCPKG_C_FLAGS_RELEASE: ""
      VCPKG_INSTALLED_DIR: "C:/Users/bugr2/source/repos/Diplom_CPP/vcpkg_installed"
      VCPKG_LINKER_FLAGS: ""
      VCPKG_LINKER_FLAGS_DEBUG: ""
      VCPKG_LINKER_FLAGS_RELEASE: ""
      VCPKG_PLATFORM_TOOLSET: "v143"
      VCPKG_PREFER_SYSTEM_LIBS: "OFF"
      VCPKG_SET_CHARSET_FLAG: "ON"
      VCPKG_TARGET_ARCHITECTURE: "x64"
      VCPKG_TARGET_TRIPLET: "x64-windows"
      Z_VCPKG_ROOT_DIR: "C:/Program Files/Microsoft Visual Studio/2022/Community/VC/vcpkg"
    buildResult:
      variable: "RANGES_HAS_MTUNE_NATIVE"
      cached: true
      stdout: |
        Change Dir: 'C:/Users/bugr2/source/repos/Diplom_CPP/vcpkg_installed/vcpkg/blds/range-v3/x64-windows-dbg/CMakeFiles/CMakeScratch/TryCompile-zts3aj'
        
        Run Build Command(s): "C:/Program Files/Microsoft Visual Studio/2022/Community/Common7/IDE/CommonExtensions/Microsoft/CMake/Ninja/ninja.exe" -v cmTC_099bc
        [1/2] C:\\PROGRA~1\\MIB055~1\\2022\\COMMUN~1\\VC\\Tools\\MSVC\\1444~1.352\\bin\\Hostx64\\x64\\cl.exe  /nologo /TP -DRANGES_HAS_MTUNE_NATIVE  /nologo /DWIN32 /D_WINDOWS /utf-8 /GR /EHsc /MP   /MDd /Z7 /Ob0 /Od /RTC1    -mtune=native /showIncludes /FoCMakeFiles\\cmTC_099bc.dir\\src.cxx.obj /FdCMakeFiles\\cmTC_099bc.dir\\ /FS -c C:\\Users\\bugr2\\source\\repos\\Diplom_CPP\\vcpkg_installed\\vcpkg\\blds\\range-v3\\x64-windows-dbg\\CMakeFiles\\CMakeScratch\\TryCompile-zts3aj\\src.cxx
        cl: командная строка warning D9002: пропуск неизвестного параметра "-mtune=native"
        [2/2] C:\\WINDOWS\\system32\\cmd.exe /C "cd . && "C:\\Program Files\\Microsoft Visual Studio\\2022\\Community\\Common7\\IDE\\CommonExtensions\\Microsoft\\CMake\\CMake\\bin\\cmake.exe" -E vs_link_exe --msvc-ver=1944 --intdir=CMakeFiles\\cmTC_099bc.dir --rc=C:\\PROGRA~2\\WI3CF2~1\\10\\bin\\100261~1.0\\x64\\rc.exe --mt=C:\\PROGRA~2\\WI3CF2~1\\10\\bin\\100261~1.0\\x64\\mt.exe --manifests  -- C:\\PROGRA~1\\MIB055~1\\2022\\COMMUN~1\\VC\\Tools\\MSVC\\1444~1.352\\bin\\Hostx64\\x64\\link.exe /nologo CMakeFiles\\cmTC_099bc.dir\\src.cxx.obj  /out:cmTC_099bc.exe /implib:cmTC_099bc.lib /pdb:cmTC_099bc.pdb /version:0.0 /machine:x64  /nologo    /debug /INCREMENTAL /subsystem:console  kernel32.lib user32.lib gdi32.lib winspool.lib shell32.lib ole32.lib oleaut32.lib uuid.lib comdlg32.lib advapi32.lib && cd ."
        
      exitCode: 0
  -
    kind: "try_compile-v1"
    backtrace:
      - "C:/Program Files/Microsoft Visual Studio/2022/Community/Common7/IDE/CommonExtensions/Microsoft/CMake/CMake/share/cmake-3.31/Modules/Internal/CheckSourceCompiles.cmake:108 (try_compile)"
      - "C:/Program Files/Microsoft Visual Studio/2022/Community/Common7/IDE/CommonExtensions/Microsoft/CMake/CMake/share/cmake-3.31/Modules/CheckCXXSourceCompiles.cmake:58 (cmake_check_source_compiles)"
      - "cmake/ranges_flags.cmake:244 (check_cxx_source_compiles)"
      - "CMakeLists.txt:25 (include)"
    checks:
      - "Performing Test RANGE_V3_ALIGNED_NEW_PROBE"
    directories:
      source: "C:/Users/bugr2/source/repos/Diplom_CPP/vcpkg_installed/vcpkg/blds/range-v3/x64-windows-dbg/CMakeFiles/CMakeScratch/TryCompile-ko1exm"
      binary: "C:/Users/bugr2/source/repos/Diplom_CPP/vcpkg_installed/vcpkg/blds/range-v3/x64-windows-dbg/CMakeFiles/CMakeScratch/TryCompile-ko1exm"
    cmakeVariables:
      CMAKE_CXX_FLAGS: " /nologo /DWIN32 /D_WINDOWS /utf-8 /GR /EHsc /MP "
      CMAKE_EXE_LINKER_FLAGS: "/machine:x64"
      CMAKE_MODULE_PATH: "C:/Users/bugr2/source/repos/Diplom_CPP/vcpkg_installed/vcpkg/blds/range-v3/src/8e09e4d7ec-ac2933c7cd.clean/cmake"
      CMAKE_MSVC_DEBUG_INFORMATION_FORMAT: ""
      CMAKE_MSVC_RUNTIME_LIBRARY: "MultiThreaded$<$<CONFIG:Debug>:Debug>$<$<STREQUAL:dynamic,dynamic>:DLL>"
      VCPKG_CHAINLOAD_TOOLCHAIN_FILE: "C:/Program Files/Microsoft Visual Studio/2022/Community/VC/vcpkg/scripts/toolchains/windows.cmake"
      VCPKG_CRT_LINKAGE: "dynamic"
      VCPKG_CXX_FLAGS: ""
      VCPKG_CXX_FLAGS_DEBUG: ""
      VCPKG_CXX_FLAGS_RELEASE: ""
      VCPKG_C_FLAGS: ""
      VCPKG_C_FLAGS_DEBUG: ""
      VCPKG_C_FLAGS_RELEASE: ""
      VCPKG_INSTALLED_DIR: "C:/Users/bugr2/source/repos/Diplom_CPP/vcpkg_installed"
      VCPKG_LINKER_FLAGS: ""
      VCPKG_LINKER_FLAGS_DEBUG: ""
      VCPKG_LINKER_FLAGS_RELEASE: ""
      VCPKG_PLATFORM_TOOLSET: "v143"
      VCPKG_PREFER_SYSTEM_LIBS: "OFF"
      VCPKG_SET_CHARSET_FLAG: "ON"
      VCPKG_TARGET_ARCHITECTURE: "x64"
      VCPKG_TARGET_TRIPLET: "x64-windows"
      Z_VCPKG_ROOT_DIR: "C:/Program Files/Microsoft Visual Studio/2022/Community/VC/vcpkg"
    buildResult:
      variable: "RANGE_V3_ALIGNED_NEW_PROBE"
      cached: true
      stdout: |
        Change Dir: 'C:/Users/bugr2/source/repos/Diplom_CPP/vcpkg_installed/vcpkg/blds/range-v3/x64-windows-dbg/CMakeFiles/CMakeScratch/TryCompile-ko1exm'
        
        Run Build Command(s): "C:/Program Files/Microsoft Visual Studio/2022/Community/Common7/IDE/CommonExtensions/Microsoft/CMake/Ninja/ninja.exe" -v cmTC_4392b
        [1/2] C:\\PROGRA~1\\MIB055~1\\2022\\COMMUN~1\\VC\\Tools\\MSVC\\1444~1.352\\bin\\Hostx64\\x64\\cl.exe  /nologo /TP -DRANGE_V3_ALIGNED_NEW_PROBE  /nologo /DWIN32 /D_WINDOWS /utf-8 /GR /EHsc /MP  /std:c++17 /MDd /Z7 /Ob0 /Od /RTC1 /showIncludes /FoCMakeFiles\\cmTC_4392b.dir\\src.cxx.obj /FdCMakeFiles\\cmTC_4392b.dir\\ /FS -c C:\\Users\\bugr2\\source\\repos\\Diplom_CPP\\vcpkg_installed\\vcpkg\\blds\\range-v3\\x64-windows-dbg\\CMakeFiles\\CMakeScratch\\TryCompile-ko1exm\\src.cxx
        [2/2] C:\\WINDOWS\\system32\\cmd.exe /C "cd . && "C:\\Program Files\\Microsoft Visual Studio\\2022\\Community\\Common7\\IDE\\CommonExtensions\\Microsoft\\CMake\\CMake\\bin\\cmake.exe" -E vs_link_exe --msvc-ver=1944 --intdir=CMakeFiles\\cmTC_4392b.dir --rc=C:\\PROGRA~2\\WI3CF2~1\\10\\bin\\100261~1.0\\x64\\rc.exe --mt=C:\\PROGRA~2\\WI3CF2~1\\10\\bin\\100261~1.0\\x64\\mt.exe --manifests  -- C:\\PROGRA~1\\MIB055~1\\2022\\COMMUN~1\\VC\\Tools\\MSVC\\1444~1.352\\bin\\Hostx64\\x64\\link.exe /nologo CMakeFiles\\cmTC_4392b.dir\\src.cxx.obj  /out:cmTC_4392b.exe /implib:cmTC_4392b.lib /pdb:cmTC_4392b.pdb /version:0.0 /machine:x64  /nologo    /debug /INCREMENTAL /subsystem:console  kernel32.lib user32.lib gdi32.lib winspool.lib shell32.lib ole32.lib oleaut32.lib uuid.lib comdlg32.lib advapi32.lib && cd ."
        
      exitCode: 0
  -
    kind: "try_compile-v1"
    backtrace:
      - "C:/Program Files/Microsoft Visual Studio/2022/Community/Common7/IDE/CommonExtensions/Microsoft/CMake/CMake/share/cmake-3.31/Modules/Internal/CheckSourceCompiles.cmake:108 (try_compile)"
      - "C:/Program Files/Microsoft Visual Studio/2022/Community/Common7/IDE/CommonExtensions/Microsoft/CMake/CMake/share/cmake-3.31/Modules/CheckCXXSourceCompiles.cmake:58 (cmake_check_source_compiles)"
      - "cmake/ranges_flags.cmake:255 (check_cxx_source_compiles)"
      - "CMakeLists.txt:25 (include)"
    checks:
      - "Performing Test RANGES_HAS_AWAIT"
    directories:
      source: "C:/Users/bugr2/source/repos/Diplom_CPP/vcpkg_installed/vcpkg/blds/range-v3/x64-windows-dbg/CMakeFiles/CMakeScratch/TryCompile-dkxec9"
      binary: "C:/Users/bugr2/source/repos/Diplom_CPP/vcpkg_installed/vcpkg/blds/range-v3/x64-windows-dbg/CMakeFiles/CMakeScratch/TryCompile-dkxec9"
    cmakeVariables:
      CMAKE_CXX_FLAGS: " /nologo /DWIN32 /D_WINDOWS /utf-8 /GR /EHsc /MP "
      CMAKE_EXE_LINKER_FLAGS: "/machine:x64"
      CMAKE_MODULE_PATH: "C:/Users/bugr2/source/repos/Diplom_CPP/vcpkg_installed/vcpkg/blds/range-v3/src/8e09e4d7ec-ac2933c7cd.clean/cmake"
      CMAKE_MSVC_DEBUG_INFORMATION_FORMAT: ""
      CMAKE_MSVC_RUNTIME_LIBRARY: "MultiThreaded$<$<CONFIG:Debug>:Debug>$<$<STREQUAL:dynamic,dynamic>:DLL>"
      VCPKG_CHAINLOAD_TOOLCHAIN_FILE: "C:/Program Files/Microsoft Visual Studio/2022/Community/VC/vcpkg/scripts/toolchains/windows.cmake"
      VCPKG_CRT_LINKAGE: "dynamic"
      VCPKG_CXX_FLAGS: ""
      VCPKG_CXX_FLAGS_DEBUG: ""
      VCPKG_CXX_FLAGS_RELEASE: ""
      VCPKG_C_FLAGS: ""
      VCPKG_C_FLAGS_DEBUG: ""
      VCPKG_C_FLAGS_RELEASE: ""
      VCPKG_INSTALLED_DIR: "C:/Users/bugr2/source/repos/Diplom_CPP/vcpkg_installed"
      VCPKG_LINKER_FLAGS: ""
      VCPKG_LINKER_FLAGS_DEBUG: ""
      VCPKG_LINKER_FLAGS_RELEASE: ""
      VCPKG_PLATFORM_TOOLSET: "v143"
      VCPKG_PREFER_SYSTEM_LIBS: "OFF"
      VCPKG_SET_CHARSET_FLAG: "ON"
      VCPKG_TARGET_ARCHITECTURE: "x64"
      VCPKG_TARGET_TRIPLET: "x64-windows"
      Z_VCPKG_ROOT_DIR: "C:/Program Files/Microsoft Visual Studio/2022/Community/VC/vcpkg"
    buildResult:
      variable: "RANGES_HAS_AWAIT"
      cached: true
      stdout: |
        Change Dir: 'C:/Users/bugr2/source/repos/Diplom_CPP/vcpkg_installed/vcpkg/blds/range-v3/x64-windows-dbg/CMakeFiles/CMakeScratch/TryCompile-dkxec9'
        
        Run Build Command(s): "C:/Program Files/Microsoft Visual Studio/2022/Community/Common7/IDE/CommonExtensions/Microsoft/CMake/Ninja/ninja.exe" -v cmTC_047d2
        [1/2] C:\\PROGRA~1\\MIB055~1\\2022\\COMMUN~1\\VC\\Tools\\MSVC\\1444~1.352\\bin\\Hostx64\\x64\\cl.exe  /nologo /TP -DRANGES_HAS_AWAIT  /nologo /DWIN32 /D_WINDOWS /utf-8 /GR /EHsc /MP  /await /MDd /Z7 /Ob0 /Od /RTC1 /showIncludes /FoCMakeFiles\\cmTC_047d2.dir\\src.cxx.obj /FdCMakeFiles\\cmTC_047d2.dir\\ /FS -c C:\\Users\\bugr2\\source\\repos\\Diplom_CPP\\vcpkg_installed\\vcpkg\\blds\\range-v3\\x64-windows-dbg\\CMakeFiles\\CMakeScratch\\TryCompile-dkxec9\\src.cxx
        FAILED: CMakeFiles/cmTC_047d2.dir/src.cxx.obj 
        C:\\PROGRA~1\\MIB055~1\\2022\\COMMUN~1\\VC\\Tools\\MSVC\\1444~1.352\\bin\\Hostx64\\x64\\cl.exe  /nologo /TP -DRANGES_HAS_AWAIT  /nologo /DWIN32 /D_WINDOWS /utf-8 /GR /EHsc /MP  /await /MDd /Z7 /Ob0 /Od /RTC1 /showIncludes /FoCMakeFiles\\cmTC_047d2.dir\\src.cxx.obj /FdCMakeFiles\\cmTC_047d2.dir\\ /FS -c C:\\Users\\bugr2\\source\\repos\\Diplom_CPP\\vcpkg_installed\\vcpkg\\blds\\range-v3\\x64-windows-dbg\\CMakeFiles\\CMakeScratch\\TryCompile-dkxec9\\src.cxx
        C:\\Program Files\\Microsoft Visual Studio\\2022\\Community\\VC\\Tools\\MSVC\\14.44.35207\\include\\coroutine(14): warning STL4039: The contents of <coroutine> are not available with /await. Remove /await or use /await:strict for standard coroutines. Use <experimental/coroutine> for legacy /await support.
        C:\\Users\\bugr2\\source\\repos\\Diplom_CPP\\vcpkg_installed\\vcpkg\\blds\\range-v3\\x64-windows-dbg\\CMakeFiles\\CMakeScratch\\TryCompile-dkxec9\\src.cxx(22): error C2039: "suspend_never": не является членом "std".
        predefined C++ types (compiler internal)(357): note:  см. объявление "std"
        C:\\Users\\bugr2\\source\\repos\\Diplom_CPP\\vcpkg_installed\\vcpkg\\blds\\range-v3\\x64-windows-dbg\\CMakeFiles\\CMakeScratch\\TryCompile-dkxec9\\src.cxx(22): error C3646: initial_suspend: неизвестный спецификатор переопределения
        C:\\Users\\bugr2\\source\\repos\\Diplom_CPP\\vcpkg_installed\\vcpkg\\blds\\range-v3\\x64-windows-dbg\\CMakeFiles\\CMakeScratch\\TryCompile-dkxec9\\src.cxx(22): error C2059: синтаксическая ошибка: (
        C:\\Users\\bugr2\\source\\repos\\Diplom_CPP\\vcpkg_installed\\vcpkg\\blds\\range-v3\\x64-windows-dbg\\CMakeFiles\\CMakeScratch\\TryCompile-dkxec9\\src.cxx(22): error C2334: непредвиденные лексемы перед "{"; пропуск вероятного тела функции
        C:\\Users\\bugr2\\source\\repos\\Diplom_CPP\\vcpkg_installed\\vcpkg\\blds\\range-v3\\x64-windows-dbg\\CMakeFiles\\CMakeScratch\\TryCompile-dkxec9\\src.cxx(23): error C2039: "suspend_never": не является членом "std".
        predefined C++ types (compiler internal)(357): note:  см. объявление "std"
        C:\\Users\\bugr2\\source\\repos\\Diplom_CPP\\vcpkg_installed\\vcpkg\\blds\\range-v3\\x64-windows-dbg\\CMakeFiles\\CMakeScratch\\TryCompile-dkxec9\\src.cxx(23): error C3646: final_suspend: неизвестный спецификатор переопределения
        C:\\Users\\bugr2\\source\\repos\\Diplom_CPP\\vcpkg_installed\\vcpkg\\blds\\range-v3\\x64-windows-dbg\\CMakeFiles\\CMakeScratch\\TryCompile-dkxec9\\src.cxx(23): error C2059: синтаксическая ошибка: (
        C:\\Users\\bugr2\\source\\repos\\Diplom_CPP\\vcpkg_installed\\vcpkg\\blds\\range-v3\\x64-windows-dbg\\CMakeFiles\\CMakeScratch\\TryCompile-dkxec9\\src.cxx(23): error C2334: непредвиденные лексемы перед "{"; пропуск вероятного тела функции
        C:\\Users\\bugr2\\source\\repos\\Diplom_CPP\\vcpkg_installed\\vcpkg\\blds\\range-v3\\x64-windows-dbg\\CMakeFiles\\CMakeScratch\\TryCompile-dkxec9\\src.cxx(31): error C2039: "coroutine_handle": не является членом "std".
        predefined C++ types (compiler internal)(357): note:  см. объявление "std"
        C:\\Users\\bugr2\\source\\repos\\Diplom_CPP\\vcpkg_installed\\vcpkg\\blds\\range-v3\\x64-windows-dbg\\CMakeFiles\\CMakeScratch\\TryCompile-dkxec9\\src.cxx(31): error C2061: синтаксическая ошибка: идентификатор "coroutine_handle"
        C:\\Users\\bugr2\\source\\repos\\Diplom_CPP\\vcpkg_installed\\vcpkg\\blds\\range-v3\\x64-windows-dbg\\CMakeFiles\\CMakeScratch\\TryCompile-dkxec9\\src.cxx(40): error C3774: не удается найти "std::experimental": включите заголовок "<experimental/coroutine>"
        C:\\Users\\bugr2\\source\\repos\\Diplom_CPP\\vcpkg_installed\\vcpkg\\blds\\range-v3\\x64-windows-dbg\\CMakeFiles\\CMakeScratch\\TryCompile-dkxec9\\src.cxx(38): error C3774: не удается найти "std::experimental": включите заголовок "<experimental/coroutine>"
        C:\\Users\\bugr2\\source\\repos\\Diplom_CPP\\vcpkg_installed\\vcpkg\\blds\\range-v3\\x64-windows-dbg\\CMakeFiles\\CMakeScratch\\TryCompile-dkxec9\\src.cxx(40): error C3774: не удается найти "std::experimental": включите заголовок "<experimental/coroutine>"
        C:\\Users\\bugr2\\source\\repos\\Diplom_CPP\\vcpkg_installed\\vcpkg\\blds\\range-v3\\x64-windows-dbg\\CMakeFiles\\CMakeScratch\\TryCompile-dkxec9\\src.cxx(41): error C3774: не удается найти "std::experimental": включите заголовок "<experimental/coroutine>"
        ninja: build stopped: subcommand failed.
        
      exitCode: 1
...
