
---
events:
  -
    kind: "message-v1"
    backtrace:
      - "C:/Program Files/Microsoft Visual Studio/2022/Community/Common7/IDE/CommonExtensions/Microsoft/CMake/CMake/share/cmake-3.31/Modules/CMakeDetermineSystem.cmake:205 (message)"
      - "CMakeLists.txt:17 (project)"
    message: |
      The system is: Windows - 10.0.19045 - AMD64
  -
    kind: "message-v1"
    backtrace:
      - "C:/Program Files/Microsoft Visual Studio/2022/Community/Common7/IDE/CommonExtensions/Microsoft/CMake/CMake/share/cmake-3.31/Modules/CMakeDetermineCompilerId.cmake:17 (message)"
      - "C:/Program Files/Microsoft Visual Studio/2022/Community/Common7/IDE/CommonExtensions/Microsoft/CMake/CMake/share/cmake-3.31/Modules/CMakeDetermineCompilerId.cmake:64 (__determine_compiler_id_test)"
      - "C:/Program Files/Microsoft Visual Studio/2022/Community/Common7/IDE/CommonExtensions/Microsoft/CMake/CMake/share/cmake-3.31/Modules/CMakeDetermineCXXCompiler.cmake:126 (CMAKE_DETERMINE_COMPILER_ID)"
      - "CMakeLists.txt:17 (project)"
    message: |
      Compiling the CXX compiler identification source file "CMakeCXXCompilerId.cpp" succeeded.
      Compiler: C:/Program Files/Microsoft Visual Studio/2022/Community/VC/Tools/MSVC/14.44.35207/bin/Hostx64/x64/cl.exe 
      Build flags: /nologo;/DWIN32;/D_WINDOWS;/utf-8;/GR;/EHsc;/MP
      Id flags:  
      
      The output was:
      0
      CMakeCXXCompilerId.cpp
      
      
      Compilation of the CXX compiler identification source "CMakeCXXCompilerId.cpp" produced "CMakeCXXCompilerId.exe"
      
      Compilation of the CXX compiler identification source "CMakeCXXCompilerId.cpp" produced "CMakeCXXCompilerId.obj"
      
      The CXX compiler identification is MSVC, found in:
        C:/Users/bugr2/source/repos/Diplom_CPP/vcpkg_installed/vcpkg/blds/range-v3/x64-windows-rel/CMakeFiles/3.31.6-msvc6/CompilerIdCXX/CMakeCXXCompilerId.exe
      
  -
    kind: "message-v1"
    backtrace:
      - "C:/Program Files/Microsoft Visual Studio/2022/Community/Common7/IDE/CommonExtensions/Microsoft/CMake/CMake/share/cmake-3.31/Modules/CMakeDetermineCompilerId.cmake:1288 (message)"
      - "C:/Program Files/Microsoft Visual Studio/2022/Community/Common7/IDE/CommonExtensions/Microsoft/CMake/CMake/share/cmake-3.31/Modules/CMakeDetermineCompilerId.cmake:250 (CMAKE_DETERMINE_MSVC_SHOWINCLUDES_PREFIX)"
      - "C:/Program Files/Microsoft Visual Studio/2022/Community/Common7/IDE/CommonExtensions/Microsoft/CMake/CMake/share/cmake-3.31/Modules/CMakeDetermineCXXCompiler.cmake:126 (CMAKE_DETERMINE_COMPILER_ID)"
      - "CMakeLists.txt:17 (project)"
    message: |
      Detecting CXX compiler /showIncludes prefix:
        main.c
        Примечание: включение файла:  C:\\Users\\bugr2\\source\\repos\\Diplom_CPP\\vcpkg_installed\\vcpkg\\blds\\range-v3\\x64-windows-rel\\CMakeFiles\\ShowIncludes\\foo.h
        
      Found prefix "Примечание: включение файла:  "
  -
    kind: "try_compile-v1"
    backtrace:
      - "C:/Program Files/Microsoft Visual Studio/2022/Community/Common7/IDE/CommonExtensions/Microsoft/CMake/CMake/share/cmake-3.31/Modules/CMakeDetermineCompilerABI.cmake:74 (try_compile)"
      - "C:/Program Files/Microsoft Visual Studio/2022/Community/Common7/IDE/CommonExtensions/Microsoft/CMake/CMake/share/cmake-3.31/Modules/CMakeTestCXXCompiler.cmake:26 (CMAKE_DETERMINE_COMPILER_ABI)"
      - "CMakeLists.txt:17 (project)"
    checks:
      - "Detecting CXX compiler ABI info"
    directories:
      source: "C:/Users/bugr2/source/repos/Diplom_CPP/vcpkg_installed/vcpkg/blds/range-v3/x64-windows-rel/CMakeFiles/CMakeScratch/TryCompile-12yweu"
      binary: "C:/Users/bugr2/source/repos/Diplom_CPP/vcpkg_installed/vcpkg/blds/range-v3/x64-windows-rel/CMakeFiles/CMakeScratch/TryCompile-12yweu"
    cmakeVariables:
      CMAKE_CXX_FLAGS: " /nologo /DWIN32 /D_WINDOWS /utf-8 /GR /EHsc /MP "
      CMAKE_CXX_SCAN_FOR_MODULES: "OFF"
      CMAKE_EXE_LINKER_FLAGS: "/machine:x64"
      CMAKE_MSVC_DEBUG_INFORMATION_FORMAT: ""
      CMAKE_MSVC_RUNTIME_LIBRARY: "MultiThreaded$<$<CONFIG:Debug>:Debug>$<$<STREQUAL:dynamic,dynamic>:DLL>"
      VCPKG_CHAINLOAD_TOOLCHAIN_FILE: "C:/Program Files/Microsoft Visual Studio/2022/Community/VC/vcpkg/scripts/toolchains/windows.cmake"
      VCPKG_CRT_LINKAGE: "dynamic"
      VCPKG_CXX_FLAGS: ""
      VCPKG_CXX_FLAGS_DEBUG: ""
      VCPKG_CXX_FLAGS_RELEASE: ""
      VCPKG_C_FLAGS: ""
      VCPKG_C_FLAGS_DEBUG: ""
      VCPKG_C_FLAGS_RELEASE: ""
      VCPKG_INSTALLED_DIR: "C:/Users/bugr2/source/repos/Diplom_CPP/vcpkg_installed"
      VCPKG_LINKER_FLAGS: ""
      VCPKG_LINKER_FLAGS_DEBUG: ""
      VCPKG_LINKER_FLAGS_RELEASE: ""
      VCPKG_PLATFORM_TOOLSET: "v143"
      VCPKG_PREFER_SYSTEM_LIBS: "OFF"
      VCPKG_SET_CHARSET_FLAG: "ON"
      VCPKG_TARGET_ARCHITECTURE: "x64"
      VCPKG_TARGET_TRIPLET: "x64-windows"
      Z_VCPKG_ROOT_DIR: "C:/Program Files/Microsoft Visual Studio/2022/Community/VC/vcpkg"
    buildResult:
      variable: "CMAKE_CXX_ABI_COMPILED"
      cached: true
      stdout: |
        Change Dir: 'C:/Users/bugr2/source/repos/Diplom_CPP/vcpkg_installed/vcpkg/blds/range-v3/x64-windows-rel/CMakeFiles/CMakeScratch/TryCompile-12yweu'
        
        Run Build Command(s): "C:/Program Files/Microsoft Visual Studio/2022/Community/Common7/IDE/CommonExtensions/Microsoft/CMake/Ninja/ninja.exe" -v cmTC_a9564
        [1/2] C:\\PROGRA~1\\MIB055~1\\2022\\COMMUN~1\\VC\\Tools\\MSVC\\1444~1.352\\bin\\Hostx64\\x64\\cl.exe  /nologo /TP   /nologo /DWIN32 /D_WINDOWS /utf-8 /GR /EHsc /MP   /MDd /Z7 /Ob0 /Od /RTC1 /showIncludes /FoCMakeFiles\\cmTC_a9564.dir\\CMakeCXXCompilerABI.cpp.obj /FdCMakeFiles\\cmTC_a9564.dir\\ /FS -c "C:\\Program Files\\Microsoft Visual Studio\\2022\\Community\\Common7\\IDE\\CommonExtensions\\Microsoft\\CMake\\CMake\\share\\cmake-3.31\\Modules\\CMakeCXXCompilerABI.cpp"
        [2/2] C:\\WINDOWS\\system32\\cmd.exe /C "cd . && "C:\\Program Files\\Microsoft Visual Studio\\2022\\Community\\Common7\\IDE\\CommonExtensions\\Microsoft\\CMake\\CMake\\bin\\cmake.exe" -E vs_link_exe --msvc-ver=1944 --intdir=CMakeFiles\\cmTC_a9564.dir --rc=C:\\PROGRA~2\\WI3CF2~1\\10\\bin\\100261~1.0\\x64\\rc.exe --mt=C:\\PROGRA~2\\WI3CF2~1\\10\\bin\\100261~1.0\\x64\\mt.exe --manifests  -- C:\\PROGRA~1\\MIB055~1\\2022\\COMMUN~1\\VC\\Tools\\MSVC\\1444~1.352\\bin\\Hostx64\\x64\\link.exe /nologo CMakeFiles\\cmTC_a9564.dir\\CMakeCXXCompilerABI.cpp.obj  /out:cmTC_a9564.exe /implib:cmTC_a9564.lib /pdb:cmTC_a9564.pdb /version:0.0 /machine:x64  /nologo    /debug /INCREMENTAL /subsystem:console  kernel32.lib user32.lib gdi32.lib winspool.lib shell32.lib ole32.lib oleaut32.lib uuid.lib comdlg32.lib advapi32.lib && cd ."
        
      exitCode: 0
  -
    kind: "message-v1"
    backtrace:
      - "C:/Program Files/Microsoft Visual Studio/2022/Community/Common7/IDE/CommonExtensions/Microsoft/CMake/CMake/share/cmake-3.31/Modules/CMakeDetermineCompilerABI.cmake:218 (message)"
      - "C:/Program Files/Microsoft Visual Studio/2022/Community/Common7/IDE/CommonExtensions/Microsoft/CMake/CMake/share/cmake-3.31/Modules/CMakeTestCXXCompiler.cmake:26 (CMAKE_DETERMINE_COMPILER_ABI)"
      - "CMakeLists.txt:17 (project)"
    message: |
      Parsed CXX implicit link information:
        link line regex: [^( *|.*[/\\])(ld[0-9]*(\\.[a-z]+)?|link\\.exe|lld-link(\\.exe)?|CMAKE_LINK_STARTFILE-NOTFOUND|([^/\\]+-)?ld|collect2)[^/\\]*( |$)]
        linker tool regex: [^[ 	]*(->|")?[ 	]*(([^"]*[/\\])?(ld[0-9]*(\\.[a-z]+)?|link\\.exe|lld-link(\\.exe)?))("|,| |$)]
        linker tool for 'CXX': C:/PROGRA~1/MIB055~1/2022/COMMUN~1/VC/Tools/MSVC/1444~1.352/bin/Hostx64/x64/link.exe
        implicit libs: []
        implicit objs: []
        implicit dirs: []
        implicit fwks: []
      
      
  -
    kind: "message-v1"
    backtrace:
      - "C:/Program Files/Microsoft Visual Studio/2022/Community/Common7/IDE/CommonExtensions/Microsoft/CMake/CMake/share/cmake-3.31/Modules/Internal/CMakeDetermineLinkerId.cmake:40 (message)"
      - "C:/Program Files/Microsoft Visual Studio/2022/Community/Common7/IDE/CommonExtensions/Microsoft/CMake/CMake/share/cmake-3.31/Modules/CMakeDetermineCompilerABI.cmake:255 (cmake_determine_linker_id)"
      - "C:/Program Files/Microsoft Visual Studio/2022/Community/Common7/IDE/CommonExtensions/Microsoft/CMake/CMake/share/cmake-3.31/Modules/CMakeTestCXXCompiler.cmake:26 (CMAKE_DETERMINE_COMPILER_ABI)"
      - "CMakeLists.txt:17 (project)"
    message: |
      Running the CXX compiler's linker: "C:/PROGRA~1/MIB055~1/2022/COMMUN~1/VC/Tools/MSVC/1444~1.352/bin/Hostx64/x64/link.exe" "-v"
      Microsoft (R) Incremental Linker Version 14.44.35211.0
      Copyright (C) Microsoft Corporation.  All rights reserved.
  -
    kind: "try_compile-v1"
    backtrace:
      - "C:/Program Files/Microsoft Visual Studio/2022/Community/Common7/IDE/CommonExtensions/Microsoft/CMake/CMake/share/cmake-3.31/Modules/Internal/CheckSourceCompiles.cmake:108 (try_compile)"
      - "C:/Program Files/Microsoft Visual Studio/2022/Community/Common7/IDE/CommonExtensions/Microsoft/CMake/CMake/share/cmake-3.31/Modules/Internal/CheckCompilerFlag.cmake:18 (cmake_check_source_compiles)"
      - "C:/Program Files/Microsoft Visual Studio/2022/Community/Common7/IDE/CommonExtensions/Microsoft/CMake/CMake/share/cmake-3.31/Modules/CheckCXXCompilerFlag.cmake:55 (cmake_check_compiler_flag)"
      - "cmake/ranges_flags.cmake:16 (check_cxx_compiler_flag)"
      - "cmake/ranges_flags.cmake:74 (ranges_append_flag)"
      - "CMakeLists.txt:25 (include)"
    checks:
      - "Performing Test RANGES_HAS_CXXSTDCOLON"
    directories:
      source: "C:/Users/bugr2/source/repos/Diplom_CPP/vcpkg_installed/vcpkg/blds/range-v3/x64-windows-rel/CMakeFiles/CMakeScratch/TryCompile-0dtan2"
      binary: "C:/Users/bugr2/source/repos/Diplom_CPP/vcpkg_installed/vcpkg/blds/range-v3/x64-windows-rel/CMakeFiles/CMakeScratch/TryCompile-0dtan2"
    cmakeVariables:
      CMAKE_CXX_FLAGS: " /nologo /DWIN32 /D_WINDOWS /utf-8 /GR /EHsc /MP "
      CMAKE_EXE_LINKER_FLAGS: "/machine:x64"
      CMAKE_MODULE_PATH: "C:/Users/bugr2/source/repos/Diplom_CPP/vcpkg_installed/vcpkg/blds/range-v3/src/8e09e4d7ec-ac2933c7cd.clean/cmake"
      CMAKE_MSVC_DEBUG_INFORMATION_FORMAT: ""
      CMAKE_MSVC_RUNTIME_LIBRARY: "MultiThreaded$<$<CONFIG:Debug>:Debug>$<$<STREQUAL:dynamic,dynamic>:DLL>"
      VCPKG_CHAINLOAD_TOOLCHAIN_FILE: "C:/Program Files/Microsoft Visual Studio/2022/Community/VC/vcpkg/scripts/toolchains/windows.cmake"
      VCPKG_CRT_LINKAGE: "dynamic"
      VCPKG_CXX_FLAGS: ""
      VCPKG_CXX_FLAGS_DEBUG: ""
      VCPKG_CXX_FLAGS_RELEASE: ""
      VCPKG_C_FLAGS: ""
      VCPKG_C_FLAGS_DEBUG: ""
      VCPKG_C_FLAGS_RELEASE: ""
      VCPKG_INSTALLED_DIR: "C:/Users/bugr2/source/repos/Diplom_CPP/vcpkg_installed"
      VCPKG_LINKER_FLAGS: ""
      VCPKG_LINKER_FLAGS_DEBUG: ""
      VCPKG_LINKER_FLAGS_RELEASE: ""
      VCPKG_PLATFORM_TOOLSET: "v143"
      VCPKG_PREFER_SYSTEM_LIBS: "OFF"
      VCPKG_SET_CHARSET_FLAG: "ON"
      VCPKG_TARGET_ARCHITECTURE: "x64"
      VCPKG_TARGET_TRIPLET: "x64-windows"
      Z_VCPKG_ROOT_DIR: "C:/Program Files/Microsoft Visual Studio/2022/Community/VC/vcpkg"
    buildResult:
      variable: "RANGES_HAS_CXXSTDCOLON"
      cached: true
      stdout: |
        Change Dir: 'C:/Users/bugr2/source/repos/Diplom_CPP/vcpkg_installed/vcpkg/blds/range-v3/x64-windows-rel/CMakeFiles/CMakeScratch/TryCompile-0dtan2'
        
        Run Build Command(s): "C:/Program Files/Microsoft Visual Studio/2022/Community/Common7/IDE/CommonExtensions/Microsoft/CMake/Ninja/ninja.exe" -v cmTC_39aa4
        [1/2] C:\\PROGRA~1\\MIB055~1\\2022\\COMMUN~1\\VC\\Tools\\MSVC\\1444~1.352\\bin\\Hostx64\\x64\\cl.exe  /nologo /TP -DRANGES_HAS_CXXSTDCOLON  /nologo /DWIN32 /D_WINDOWS /utf-8 /GR /EHsc /MP   /MDd /Z7 /Ob0 /Od /RTC1    /std:c++17 /showIncludes /FoCMakeFiles\\cmTC_39aa4.dir\\src.cxx.obj /FdCMakeFiles\\cmTC_39aa4.dir\\ /FS -c C:\\Users\\bugr2\\source\\repos\\Diplom_CPP\\vcpkg_installed\\vcpkg\\blds\\range-v3\\x64-windows-rel\\CMakeFiles\\CMakeScratch\\TryCompile-0dtan2\\src.cxx
        [2/2] C:\\WINDOWS\\system32\\cmd.exe /C "cd . && "C:\\Program Files\\Microsoft Visual Studio\\2022\\Community\\Common7\\IDE\\CommonExtensions\\Microsoft\\CMake\\CMake\\bin\\cmake.exe" -E vs_link_exe --msvc-ver=1944 --intdir=CMakeFiles\\cmTC_39aa4.dir --rc=C:\\PROGRA~2\\WI3CF2~1\\10\\bin\\100261~1.0\\x64\\rc.exe --mt=C:\\PROGRA~2\\WI3CF2~1\\10\\bin\\100261~1.0\\x64\\mt.exe --manifests  -- C:\\PROGRA~1\\MIB055~1\\2022\\COMMUN~1\\VC\\Tools\\MSVC\\1444~1.352\\bin\\Hostx64\\x64\\link.exe /nologo CMakeFiles\\cmTC_39aa4.dir\\src.cxx.obj  /out:cmTC_39aa4.exe /implib:cmTC_39aa4.lib /pdb:cmTC_39aa4.pdb /version:0.0 /machine:x64  /nologo    /debug /INCREMENTAL /subsystem:console  kernel32.lib user32.lib gdi32.lib winspool.lib shell32.lib ole32.lib oleaut32.lib uuid.lib comdlg32.lib advapi32.lib && cd ."
        
      exitCode: 0
  -
    kind: "try_compile-v1"
    backtrace:
      - "C:/Program Files/Microsoft Visual Studio/2022/Community/Common7/IDE/CommonExtensions/Microsoft/CMake/CMake/share/cmake-3.31/Modules/Internal/CheckSourceCompiles.cmake:108 (try_compile)"
      - "C:/Program Files/Microsoft Visual Studio/2022/Community/Common7/IDE/CommonExtensions/Microsoft/CMake/CMake/share/cmake-3.31/Modules/Internal/CheckCompilerFlag.cmake:18 (cmake_check_source_compiles)"
      - "C:/Program Files/Microsoft Visual Studio/2022/Community/Common7/IDE/CommonExtensions/Microsoft/CMake/CMake/share/cmake-3.31/Modules/CheckCXXCompilerFlag.cmake:55 (cmake_check_compiler_flag)"
      - "cmake/ranges_flags.cmake:16 (check_cxx_compiler_flag)"
      - "cmake/ranges_flags.cmake:83 (ranges_append_flag)"
      - "CMakeLists.txt:25 (include)"
    checks:
      - "Performing Test RANGES_HAS_W3"
    directories:
      source: "C:/Users/bugr2/source/repos/Diplom_CPP/vcpkg_installed/vcpkg/blds/range-v3/x64-windows-rel/CMakeFiles/CMakeScratch/TryCompile-ylxtyv"
      binary: "C:/Users/bugr2/source/repos/Diplom_CPP/vcpkg_installed/vcpkg/blds/range-v3/x64-windows-rel/CMakeFiles/CMakeScratch/TryCompile-ylxtyv"
    cmakeVariables:
      CMAKE_CXX_FLAGS: " /nologo /DWIN32 /D_WINDOWS /utf-8 /GR /EHsc /MP "
      CMAKE_EXE_LINKER_FLAGS: "/machine:x64"
      CMAKE_MODULE_PATH: "C:/Users/bugr2/source/repos/Diplom_CPP/vcpkg_installed/vcpkg/blds/range-v3/src/8e09e4d7ec-ac2933c7cd.clean/cmake"
      CMAKE_MSVC_DEBUG_INFORMATION_FORMAT: ""
      CMAKE_MSVC_RUNTIME_LIBRARY: "MultiThreaded$<$<CONFIG:Debug>:Debug>$<$<STREQUAL:dynamic,dynamic>:DLL>"
      VCPKG_CHAINLOAD_TOOLCHAIN_FILE: "C:/Program Files/Microsoft Visual Studio/2022/Community/VC/vcpkg/scripts/toolchains/windows.cmake"
      VCPKG_CRT_LINKAGE: "dynamic"
      VCPKG_CXX_FLAGS: ""
      VCPKG_CXX_FLAGS_DEBUG: ""
      VCPKG_CXX_FLAGS_RELEASE: ""
      VCPKG_C_FLAGS: ""
      VCPKG_C_FLAGS_DEBUG: ""
      VCPKG_C_FLAGS_RELEASE: ""
      VCPKG_INSTALLED_DIR: "C:/Users/bugr2/source/repos/Diplom_CPP/vcpkg_installed"
      VCPKG_LINKER_FLAGS: ""
      VCPKG_LINKER_FLAGS_DEBUG: ""
      VCPKG_LINKER_FLAGS_RELEASE: ""
      VCPKG_PLATFORM_TOOLSET: "v143"
      VCPKG_PREFER_SYSTEM_LIBS: "OFF"
      VCPKG_SET_CHARSET_FLAG: "ON"
      VCPKG_TARGET_ARCHITECTURE: "x64"
      VCPKG_TARGET_TRIPLET: "x64-windows"
      Z_VCPKG_ROOT_DIR: "C:/Program Files/Microsoft Visual Studio/2022/Community/VC/vcpkg"
    buildResult:
      variable: "RANGES_HAS_W3"
      cached: true
      stdout: |
        Change Dir: 'C:/Users/bugr2/source/repos/Diplom_CPP/vcpkg_installed/vcpkg/blds/range-v3/x64-windows-rel/CMakeFiles/CMakeScratch/TryCompile-ylxtyv'
        
        Run Build Command(s): "C:/Program Files/Microsoft Visual Studio/2022/Community/Common7/IDE/CommonExtensions/Microsoft/CMake/Ninja/ninja.exe" -v cmTC_1876f
        [1/2] C:\\PROGRA~1\\MIB055~1\\2022\\COMMUN~1\\VC\\Tools\\MSVC\\1444~1.352\\bin\\Hostx64\\x64\\cl.exe  /nologo /TP -DRANGES_HAS_W3  /nologo /DWIN32 /D_WINDOWS /utf-8 /GR /EHsc /MP   /MDd /Z7 /Ob0 /Od /RTC1    /W3 /showIncludes /FoCMakeFiles\\cmTC_1876f.dir\\src.cxx.obj /FdCMakeFiles\\cmTC_1876f.dir\\ /FS -c C:\\Users\\bugr2\\source\\repos\\Diplom_CPP\\vcpkg_installed\\vcpkg\\blds\\range-v3\\x64-windows-rel\\CMakeFiles\\CMakeScratch\\TryCompile-ylxtyv\\src.cxx
        [2/2] C:\\WINDOWS\\system32\\cmd.exe /C "cd . && "C:\\Program Files\\Microsoft Visual Studio\\2022\\Community\\Common7\\IDE\\CommonExtensions\\Microsoft\\CMake\\CMake\\bin\\cmake.exe" -E vs_link_exe --msvc-ver=1944 --intdir=CMakeFiles\\cmTC_1876f.dir --rc=C:\\PROGRA~2\\WI3CF2~1\\10\\bin\\100261~1.0\\x64\\rc.exe --mt=C:\\PROGRA~2\\WI3CF2~1\\10\\bin\\100261~1.0\\x64\\mt.exe --manifests  -- C:\\PROGRA~1\\MIB055~1\\2022\\COMMUN~1\\VC\\Tools\\MSVC\\1444~1.352\\bin\\Hostx64\\x64\\link.exe /nologo CMakeFiles\\cmTC_1876f.dir\\src.cxx.obj  /out:cmTC_1876f.exe /implib:cmTC_1876f.lib /pdb:cmTC_1876f.pdb /version:0.0 /machine:x64  /nologo    /debug /INCREMENTAL /subsystem:console  kernel32.lib user32.lib gdi32.lib winspool.lib shell32.lib ole32.lib oleaut32.lib uuid.lib comdlg32.lib advapi32.lib && cd ."
        
      exitCode: 0
  -
    kind: "try_compile-v1"
    backtrace:
      - "C:/Program Files/Microsoft Visual Studio/2022/Community/Common7/IDE/CommonExtensions/Microsoft/CMake/CMake/share/cmake-3.31/Modules/Internal/CheckSourceCompiles.cmake:108 (try_compile)"
      - "C:/Program Files/Microsoft Visual Studio/2022/Community/Common7/IDE/CommonExtensions/Microsoft/CMake/CMake/share/cmake-3.31/Modules/Internal/CheckCompilerFlag.cmake:18 (cmake_check_source_compiles)"
      - "C:/Program Files/Microsoft Visual Studio/2022/Community/Common7/IDE/CommonExtensions/Microsoft/CMake/CMake/share/cmake-3.31/Modules/CheckCXXCompilerFlag.cmake:55 (cmake_check_compiler_flag)"
      - "cmake/ranges_flags.cmake:16 (check_cxx_compiler_flag)"
      - "cmake/ranges_flags.cmake:84 (ranges_append_flag)"
      - "CMakeLists.txt:25 (include)"
    checks:
      - "Performing Test RANGES_HAS_WX"
    directories:
      source: "C:/Users/bugr2/source/repos/Diplom_CPP/vcpkg_installed/vcpkg/blds/range-v3/x64-windows-rel/CMakeFiles/CMakeScratch/TryCompile-ph17ol"
      binary: "C:/Users/bugr2/source/repos/Diplom_CPP/vcpkg_installed/vcpkg/blds/range-v3/x64-windows-rel/CMakeFiles/CMakeScratch/TryCompile-ph17ol"
    cmakeVariables:
      CMAKE_CXX_FLAGS: " /nologo /DWIN32 /D_WINDOWS /utf-8 /GR /EHsc /MP "
      CMAKE_EXE_LINKER_FLAGS: "/machine:x64"
      CMAKE_MODULE_PATH: "C:/Users/bugr2/source/repos/Diplom_CPP/vcpkg_installed/vcpkg/blds/range-v3/src/8e09e4d7ec-ac2933c7cd.clean/cmake"
      CMAKE_MSVC_DEBUG_INFORMATION_FORMAT: ""
      CMAKE_MSVC_RUNTIME_LIBRARY: "MultiThreaded$<$<CONFIG:Debug>:Debug>$<$<STREQUAL:dynamic,dynamic>:DLL>"
      VCPKG_CHAINLOAD_TOOLCHAIN_FILE: "C:/Program Files/Microsoft Visual Studio/2022/Community/VC/vcpkg/scripts/toolchains/windows.cmake"
      VCPKG_CRT_LINKAGE: "dynamic"
      VCPKG_CXX_FLAGS: ""
      VCPKG_CXX_FLAGS_DEBUG: ""
      VCPKG_CXX_FLAGS_RELEASE: ""
      VCPKG_C_FLAGS: ""
      VCPKG_C_FLAGS_DEBUG: ""
      VCPKG_C_FLAGS_RELEASE: ""
      VCPKG_INSTALLED_DIR: "C:/Users/bugr2/source/repos/Diplom_CPP/vcpkg_installed"
      VCPKG_LINKER_FLAGS: ""
      VCPKG_LINKER_FLAGS_DEBUG: ""
      VCPKG_LINKER_FLAGS_RELEASE: ""
      VCPKG_PLATFORM_TOOLSET: "v143"
      VCPKG_PREFER_SYSTEM_LIBS: "OFF"
      VCPKG_SET_CHARSET_FLAG: "ON"
      VCPKG_TARGET_ARCHITECTURE: "x64"
      VCPKG_TARGET_TRIPLET: "x64-windows"
      Z_VCPKG_ROOT_DIR: "C:/Program Files/Microsoft Visual Studio/2022/Community/VC/vcpkg"
    buildResult:
      variable: "RANGES_HAS_WX"
      cached: true
      stdout: |
        Change Dir: 'C:/Users/bugr2/source/repos/Diplom_CPP/vcpkg_installed/vcpkg/blds/range-v3/x64-windows-rel/CMakeFiles/CMakeScratch/TryCompile-ph17ol'
        
        Run Build Command(s): "C:/Program Files/Microsoft Visual Studio/2022/Community/Common7/IDE/CommonExtensions/Microsoft/CMake/Ninja/ninja.exe" -v cmTC_1ae31
        [1/2] C:\\PROGRA~1\\MIB055~1\\2022\\COMMUN~1\\VC\\Tools\\MSVC\\1444~1.352\\bin\\Hostx64\\x64\\cl.exe  /nologo /TP -DRANGES_HAS_WX  /nologo /DWIN32 /D_WINDOWS /utf-8 /GR /EHsc /MP   /MDd /Z7 /Ob0 /Od /RTC1    /WX /showIncludes /FoCMakeFiles\\cmTC_1ae31.dir\\src.cxx.obj /FdCMakeFiles\\cmTC_1ae31.dir\\ /FS -c C:\\Users\\bugr2\\source\\repos\\Diplom_CPP\\vcpkg_installed\\vcpkg\\blds\\range-v3\\x64-windows-rel\\CMakeFiles\\CMakeScratch\\TryCompile-ph17ol\\src.cxx
        [2/2] C:\\WINDOWS\\system32\\cmd.exe /C "cd . && "C:\\Program Files\\Microsoft Visual Studio\\2022\\Community\\Common7\\IDE\\CommonExtensions\\Microsoft\\CMake\\CMake\\bin\\cmake.exe" -E vs_link_exe --msvc-ver=1944 --intdir=CMakeFiles\\cmTC_1ae31.dir --rc=C:\\PROGRA~2\\WI3CF2~1\\10\\bin\\100261~1.0\\x64\\rc.exe --mt=C:\\PROGRA~2\\WI3CF2~1\\10\\bin\\100261~1.0\\x64\\mt.exe --manifests  -- C:\\PROGRA~1\\MIB055~1\\2022\\COMMUN~1\\VC\\Tools\\MSVC\\1444~1.352\\bin\\Hostx64\\x64\\link.exe /nologo CMakeFiles\\cmTC_1ae31.dir\\src.cxx.obj  /out:cmTC_1ae31.exe /implib:cmTC_1ae31.lib /pdb:cmTC_1ae31.pdb /version:0.0 /machine:x64  /nologo    /debug /INCREMENTAL /subsystem:console  kernel32.lib user32.lib gdi32.lib winspool.lib shell32.lib ole32.lib oleaut32.lib uuid.lib comdlg32.lib advapi32.lib && cd ."
        
      exitCode: 0
  -
    kind: "try_compile-v1"
    backtrace:
      - "C:/Program Files/Microsoft Visual Studio/2022/Community/Common7/IDE/CommonExtensions/Microsoft/CMake/CMake/share/cmake-3.31/Modules/Internal/CheckSourceCompiles.cmake:108 (try_compile)"
      - "C:/Program Files/Microsoft Visual Studio/2022/Community/Common7/IDE/CommonExtensions/Microsoft/CMake/CMake/share/cmake-3.31/Modules/Internal/CheckCompilerFlag.cmake:18 (cmake_check_source_compiles)"
      - "C:/Program Files/Microsoft Visual Studio/2022/Community/Common7/IDE/CommonExtensions/Microsoft/CMake/CMake/share/cmake-3.31/Modules/CheckCXXCompilerFlag.cmake:55 (cmake_check_compiler_flag)"
      - "cmake/ranges_flags.cmake:16 (check_cxx_compiler_flag)"
      - "cmake/ranges_flags.cmake:119 (ranges_append_flag)"
      - "CMakeLists.txt:25 (include)"
    checks:
      - "Performing Test RANGES_HAS_FDIAGNOSTIC_SHOW_TEMPLATE_TREE"
    directories:
      source: "C:/Users/bugr2/source/repos/Diplom_CPP/vcpkg_installed/vcpkg/blds/range-v3/x64-windows-rel/CMakeFiles/CMakeScratch/TryCompile-0z0rwc"
      binary: "C:/Users/bugr2/source/repos/Diplom_CPP/vcpkg_installed/vcpkg/blds/range-v3/x64-windows-rel/CMakeFiles/CMakeScratch/TryCompile-0z0rwc"
    cmakeVariables:
      CMAKE_CXX_FLAGS: " /nologo /DWIN32 /D_WINDOWS /utf-8 /GR /EHsc /MP "
      CMAKE_EXE_LINKER_FLAGS: "/machine:x64"
      CMAKE_MODULE_PATH: "C:/Users/bugr2/source/repos/Diplom_CPP/vcpkg_installed/vcpkg/blds/range-v3/src/8e09e4d7ec-ac2933c7cd.clean/cmake"
      CMAKE_MSVC_DEBUG_INFORMATION_FORMAT: ""
      CMAKE_MSVC_RUNTIME_LIBRARY: "MultiThreaded$<$<CONFIG:Debug>:Debug>$<$<STREQUAL:dynamic,dynamic>:DLL>"
      VCPKG_CHAINLOAD_TOOLCHAIN_FILE: "C:/Program Files/Microsoft Visual Studio/2022/Community/VC/vcpkg/scripts/toolchains/windows.cmake"
      VCPKG_CRT_LINKAGE: "dynamic"
      VCPKG_CXX_FLAGS: ""
      VCPKG_CXX_FLAGS_DEBUG: ""
      VCPKG_CXX_FLAGS_RELEASE: ""
      VCPKG_C_FLAGS: ""
      VCPKG_C_FLAGS_DEBUG: ""
      VCPKG_C_FLAGS_RELEASE: ""
      VCPKG_INSTALLED_DIR: "C:/Users/bugr2/source/repos/Diplom_CPP/vcpkg_installed"
      VCPKG_LINKER_FLAGS: ""
      VCPKG_LINKER_FLAGS_DEBUG: ""
      VCPKG_LINKER_FLAGS_RELEASE: ""
      VCPKG_PLATFORM_TOOLSET: "v143"
      VCPKG_PREFER_SYSTEM_LIBS: "OFF"
      VCPKG_SET_CHARSET_FLAG: "ON"
      VCPKG_TARGET_ARCHITECTURE: "x64"
      VCPKG_TARGET_TRIPLET: "x64-windows"
      Z_VCPKG_ROOT_DIR: "C:/Program Files/Microsoft Visual Studio/2022/Community/VC/vcpkg"
    buildResult:
      variable: "RANGES_HAS_FDIAGNOSTIC_SHOW_TEMPLATE_TREE"
      cached: true
      stdout: |
        Change Dir: 'C:/Users/bugr2/source/repos/Diplom_CPP/vcpkg_installed/vcpkg/blds/range-v3/x64-windows-rel/CMakeFiles/CMakeScratch/TryCompile-0z0rwc'
        
        Run Build Command(s): "C:/Program Files/Microsoft Visual Studio/2022/Community/Common7/IDE/CommonExtensions/Microsoft/CMake/Ninja/ninja.exe" -v cmTC_a03bf
        [1/2] C:\\PROGRA~1\\MIB055~1\\2022\\COMMUN~1\\VC\\Tools\\MSVC\\1444~1.352\\bin\\Hostx64\\x64\\cl.exe  /nologo /TP -DRANGES_HAS_FDIAGNOSTIC_SHOW_TEMPLATE_TREE  /nologo /DWIN32 /D_WINDOWS /utf-8 /GR /EHsc /MP   /MDd /Z7 /Ob0 /Od /RTC1    -fdiagnostics-show-template-tree /showIncludes /FoCMakeFiles\\cmTC_a03bf.dir\\src.cxx.obj /FdCMakeFiles\\cmTC_a03bf.dir\\ /FS -c C:\\Users\\bugr2\\source\\repos\\Diplom_CPP\\vcpkg_installed\\vcpkg\\blds\\range-v3\\x64-windows-rel\\CMakeFiles\\CMakeScratch\\TryCompile-0z0rwc\\src.cxx
        cl: командная строка warning D9002: пропуск неизвестного параметра "-fdiagnostics-show-template-tree"
        [2/2] C:\\WINDOWS\\system32\\cmd.exe /C "cd . && "C:\\Program Files\\Microsoft Visual Studio\\2022\\Community\\Common7\\IDE\\CommonExtensions\\Microsoft\\CMake\\CMake\\bin\\cmake.exe" -E vs_link_exe --msvc-ver=1944 --intdir=CMakeFiles\\cmTC_a03bf.dir --rc=C:\\PROGRA~2\\WI3CF2~1\\10\\bin\\100261~1.0\\x64\\rc.exe --mt=C:\\PROGRA~2\\WI3CF2~1\\10\\bin\\100261~1.0\\x64\\mt.exe --manifests  -- C:\\PROGRA~1\\MIB055~1\\2022\\COMMUN~1\\VC\\Tools\\MSVC\\1444~1.352\\bin\\Hostx64\\x64\\link.exe /nologo CMakeFiles\\cmTC_a03bf.dir\\src.cxx.obj  /out:cmTC_a03bf.exe /implib:cmTC_a03bf.lib /pdb:cmTC_a03bf.pdb /version:0.0 /machine:x64  /nologo    /debug /INCREMENTAL /subsystem:console  kernel32.lib user32.lib gdi32.lib winspool.lib shell32.lib ole32.lib oleaut32.lib uuid.lib comdlg32.lib advapi32.lib && cd ."
        
      exitCode: 0
  -
    kind: "try_compile-v1"
    backtrace:
      - "C:/Program Files/Microsoft Visual Studio/2022/Community/Common7/IDE/CommonExtensions/Microsoft/CMake/CMake/share/cmake-3.31/Modules/Internal/CheckSourceCompiles.cmake:108 (try_compile)"
      - "C:/Program Files/Microsoft Visual Studio/2022/Community/Common7/IDE/CommonExtensions/Microsoft/CMake/CMake/share/cmake-3.31/Modules/Internal/CheckCompilerFlag.cmake:18 (cmake_check_source_compiles)"
      - "C:/Program Files/Microsoft Visual Studio/2022/Community/Common7/IDE/CommonExtensions/Microsoft/CMake/CMake/share/cmake-3.31/Modules/CheckCXXCompilerFlag.cmake:55 (cmake_check_compiler_flag)"
      - "cmake/ranges_flags.cmake:16 (check_cxx_compiler_flag)"
      - "cmake/ranges_flags.cmake:120 (ranges_append_flag)"
      - "CMakeLists.txt:25 (include)"
    checks:
      - "Performing Test RANGES_HAS_FTEMPLATE_BACKTRACE_LIMIT"
    directories:
      source: "C:/Users/bugr2/source/repos/Diplom_CPP/vcpkg_installed/vcpkg/blds/range-v3/x64-windows-rel/CMakeFiles/CMakeScratch/TryCompile-dv15n9"
      binary: "C:/Users/bugr2/source/repos/Diplom_CPP/vcpkg_installed/vcpkg/blds/range-v3/x64-windows-rel/CMakeFiles/CMakeScratch/TryCompile-dv15n9"
    cmakeVariables:
      CMAKE_CXX_FLAGS: " /nologo /DWIN32 /D_WINDOWS /utf-8 /GR /EHsc /MP "
      CMAKE_EXE_LINKER_FLAGS: "/machine:x64"
      CMAKE_MODULE_PATH: "C:/Users/bugr2/source/repos/Diplom_CPP/vcpkg_installed/vcpkg/blds/range-v3/src/8e09e4d7ec-ac2933c7cd.clean/cmake"
      CMAKE_MSVC_DEBUG_INFORMATION_FORMAT: ""
      CMAKE_MSVC_RUNTIME_LIBRARY: "MultiThreaded$<$<CONFIG:Debug>:Debug>$<$<STREQUAL:dynamic,dynamic>:DLL>"
      VCPKG_CHAINLOAD_TOOLCHAIN_FILE: "C:/Program Files/Microsoft Visual Studio/2022/Community/VC/vcpkg/scripts/toolchains/windows.cmake"
      VCPKG_CRT_LINKAGE: "dynamic"
      VCPKG_CXX_FLAGS: ""
      VCPKG_CXX_FLAGS_DEBUG: ""
      VCPKG_CXX_FLAGS_RELEASE: ""
      VCPKG_C_FLAGS: ""
      VCPKG_C_FLAGS_DEBUG: ""
      VCPKG_C_FLAGS_RELEASE: ""
      VCPKG_INSTALLED_DIR: "C:/Users/bugr2/source/repos/Diplom_CPP/vcpkg_installed"
      VCPKG_LINKER_FLAGS: ""
      VCPKG_LINKER_FLAGS_DEBUG: ""
      VCPKG_LINKER_FLAGS_RELEASE: ""
      VCPKG_PLATFORM_TOOLSET: "v143"
      VCPKG_PREFER_SYSTEM_LIBS: "OFF"
      VCPKG_SET_CHARSET_FLAG: "ON"
      VCPKG_TARGET_ARCHITECTURE: "x64"
      VCPKG_TARGET_TRIPLET: "x64-windows"
      Z_VCPKG_ROOT_DIR: "C:/Program Files/Microsoft Visual Studio/2022/Community/VC/vcpkg"
    buildResult:
      variable: "RANGES_HAS_FTEMPLATE_BACKTRACE_LIMIT"
      cached: true
      stdout: |
        Change Dir: 'C:/Users/bugr2/source/repos/Diplom_CPP/vcpkg_installed/vcpkg/blds/range-v3/x64-windows-rel/CMakeFiles/CMakeScratch/TryCompile-dv15n9'
        
        Run Build Command(s): "C:/Program Files/Microsoft Visual Studio/2022/Community/Common7/IDE/CommonExtensions/Microsoft/CMake/Ninja/ninja.exe" -v cmTC_a4ac4
        [1/2] C:\\PROGRA~1\\MIB055~1\\2022\\COMMUN~1\\VC\\Tools\\MSVC\\1444~1.352\\bin\\Hostx64\\x64\\cl.exe  /nologo /TP -DRANGES_HAS_FTEMPLATE_BACKTRACE_LIMIT  /nologo /DWIN32 /D_WINDOWS /utf-8 /GR /EHsc /MP   /MDd /Z7 /Ob0 /Od /RTC1    -ftemplate-backtrace-limit=0 /showIncludes /FoCMakeFiles\\cmTC_a4ac4.dir\\src.cxx.obj /FdCMakeFiles\\cmTC_a4ac4.dir\\ /FS -c C:\\Users\\bugr2\\source\\repos\\Diplom_CPP\\vcpkg_installed\\vcpkg\\blds\\range-v3\\x64-windows-rel\\CMakeFiles\\CMakeScratch\\TryCompile-dv15n9\\src.cxx
        cl: командная строка warning D9002: пропуск неизвестного параметра "-ftemplate-backtrace-limit=0"
        [2/2] C:\\WINDOWS\\system32\\cmd.exe /C "cd . && "C:\\Program Files\\Microsoft Visual Studio\\2022\\Community\\Common7\\IDE\\CommonExtensions\\Microsoft\\CMake\\CMake\\bin\\cmake.exe" -E vs_link_exe --msvc-ver=1944 --intdir=CMakeFiles\\cmTC_a4ac4.dir --rc=C:\\PROGRA~2\\WI3CF2~1\\10\\bin\\100261~1.0\\x64\\rc.exe --mt=C:\\PROGRA~2\\WI3CF2~1\\10\\bin\\100261~1.0\\x64\\mt.exe --manifests  -- C:\\PROGRA~1\\MIB055~1\\2022\\COMMUN~1\\VC\\Tools\\MSVC\\1444~1.352\\bin\\Hostx64\\x64\\link.exe /nologo CMakeFiles\\cmTC_a4ac4.dir\\src.cxx.obj  /out:cmTC_a4ac4.exe /implib:cmTC_a4ac4.lib /pdb:cmTC_a4ac4.pdb /version:0.0 /machine:x64  /nologo    /debug /INCREMENTAL /subsystem:console  kernel32.lib user32.lib gdi32.lib winspool.lib shell32.lib ole32.lib oleaut32.lib uuid.lib comdlg32.lib advapi32.lib && cd ."
        
      exitCode: 0
  -
    kind: "try_compile-v1"
    backtrace:
      - "C:/Program Files/Microsoft Visual Studio/2022/Community/Common7/IDE/CommonExtensions/Microsoft/CMake/CMake/share/cmake-3.31/Modules/Internal/CheckSourceCompiles.cmake:108 (try_compile)"
      - "C:/Program Files/Microsoft Visual Studio/2022/Community/Common7/IDE/CommonExtensions/Microsoft/CMake/CMake/share/cmake-3.31/Modules/Internal/CheckCompilerFlag.cmake:18 (cmake_check_source_compiles)"
      - "C:/Program Files/Microsoft Visual Studio/2022/Community/Common7/IDE/CommonExtensions/Microsoft/CMake/CMake/share/cmake-3.31/Modules/CheckCXXCompilerFlag.cmake:55 (cmake_check_compiler_flag)"
      - "cmake/ranges_flags.cmake:16 (check_cxx_compiler_flag)"
      - "cmake/ranges_flags.cmake:121 (ranges_append_flag)"
      - "CMakeLists.txt:25 (include)"
    checks:
      - "Performing Test RANGES_HAS_FMACRO_BACKTRACE_LIMIT"
    directories:
      source: "C:/Users/bugr2/source/repos/Diplom_CPP/vcpkg_installed/vcpkg/blds/range-v3/x64-windows-rel/CMakeFiles/CMakeScratch/TryCompile-5cautn"
      binary: "C:/Users/bugr2/source/repos/Diplom_CPP/vcpkg_installed/vcpkg/blds/range-v3/x64-windows-rel/CMakeFiles/CMakeScratch/TryCompile-5cautn"
    cmakeVariables:
      CMAKE_CXX_FLAGS: " /nologo /DWIN32 /D_WINDOWS /utf-8 /GR /EHsc /MP "
      CMAKE_EXE_LINKER_FLAGS: "/machine:x64"
      CMAKE_MODULE_PATH: "C:/Users/bugr2/source/repos/Diplom_CPP/vcpkg_installed/vcpkg/blds/range-v3/src/8e09e4d7ec-ac2933c7cd.clean/cmake"
      CMAKE_MSVC_DEBUG_INFORMATION_FORMAT: ""
      CMAKE_MSVC_RUNTIME_LIBRARY: "MultiThreaded$<$<CONFIG:Debug>:Debug>$<$<STREQUAL:dynamic,dynamic>:DLL>"
      VCPKG_CHAINLOAD_TOOLCHAIN_FILE: "C:/Program Files/Microsoft Visual Studio/2022/Community/VC/vcpkg/scripts/toolchains/windows.cmake"
      VCPKG_CRT_LINKAGE: "dynamic"
      VCPKG_CXX_FLAGS: ""
      VCPKG_CXX_FLAGS_DEBUG: ""
      VCPKG_CXX_FLAGS_RELEASE: ""
      VCPKG_C_FLAGS: ""
      VCPKG_C_FLAGS_DEBUG: ""
      VCPKG_C_FLAGS_RELEASE: ""
      VCPKG_INSTALLED_DIR: "C:/Users/bugr2/source/repos/Diplom_CPP/vcpkg_installed"
      VCPKG_LINKER_FLAGS: ""
      VCPKG_LINKER_FLAGS_DEBUG: ""
      VCPKG_LINKER_FLAGS_RELEASE: ""
      VCPKG_PLATFORM_TOOLSET: "v143"
      VCPKG_PREFER_SYSTEM_LIBS: "OFF"
      VCPKG_SET_CHARSET_FLAG: "ON"
      VCPKG_TARGET_ARCHITECTURE: "x64"
      VCPKG_TARGET_TRIPLET: "x64-windows"
      Z_VCPKG_ROOT_DIR: "C:/Program Files/Microsoft Visual Studio/2022/Community/VC/vcpkg"
    buildResult:
      variable: "RANGES_HAS_FMACRO_BACKTRACE_LIMIT"
      cached: true
      stdout: |
        Change Dir: 'C:/Users/bugr2/source/repos/Diplom_CPP/vcpkg_installed/vcpkg/blds/range-v3/x64-windows-rel/CMakeFiles/CMakeScratch/TryCompile-5cautn'
        
        Run Build Command(s): "C:/Program Files/Microsoft Visual Studio/2022/Community/Common7/IDE/CommonExtensions/Microsoft/CMake/Ninja/ninja.exe" -v cmTC_f0b10
        [1/2] C:\\PROGRA~1\\MIB055~1\\2022\\COMMUN~1\\VC\\Tools\\MSVC\\1444~1.352\\bin\\Hostx64\\x64\\cl.exe  /nologo /TP -DRANGES_HAS_FMACRO_BACKTRACE_LIMIT  /nologo /DWIN32 /D_WINDOWS /utf-8 /GR /EHsc /MP   /MDd /Z7 /Ob0 /Od /RTC1    -fmacro-backtrace-limit=1 /showIncludes /FoCMakeFiles\\cmTC_f0b10.dir\\src.cxx.obj /FdCMakeFiles\\cmTC_f0b10.dir\\ /FS -c C:\\Users\\bugr2\\source\\repos\\Diplom_CPP\\vcpkg_installed\\vcpkg\\blds\\range-v3\\x64-windows-rel\\CMakeFiles\\CMakeScratch\\TryCompile-5cautn\\src.cxx
        cl: командная строка warning D9002: пропуск неизвестного параметра "-fmacro-backtrace-limit=1"
        [2/2] C:\\WINDOWS\\system32\\cmd.exe /C "cd . && "C:\\Program Files\\Microsoft Visual Studio\\2022\\Community\\Common7\\IDE\\CommonExtensions\\Microsoft\\CMake\\CMake\\bin\\cmake.exe" -E vs_link_exe --msvc-ver=1944 --intdir=CMakeFiles\\cmTC_f0b10.dir --rc=C:\\PROGRA~2\\WI3CF2~1\\10\\bin\\100261~1.0\\x64\\rc.exe --mt=C:\\PROGRA~2\\WI3CF2~1\\10\\bin\\100261~1.0\\x64\\mt.exe --manifests  -- C:\\PROGRA~1\\MIB055~1\\2022\\COMMUN~1\\VC\\Tools\\MSVC\\1444~1.352\\bin\\Hostx64\\x64\\link.exe /nologo CMakeFiles\\cmTC_f0b10.dir\\src.cxx.obj  /out:cmTC_f0b10.exe /implib:cmTC_f0b10.lib /pdb:cmTC_f0b10.pdb /version:0.0 /machine:x64  /nologo    /debug /INCREMENTAL /subsystem:console  kernel32.lib user32.lib gdi32.lib winspool.lib shell32.lib ole32.lib oleaut32.lib uuid.lib comdlg32.lib advapi32.lib && cd ."
        
      exitCode: 0
  -
    kind: "try_compile-v1"
    backtrace:
      - "C:/Program Files/Microsoft Visual Studio/2022/Community/Common7/IDE/CommonExtensions/Microsoft/CMake/CMake/share/cmake-3.31/Modules/Internal/CheckSourceCompiles.cmake:108 (try_compile)"
      - "C:/Program Files/Microsoft Visual Studio/2022/Community/Common7/IDE/CommonExtensions/Microsoft/CMake/CMake/share/cmake-3.31/Modules/Internal/CheckCompilerFlag.cmake:18 (cmake_check_source_compiles)"
      - "C:/Program Files/Microsoft Visual Studio/2022/Community/Common7/IDE/CommonExtensions/Microsoft/CMake/CMake/share/cmake-3.31/Modules/CheckCXXCompilerFlag.cmake:55 (cmake_check_compiler_flag)"
      - "cmake/ranges_flags.cmake:16 (check_cxx_compiler_flag)"
      - "cmake/ranges_flags.cmake:208 (ranges_append_flag)"
      - "CMakeLists.txt:25 (include)"
    checks:
      - "Performing Test RANGES_HAS_OMIT_FRAME_POINTER"
    directories:
      source: "C:/Users/bugr2/source/repos/Diplom_CPP/vcpkg_installed/vcpkg/blds/range-v3/x64-windows-rel/CMakeFiles/CMakeScratch/TryCompile-dayl8q"
      binary: "C:/Users/bugr2/source/repos/Diplom_CPP/vcpkg_installed/vcpkg/blds/range-v3/x64-windows-rel/CMakeFiles/CMakeScratch/TryCompile-dayl8q"
    cmakeVariables:
      CMAKE_CXX_FLAGS: " /nologo /DWIN32 /D_WINDOWS /utf-8 /GR /EHsc /MP "
      CMAKE_EXE_LINKER_FLAGS: "/machine:x64"
      CMAKE_MODULE_PATH: "C:/Users/bugr2/source/repos/Diplom_CPP/vcpkg_installed/vcpkg/blds/range-v3/src/8e09e4d7ec-ac2933c7cd.clean/cmake"
      CMAKE_MSVC_DEBUG_INFORMATION_FORMAT: ""
      CMAKE_MSVC_RUNTIME_LIBRARY: "MultiThreaded$<$<CONFIG:Debug>:Debug>$<$<STREQUAL:dynamic,dynamic>:DLL>"
      VCPKG_CHAINLOAD_TOOLCHAIN_FILE: "C:/Program Files/Microsoft Visual Studio/2022/Community/VC/vcpkg/scripts/toolchains/windows.cmake"
      VCPKG_CRT_LINKAGE: "dynamic"
      VCPKG_CXX_FLAGS: ""
      VCPKG_CXX_FLAGS_DEBUG: ""
      VCPKG_CXX_FLAGS_RELEASE: ""
      VCPKG_C_FLAGS: ""
      VCPKG_C_FLAGS_DEBUG: ""
      VCPKG_C_FLAGS_RELEASE: ""
      VCPKG_INSTALLED_DIR: "C:/Users/bugr2/source/repos/Diplom_CPP/vcpkg_installed"
      VCPKG_LINKER_FLAGS: ""
      VCPKG_LINKER_FLAGS_DEBUG: ""
      VCPKG_LINKER_FLAGS_RELEASE: ""
      VCPKG_PLATFORM_TOOLSET: "v143"
      VCPKG_PREFER_SYSTEM_LIBS: "OFF"
      VCPKG_SET_CHARSET_FLAG: "ON"
      VCPKG_TARGET_ARCHITECTURE: "x64"
      VCPKG_TARGET_TRIPLET: "x64-windows"
      Z_VCPKG_ROOT_DIR: "C:/Program Files/Microsoft Visual Studio/2022/Community/VC/vcpkg"
    buildResult:
      variable: "RANGES_HAS_OMIT_FRAME_POINTER"
      cached: true
      stdout: |
        Change Dir: 'C:/Users/bugr2/source/repos/Diplom_CPP/vcpkg_installed/vcpkg/blds/range-v3/x64-windows-rel/CMakeFiles/CMakeScratch/TryCompile-dayl8q'
        
        Run Build Command(s): "C:/Program Files/Microsoft Visual Studio/2022/Community/Common7/IDE/CommonExtensions/Microsoft/CMake/Ninja/ninja.exe" -v cmTC_a59df
        [1/2] C:\\PROGRA~1\\MIB055~1\\2022\\COMMUN~1\\VC\\Tools\\MSVC\\1444~1.352\\bin\\Hostx64\\x64\\cl.exe  /nologo /TP -DRANGES_HAS_OMIT_FRAME_POINTER  /nologo /DWIN32 /D_WINDOWS /utf-8 /GR /EHsc /MP   /MDd /Z7 /Ob0 /Od /RTC1    -fomit-frame-pointer /showIncludes /FoCMakeFiles\\cmTC_a59df.dir\\src.cxx.obj /FdCMakeFiles\\cmTC_a59df.dir\\ /FS -c C:\\Users\\bugr2\\source\\repos\\Diplom_CPP\\vcpkg_installed\\vcpkg\\blds\\range-v3\\x64-windows-rel\\CMakeFiles\\CMakeScratch\\TryCompile-dayl8q\\src.cxx
        cl: командная строка warning D9002: пропуск неизвестного параметра "-fomit-frame-pointer"
        [2/2] C:\\WINDOWS\\system32\\cmd.exe /C "cd . && "C:\\Program Files\\Microsoft Visual Studio\\2022\\Community\\Common7\\IDE\\CommonExtensions\\Microsoft\\CMake\\CMake\\bin\\cmake.exe" -E vs_link_exe --msvc-ver=1944 --intdir=CMakeFiles\\cmTC_a59df.dir --rc=C:\\PROGRA~2\\WI3CF2~1\\10\\bin\\100261~1.0\\x64\\rc.exe --mt=C:\\PROGRA~2\\WI3CF2~1\\10\\bin\\100261~1.0\\x64\\mt.exe --manifests  -- C:\\PROGRA~1\\MIB055~1\\2022\\COMMUN~1\\VC\\Tools\\MSVC\\1444~1.352\\bin\\Hostx64\\x64\\link.exe /nologo CMakeFiles\\cmTC_a59df.dir\\src.cxx.obj  /out:cmTC_a59df.exe /implib:cmTC_a59df.lib /pdb:cmTC_a59df.pdb /version:0.0 /machine:x64  /nologo    /debug /INCREMENTAL /subsystem:console  kernel32.lib user32.lib gdi32.lib winspool.lib shell32.lib ole32.lib oleaut32.lib uuid.lib comdlg32.lib advapi32.lib && cd ."
        
      exitCode: 0
  -
    kind: "try_compile-v1"
    backtrace:
      - "C:/Program Files/Microsoft Visual Studio/2022/Community/Common7/IDE/CommonExtensions/Microsoft/CMake/CMake/share/cmake-3.31/Modules/Internal/CheckSourceCompiles.cmake:108 (try_compile)"
      - "C:/Program Files/Microsoft Visual Studio/2022/Community/Common7/IDE/CommonExtensions/Microsoft/CMake/CMake/share/cmake-3.31/Modules/Internal/CheckCompilerFlag.cmake:18 (cmake_check_source_compiles)"
      - "C:/Program Files/Microsoft Visual Studio/2022/Community/Common7/IDE/CommonExtensions/Microsoft/CMake/CMake/share/cmake-3.31/Modules/CheckCXXCompilerFlag.cmake:55 (cmake_check_compiler_flag)"
      - "cmake/ranges_flags.cmake:16 (check_cxx_compiler_flag)"
      - "cmake/ranges_flags.cmake:211 (ranges_append_flag)"
      - "CMakeLists.txt:25 (include)"
    checks:
      - "Performing Test RANGES_HAS_OFAST"
    directories:
      source: "C:/Users/bugr2/source/repos/Diplom_CPP/vcpkg_installed/vcpkg/blds/range-v3/x64-windows-rel/CMakeFiles/CMakeScratch/TryCompile-520xfi"
      binary: "C:/Users/bugr2/source/repos/Diplom_CPP/vcpkg_installed/vcpkg/blds/range-v3/x64-windows-rel/CMakeFiles/CMakeScratch/TryCompile-520xfi"
    cmakeVariables:
      CMAKE_CXX_FLAGS: " /nologo /DWIN32 /D_WINDOWS /utf-8 /GR /EHsc /MP "
      CMAKE_EXE_LINKER_FLAGS: "/machine:x64"
      CMAKE_MODULE_PATH: "C:/Users/bugr2/source/repos/Diplom_CPP/vcpkg_installed/vcpkg/blds/range-v3/src/8e09e4d7ec-ac2933c7cd.clean/cmake"
      CMAKE_MSVC_DEBUG_INFORMATION_FORMAT: ""
      CMAKE_MSVC_RUNTIME_LIBRARY: "MultiThreaded$<$<CONFIG:Debug>:Debug>$<$<STREQUAL:dynamic,dynamic>:DLL>"
      VCPKG_CHAINLOAD_TOOLCHAIN_FILE: "C:/Program Files/Microsoft Visual Studio/2022/Community/VC/vcpkg/scripts/toolchains/windows.cmake"
      VCPKG_CRT_LINKAGE: "dynamic"
      VCPKG_CXX_FLAGS: ""
      VCPKG_CXX_FLAGS_DEBUG: ""
      VCPKG_CXX_FLAGS_RELEASE: ""
      VCPKG_C_FLAGS: ""
      VCPKG_C_FLAGS_DEBUG: ""
      VCPKG_C_FLAGS_RELEASE: ""
      VCPKG_INSTALLED_DIR: "C:/Users/bugr2/source/repos/Diplom_CPP/vcpkg_installed"
      VCPKG_LINKER_FLAGS: ""
      VCPKG_LINKER_FLAGS_DEBUG: ""
      VCPKG_LINKER_FLAGS_RELEASE: ""
      VCPKG_PLATFORM_TOOLSET: "v143"
      VCPKG_PREFER_SYSTEM_LIBS: "OFF"
      VCPKG_SET_CHARSET_FLAG: "ON"
      VCPKG_TARGET_ARCHITECTURE: "x64"
      VCPKG_TARGET_TRIPLET: "x64-windows"
      Z_VCPKG_ROOT_DIR: "C:/Program Files/Microsoft Visual Studio/2022/Community/VC/vcpkg"
    buildResult:
      variable: "RANGES_HAS_OFAST"
      cached: true
      stdout: |
        Change Dir: 'C:/Users/bugr2/source/repos/Diplom_CPP/vcpkg_installed/vcpkg/blds/range-v3/x64-windows-rel/CMakeFiles/CMakeScratch/TryCompile-520xfi'
        
        Run Build Command(s): "C:/Program Files/Microsoft Visual Studio/2022/Community/Common7/IDE/CommonExtensions/Microsoft/CMake/Ninja/ninja.exe" -v cmTC_1245f
        [1/2] C:\\PROGRA~1\\MIB055~1\\2022\\COMMUN~1\\VC\\Tools\\MSVC\\1444~1.352\\bin\\Hostx64\\x64\\cl.exe  /nologo /TP -DRANGES_HAS_OFAST  /nologo /DWIN32 /D_WINDOWS /utf-8 /GR /EHsc /MP   /MDd /Z7 /Ob0 /Od /RTC1    -Ofast /showIncludes /FoCMakeFiles\\cmTC_1245f.dir\\src.cxx.obj /FdCMakeFiles\\cmTC_1245f.dir\\ /FS -c C:\\Users\\bugr2\\source\\repos\\Diplom_CPP\\vcpkg_installed\\vcpkg\\blds\\range-v3\\x64-windows-rel\\CMakeFiles\\CMakeScratch\\TryCompile-520xfi\\src.cxx
        cl: командная строка warning D9025: переопределение "/Os" на "/Ot"
        cl: командная строка warning D9002: пропуск неизвестного параметра "-Of"
        cl: командная строка warning D9002: пропуск неизвестного параметра "-Oa"
        [2/2] C:\\WINDOWS\\system32\\cmd.exe /C "cd . && "C:\\Program Files\\Microsoft Visual Studio\\2022\\Community\\Common7\\IDE\\CommonExtensions\\Microsoft\\CMake\\CMake\\bin\\cmake.exe" -E vs_link_exe --msvc-ver=1944 --intdir=CMakeFiles\\cmTC_1245f.dir --rc=C:\\PROGRA~2\\WI3CF2~1\\10\\bin\\100261~1.0\\x64\\rc.exe --mt=C:\\PROGRA~2\\WI3CF2~1\\10\\bin\\100261~1.0\\x64\\mt.exe --manifests  -- C:\\PROGRA~1\\MIB055~1\\2022\\COMMUN~1\\VC\\Tools\\MSVC\\1444~1.352\\bin\\Hostx64\\x64\\link.exe /nologo CMakeFiles\\cmTC_1245f.dir\\src.cxx.obj  /out:cmTC_1245f.exe /implib:cmTC_1245f.lib /pdb:cmTC_1245f.pdb /version:0.0 /machine:x64  /nologo    /debug /INCREMENTAL /subsystem:console  kernel32.lib user32.lib gdi32.lib winspool.lib shell32.lib ole32.lib oleaut32.lib uuid.lib comdlg32.lib advapi32.lib && cd ."
        
      exitCode: 0
  -
    kind: "try_compile-v1"
    backtrace:
      - "C:/Program Files/Microsoft Visual Studio/2022/Community/Common7/IDE/CommonExtensions/Microsoft/CMake/CMake/share/cmake-3.31/Modules/Internal/CheckSourceCompiles.cmake:108 (try_compile)"
      - "C:/Program Files/Microsoft Visual Studio/2022/Community/Common7/IDE/CommonExtensions/Microsoft/CMake/CMake/share/cmake-3.31/Modules/Internal/CheckCompilerFlag.cmake:18 (cmake_check_source_compiles)"
      - "C:/Program Files/Microsoft Visual Studio/2022/Community/Common7/IDE/CommonExtensions/Microsoft/CMake/CMake/share/cmake-3.31/Modules/CheckCXXCompilerFlag.cmake:55 (cmake_check_compiler_flag)"
      - "cmake/ranges_flags.cmake:16 (check_cxx_compiler_flag)"
      - "cmake/ranges_flags.cmake:213 (ranges_append_flag)"
      - "CMakeLists.txt:25 (include)"
    checks:
      - "Performing Test RANGES_HAS_O2"
    directories:
      source: "C:/Users/bugr2/source/repos/Diplom_CPP/vcpkg_installed/vcpkg/blds/range-v3/x64-windows-rel/CMakeFiles/CMakeScratch/TryCompile-vbep0c"
      binary: "C:/Users/bugr2/source/repos/Diplom_CPP/vcpkg_installed/vcpkg/blds/range-v3/x64-windows-rel/CMakeFiles/CMakeScratch/TryCompile-vbep0c"
    cmakeVariables:
      CMAKE_CXX_FLAGS: " /nologo /DWIN32 /D_WINDOWS /utf-8 /GR /EHsc /MP "
      CMAKE_EXE_LINKER_FLAGS: "/machine:x64"
      CMAKE_MODULE_PATH: "C:/Users/bugr2/source/repos/Diplom_CPP/vcpkg_installed/vcpkg/blds/range-v3/src/8e09e4d7ec-ac2933c7cd.clean/cmake"
      CMAKE_MSVC_DEBUG_INFORMATION_FORMAT: ""
      CMAKE_MSVC_RUNTIME_LIBRARY: "MultiThreaded$<$<CONFIG:Debug>:Debug>$<$<STREQUAL:dynamic,dynamic>:DLL>"
      VCPKG_CHAINLOAD_TOOLCHAIN_FILE: "C:/Program Files/Microsoft Visual Studio/2022/Community/VC/vcpkg/scripts/toolchains/windows.cmake"
      VCPKG_CRT_LINKAGE: "dynamic"
      VCPKG_CXX_FLAGS: ""
      VCPKG_CXX_FLAGS_DEBUG: ""
      VCPKG_CXX_FLAGS_RELEASE: ""
      VCPKG_C_FLAGS: ""
      VCPKG_C_FLAGS_DEBUG: ""
      VCPKG_C_FLAGS_RELEASE: ""
      VCPKG_INSTALLED_DIR: "C:/Users/bugr2/source/repos/Diplom_CPP/vcpkg_installed"
      VCPKG_LINKER_FLAGS: ""
      VCPKG_LINKER_FLAGS_DEBUG: ""
      VCPKG_LINKER_FLAGS_RELEASE: ""
      VCPKG_PLATFORM_TOOLSET: "v143"
      VCPKG_PREFER_SYSTEM_LIBS: "OFF"
      VCPKG_SET_CHARSET_FLAG: "ON"
      VCPKG_TARGET_ARCHITECTURE: "x64"
      VCPKG_TARGET_TRIPLET: "x64-windows"
      Z_VCPKG_ROOT_DIR: "C:/Program Files/Microsoft Visual Studio/2022/Community/VC/vcpkg"
    buildResult:
      variable: "RANGES_HAS_O2"
      cached: true
      stdout: |
        Change Dir: 'C:/Users/bugr2/source/repos/Diplom_CPP/vcpkg_installed/vcpkg/blds/range-v3/x64-windows-rel/CMakeFiles/CMakeScratch/TryCompile-vbep0c'
        
        Run Build Command(s): "C:/Program Files/Microsoft Visual Studio/2022/Community/Common7/IDE/CommonExtensions/Microsoft/CMake/Ninja/ninja.exe" -v cmTC_0508a
        [1/2] C:\\PROGRA~1\\MIB055~1\\2022\\COMMUN~1\\VC\\Tools\\MSVC\\1444~1.352\\bin\\Hostx64\\x64\\cl.exe  /nologo /TP -DRANGES_HAS_O2  /nologo /DWIN32 /D_WINDOWS /utf-8 /GR /EHsc /MP   /MDd /Z7 /Ob0 /Od /RTC1    -O2 /showIncludes /FoCMakeFiles\\cmTC_0508a.dir\\src.cxx.obj /FdCMakeFiles\\cmTC_0508a.dir\\ /FS -c C:\\Users\\bugr2\\source\\repos\\Diplom_CPP\\vcpkg_installed\\vcpkg\\blds\\range-v3\\x64-windows-rel\\CMakeFiles\\CMakeScratch\\TryCompile-vbep0c\\src.cxx
        FAILED: CMakeFiles/cmTC_0508a.dir/src.cxx.obj 
        C:\\PROGRA~1\\MIB055~1\\2022\\COMMUN~1\\VC\\Tools\\MSVC\\1444~1.352\\bin\\Hostx64\\x64\\cl.exe  /nologo /TP -DRANGES_HAS_O2  /nologo /DWIN32 /D_WINDOWS /utf-8 /GR /EHsc /MP   /MDd /Z7 /Ob0 /Od /RTC1    -O2 /showIncludes /FoCMakeFiles\\cmTC_0508a.dir\\src.cxx.obj /FdCMakeFiles\\cmTC_0508a.dir\\ /FS -c C:\\Users\\bugr2\\source\\repos\\Diplom_CPP\\vcpkg_installed\\vcpkg\\blds\\range-v3\\x64-windows-rel\\CMakeFiles\\CMakeScratch\\TryCompile-vbep0c\\src.cxx
        cl: командная строка warning D9025: переопределение "/Od" на "/O2"
        cl: командная строка error D8016: несовместимые параметры командной строки "/RTC1" и "/O2"
        ninja: build stopped: subcommand failed.
        
      exitCode: 1
  -
    kind: "try_compile-v1"
    backtrace:
      - "C:/Program Files/Microsoft Visual Studio/2022/Community/Common7/IDE/CommonExtensions/Microsoft/CMake/CMake/share/cmake-3.31/Modules/Internal/CheckSourceCompiles.cmake:108 (try_compile)"
      - "C:/Program Files/Microsoft Visual Studio/2022/Community/Common7/IDE/CommonExtensions/Microsoft/CMake/CMake/share/cmake-3.31/Modules/Internal/CheckCompilerFlag.cmake:18 (cmake_check_source_compiles)"
      - "C:/Program Files/Microsoft Visual Studio/2022/Community/Common7/IDE/CommonExtensions/Microsoft/CMake/CMake/share/cmake-3.31/Modules/CheckCXXCompilerFlag.cmake:55 (cmake_check_compiler_flag)"
      - "cmake/ranges_flags.cmake:16 (check_cxx_compiler_flag)"
      - "cmake/ranges_flags.cmake:215 (ranges_append_flag)"
      - "CMakeLists.txt:25 (include)"
    checks:
      - "Performing Test RANGES_HAS_STRICT_ALIASING"
    directories:
      source: "C:/Users/bugr2/source/repos/Diplom_CPP/vcpkg_installed/vcpkg/blds/range-v3/x64-windows-rel/CMakeFiles/CMakeScratch/TryCompile-ndhpsm"
      binary: "C:/Users/bugr2/source/repos/Diplom_CPP/vcpkg_installed/vcpkg/blds/range-v3/x64-windows-rel/CMakeFiles/CMakeScratch/TryCompile-ndhpsm"
    cmakeVariables:
      CMAKE_CXX_FLAGS: " /nologo /DWIN32 /D_WINDOWS /utf-8 /GR /EHsc /MP "
      CMAKE_EXE_LINKER_FLAGS: "/machine:x64"
      CMAKE_MODULE_PATH: "C:/Users/bugr2/source/repos/Diplom_CPP/vcpkg_installed/vcpkg/blds/range-v3/src/8e09e4d7ec-ac2933c7cd.clean/cmake"
      CMAKE_MSVC_DEBUG_INFORMATION_FORMAT: ""
      CMAKE_MSVC_RUNTIME_LIBRARY: "MultiThreaded$<$<CONFIG:Debug>:Debug>$<$<STREQUAL:dynamic,dynamic>:DLL>"
      VCPKG_CHAINLOAD_TOOLCHAIN_FILE: "C:/Program Files/Microsoft Visual Studio/2022/Community/VC/vcpkg/scripts/toolchains/windows.cmake"
      VCPKG_CRT_LINKAGE: "dynamic"
      VCPKG_CXX_FLAGS: ""
      VCPKG_CXX_FLAGS_DEBUG: ""
      VCPKG_CXX_FLAGS_RELEASE: ""
      VCPKG_C_FLAGS: ""
      VCPKG_C_FLAGS_DEBUG: ""
      VCPKG_C_FLAGS_RELEASE: ""
      VCPKG_INSTALLED_DIR: "C:/Users/bugr2/source/repos/Diplom_CPP/vcpkg_installed"
      VCPKG_LINKER_FLAGS: ""
      VCPKG_LINKER_FLAGS_DEBUG: ""
      VCPKG_LINKER_FLAGS_RELEASE: ""
      VCPKG_PLATFORM_TOOLSET: "v143"
      VCPKG_PREFER_SYSTEM_LIBS: "OFF"
      VCPKG_SET_CHARSET_FLAG: "ON"
      VCPKG_TARGET_ARCHITECTURE: "x64"
      VCPKG_TARGET_TRIPLET: "x64-windows"
      Z_VCPKG_ROOT_DIR: "C:/Program Files/Microsoft Visual Studio/2022/Community/VC/vcpkg"
    buildResult:
      variable: "RANGES_HAS_STRICT_ALIASING"
      cached: true
      stdout: |
        Change Dir: 'C:/Users/bugr2/source/repos/Diplom_CPP/vcpkg_installed/vcpkg/blds/range-v3/x64-windows-rel/CMakeFiles/CMakeScratch/TryCompile-ndhpsm'
        
        Run Build Command(s): "C:/Program Files/Microsoft Visual Studio/2022/Community/Common7/IDE/CommonExtensions/Microsoft/CMake/Ninja/ninja.exe" -v cmTC_24c99
        [1/2] C:\\PROGRA~1\\MIB055~1\\2022\\COMMUN~1\\VC\\Tools\\MSVC\\1444~1.352\\bin\\Hostx64\\x64\\cl.exe  /nologo /TP -DRANGES_HAS_STRICT_ALIASING  /nologo /DWIN32 /D_WINDOWS /utf-8 /GR /EHsc /MP   /MDd /Z7 /Ob0 /Od /RTC1    -fstrict-aliasing /showIncludes /FoCMakeFiles\\cmTC_24c99.dir\\src.cxx.obj /FdCMakeFiles\\cmTC_24c99.dir\\ /FS -c C:\\Users\\bugr2\\source\\repos\\Diplom_CPP\\vcpkg_installed\\vcpkg\\blds\\range-v3\\x64-windows-rel\\CMakeFiles\\CMakeScratch\\TryCompile-ndhpsm\\src.cxx
        cl: командная строка warning D9002: пропуск неизвестного параметра "-fstrict-aliasing"
        [2/2] C:\\WINDOWS\\system32\\cmd.exe /C "cd . && "C:\\Program Files\\Microsoft Visual Studio\\2022\\Community\\Common7\\IDE\\CommonExtensions\\Microsoft\\CMake\\CMake\\bin\\cmake.exe" -E vs_link_exe --msvc-ver=1944 --intdir=CMakeFiles\\cmTC_24c99.dir --rc=C:\\PROGRA~2\\WI3CF2~1\\10\\bin\\100261~1.0\\x64\\rc.exe --mt=C:\\PROGRA~2\\WI3CF2~1\\10\\bin\\100261~1.0\\x64\\mt.exe --manifests  -- C:\\PROGRA~1\\MIB055~1\\2022\\COMMUN~1\\VC\\Tools\\MSVC\\1444~1.352\\bin\\Hostx64\\x64\\link.exe /nologo CMakeFiles\\cmTC_24c99.dir\\src.cxx.obj  /out:cmTC_24c99.exe /implib:cmTC_24c99.lib /pdb:cmTC_24c99.pdb /version:0.0 /machine:x64  /nologo    /debug /INCREMENTAL /subsystem:console  kernel32.lib user32.lib gdi32.lib winspool.lib shell32.lib ole32.lib oleaut32.lib uuid.lib comdlg32.lib advapi32.lib && cd ."
        
      exitCode: 0
  -
    kind: "try_compile-v1"
    backtrace:
      - "C:/Program Files/Microsoft Visual Studio/2022/Community/Common7/IDE/CommonExtensions/Microsoft/CMake/CMake/share/cmake-3.31/Modules/Internal/CheckSourceCompiles.cmake:108 (try_compile)"
      - "C:/Program Files/Microsoft Visual Studio/2022/Community/Common7/IDE/CommonExtensions/Microsoft/CMake/CMake/share/cmake-3.31/Modules/Internal/CheckCompilerFlag.cmake:18 (cmake_check_source_compiles)"
      - "C:/Program Files/Microsoft Visual Studio/2022/Community/Common7/IDE/CommonExtensions/Microsoft/CMake/CMake/share/cmake-3.31/Modules/CheckCXXCompilerFlag.cmake:55 (cmake_check_compiler_flag)"
      - "cmake/ranges_flags.cmake:16 (check_cxx_compiler_flag)"
      - "cmake/ranges_flags.cmake:216 (ranges_append_flag)"
      - "CMakeLists.txt:25 (include)"
    checks:
      - "Performing Test RANGES_HAS_STRICT_VTABLE_POINTERS"
    directories:
      source: "C:/Users/bugr2/source/repos/Diplom_CPP/vcpkg_installed/vcpkg/blds/range-v3/x64-windows-rel/CMakeFiles/CMakeScratch/TryCompile-q50a1l"
      binary: "C:/Users/bugr2/source/repos/Diplom_CPP/vcpkg_installed/vcpkg/blds/range-v3/x64-windows-rel/CMakeFiles/CMakeScratch/TryCompile-q50a1l"
    cmakeVariables:
      CMAKE_CXX_FLAGS: " /nologo /DWIN32 /D_WINDOWS /utf-8 /GR /EHsc /MP "
      CMAKE_EXE_LINKER_FLAGS: "/machine:x64"
      CMAKE_MODULE_PATH: "C:/Users/bugr2/source/repos/Diplom_CPP/vcpkg_installed/vcpkg/blds/range-v3/src/8e09e4d7ec-ac2933c7cd.clean/cmake"
      CMAKE_MSVC_DEBUG_INFORMATION_FORMAT: ""
      CMAKE_MSVC_RUNTIME_LIBRARY: "MultiThreaded$<$<CONFIG:Debug>:Debug>$<$<STREQUAL:dynamic,dynamic>:DLL>"
      VCPKG_CHAINLOAD_TOOLCHAIN_FILE: "C:/Program Files/Microsoft Visual Studio/2022/Community/VC/vcpkg/scripts/toolchains/windows.cmake"
      VCPKG_CRT_LINKAGE: "dynamic"
      VCPKG_CXX_FLAGS: ""
      VCPKG_CXX_FLAGS_DEBUG: ""
      VCPKG_CXX_FLAGS_RELEASE: ""
      VCPKG_C_FLAGS: ""
      VCPKG_C_FLAGS_DEBUG: ""
      VCPKG_C_FLAGS_RELEASE: ""
      VCPKG_INSTALLED_DIR: "C:/Users/bugr2/source/repos/Diplom_CPP/vcpkg_installed"
      VCPKG_LINKER_FLAGS: ""
      VCPKG_LINKER_FLAGS_DEBUG: ""
      VCPKG_LINKER_FLAGS_RELEASE: ""
      VCPKG_PLATFORM_TOOLSET: "v143"
      VCPKG_PREFER_SYSTEM_LIBS: "OFF"
      VCPKG_SET_CHARSET_FLAG: "ON"
      VCPKG_TARGET_ARCHITECTURE: "x64"
      VCPKG_TARGET_TRIPLET: "x64-windows"
      Z_VCPKG_ROOT_DIR: "C:/Program Files/Microsoft Visual Studio/2022/Community/VC/vcpkg"
    buildResult:
      variable: "RANGES_HAS_STRICT_VTABLE_POINTERS"
      cached: true
      stdout: |
        Change Dir: 'C:/Users/bugr2/source/repos/Diplom_CPP/vcpkg_installed/vcpkg/blds/range-v3/x64-windows-rel/CMakeFiles/CMakeScratch/TryCompile-q50a1l'
        
        Run Build Command(s): "C:/Program Files/Microsoft Visual Studio/2022/Community/Common7/IDE/CommonExtensions/Microsoft/CMake/Ninja/ninja.exe" -v cmTC_20779
        [1/2] C:\\PROGRA~1\\MIB055~1\\2022\\COMMUN~1\\VC\\Tools\\MSVC\\1444~1.352\\bin\\Hostx64\\x64\\cl.exe  /nologo /TP -DRANGES_HAS_STRICT_VTABLE_POINTERS  /nologo /DWIN32 /D_WINDOWS /utf-8 /GR /EHsc /MP   /MDd /Z7 /Ob0 /Od /RTC1    -fstrict-vtable-pointers /showIncludes /FoCMakeFiles\\cmTC_20779.dir\\src.cxx.obj /FdCMakeFiles\\cmTC_20779.dir\\ /FS -c C:\\Users\\bugr2\\source\\repos\\Diplom_CPP\\vcpkg_installed\\vcpkg\\blds\\range-v3\\x64-windows-rel\\CMakeFiles\\CMakeScratch\\TryCompile-q50a1l\\src.cxx
        cl: командная строка warning D9002: пропуск неизвестного параметра "-fstrict-vtable-pointers"
        [2/2] C:\\WINDOWS\\system32\\cmd.exe /C "cd . && "C:\\Program Files\\Microsoft Visual Studio\\2022\\Community\\Common7\\IDE\\CommonExtensions\\Microsoft\\CMake\\CMake\\bin\\cmake.exe" -E vs_link_exe --msvc-ver=1944 --intdir=CMakeFiles\\cmTC_20779.dir --rc=C:\\PROGRA~2\\WI3CF2~1\\10\\bin\\100261~1.0\\x64\\rc.exe --mt=C:\\PROGRA~2\\WI3CF2~1\\10\\bin\\100261~1.0\\x64\\mt.exe --manifests  -- C:\\PROGRA~1\\MIB055~1\\2022\\COMMUN~1\\VC\\Tools\\MSVC\\1444~1.352\\bin\\Hostx64\\x64\\link.exe /nologo CMakeFiles\\cmTC_20779.dir\\src.cxx.obj  /out:cmTC_20779.exe /implib:cmTC_20779.lib /pdb:cmTC_20779.pdb /version:0.0 /machine:x64  /nologo    /debug /INCREMENTAL /subsystem:console  kernel32.lib user32.lib gdi32.lib winspool.lib shell32.lib ole32.lib oleaut32.lib uuid.lib comdlg32.lib advapi32.lib && cd ."
        
      exitCode: 0
  -
    kind: "try_compile-v1"
    backtrace:
      - "C:/Program Files/Microsoft Visual Studio/2022/Community/Common7/IDE/CommonExtensions/Microsoft/CMake/CMake/share/cmake-3.31/Modules/Internal/CheckSourceCompiles.cmake:108 (try_compile)"
      - "C:/Program Files/Microsoft Visual Studio/2022/Community/Common7/IDE/CommonExtensions/Microsoft/CMake/CMake/share/cmake-3.31/Modules/Internal/CheckCompilerFlag.cmake:18 (cmake_check_source_compiles)"
      - "C:/Program Files/Microsoft Visual Studio/2022/Community/Common7/IDE/CommonExtensions/Microsoft/CMake/CMake/share/cmake-3.31/Modules/CheckCXXCompilerFlag.cmake:55 (cmake_check_compiler_flag)"
      - "cmake/ranges_flags.cmake:16 (check_cxx_compiler_flag)"
      - "cmake/ranges_flags.cmake:217 (ranges_append_flag)"
      - "CMakeLists.txt:25 (include)"
    checks:
      - "Performing Test RANGES_HAS_FAST_MATH"
    directories:
      source: "C:/Users/bugr2/source/repos/Diplom_CPP/vcpkg_installed/vcpkg/blds/range-v3/x64-windows-rel/CMakeFiles/CMakeScratch/TryCompile-wrs08b"
      binary: "C:/Users/bugr2/source/repos/Diplom_CPP/vcpkg_installed/vcpkg/blds/range-v3/x64-windows-rel/CMakeFiles/CMakeScratch/TryCompile-wrs08b"
    cmakeVariables:
      CMAKE_CXX_FLAGS: " /nologo /DWIN32 /D_WINDOWS /utf-8 /GR /EHsc /MP "
      CMAKE_EXE_LINKER_FLAGS: "/machine:x64"
      CMAKE_MODULE_PATH: "C:/Users/bugr2/source/repos/Diplom_CPP/vcpkg_installed/vcpkg/blds/range-v3/src/8e09e4d7ec-ac2933c7cd.clean/cmake"
      CMAKE_MSVC_DEBUG_INFORMATION_FORMAT: ""
      CMAKE_MSVC_RUNTIME_LIBRARY: "MultiThreaded$<$<CONFIG:Debug>:Debug>$<$<STREQUAL:dynamic,dynamic>:DLL>"
      VCPKG_CHAINLOAD_TOOLCHAIN_FILE: "C:/Program Files/Microsoft Visual Studio/2022/Community/VC/vcpkg/scripts/toolchains/windows.cmake"
      VCPKG_CRT_LINKAGE: "dynamic"
      VCPKG_CXX_FLAGS: ""
      VCPKG_CXX_FLAGS_DEBUG: ""
      VCPKG_CXX_FLAGS_RELEASE: ""
      VCPKG_C_FLAGS: ""
      VCPKG_C_FLAGS_DEBUG: ""
      VCPKG_C_FLAGS_RELEASE: ""
      VCPKG_INSTALLED_DIR: "C:/Users/bugr2/source/repos/Diplom_CPP/vcpkg_installed"
      VCPKG_LINKER_FLAGS: ""
      VCPKG_LINKER_FLAGS_DEBUG: ""
      VCPKG_LINKER_FLAGS_RELEASE: ""
      VCPKG_PLATFORM_TOOLSET: "v143"
      VCPKG_PREFER_SYSTEM_LIBS: "OFF"
      VCPKG_SET_CHARSET_FLAG: "ON"
      VCPKG_TARGET_ARCHITECTURE: "x64"
      VCPKG_TARGET_TRIPLET: "x64-windows"
      Z_VCPKG_ROOT_DIR: "C:/Program Files/Microsoft Visual Studio/2022/Community/VC/vcpkg"
    buildResult:
      variable: "RANGES_HAS_FAST_MATH"
      cached: true
      stdout: |
        Change Dir: 'C:/Users/bugr2/source/repos/Diplom_CPP/vcpkg_installed/vcpkg/blds/range-v3/x64-windows-rel/CMakeFiles/CMakeScratch/TryCompile-wrs08b'
        
        Run Build Command(s): "C:/Program Files/Microsoft Visual Studio/2022/Community/Common7/IDE/CommonExtensions/Microsoft/CMake/Ninja/ninja.exe" -v cmTC_4c714
        [1/2] C:\\PROGRA~1\\MIB055~1\\2022\\COMMUN~1\\VC\\Tools\\MSVC\\1444~1.352\\bin\\Hostx64\\x64\\cl.exe  /nologo /TP -DRANGES_HAS_FAST_MATH  /nologo /DWIN32 /D_WINDOWS /utf-8 /GR /EHsc /MP   /MDd /Z7 /Ob0 /Od /RTC1    -ffast-math /showIncludes /FoCMakeFiles\\cmTC_4c714.dir\\src.cxx.obj /FdCMakeFiles\\cmTC_4c714.dir\\ /FS -c C:\\Users\\bugr2\\source\\repos\\Diplom_CPP\\vcpkg_installed\\vcpkg\\blds\\range-v3\\x64-windows-rel\\CMakeFiles\\CMakeScratch\\TryCompile-wrs08b\\src.cxx
        cl: командная строка warning D9002: пропуск неизвестного параметра "-ffast-math"
        [2/2] C:\\WINDOWS\\system32\\cmd.exe /C "cd . && "C:\\Program Files\\Microsoft Visual Studio\\2022\\Community\\Common7\\IDE\\CommonExtensions\\Microsoft\\CMake\\CMake\\bin\\cmake.exe" -E vs_link_exe --msvc-ver=1944 --intdir=CMakeFiles\\cmTC_4c714.dir --rc=C:\\PROGRA~2\\WI3CF2~1\\10\\bin\\100261~1.0\\x64\\rc.exe --mt=C:\\PROGRA~2\\WI3CF2~1\\10\\bin\\100261~1.0\\x64\\mt.exe --manifests  -- C:\\PROGRA~1\\MIB055~1\\2022\\COMMUN~1\\VC\\Tools\\MSVC\\1444~1.352\\bin\\Hostx64\\x64\\link.exe /nologo CMakeFiles\\cmTC_4c714.dir\\src.cxx.obj  /out:cmTC_4c714.exe /implib:cmTC_4c714.lib /pdb:cmTC_4c714.pdb /version:0.0 /machine:x64  /nologo    /debug /INCREMENTAL /subsystem:console  kernel32.lib user32.lib gdi32.lib winspool.lib shell32.lib ole32.lib oleaut32.lib uuid.lib comdlg32.lib advapi32.lib && cd ."
        
      exitCode: 0
  -
    kind: "try_compile-v1"
    backtrace:
      - "C:/Program Files/Microsoft Visual Studio/2022/Community/Common7/IDE/CommonExtensions/Microsoft/CMake/CMake/share/cmake-3.31/Modules/Internal/CheckSourceCompiles.cmake:108 (try_compile)"
      - "C:/Program Files/Microsoft Visual Studio/2022/Community/Common7/IDE/CommonExtensions/Microsoft/CMake/CMake/share/cmake-3.31/Modules/Internal/CheckCompilerFlag.cmake:18 (cmake_check_source_compiles)"
      - "C:/Program Files/Microsoft Visual Studio/2022/Community/Common7/IDE/CommonExtensions/Microsoft/CMake/CMake/share/cmake-3.31/Modules/CheckCXXCompilerFlag.cmake:55 (cmake_check_compiler_flag)"
      - "cmake/ranges_flags.cmake:16 (check_cxx_compiler_flag)"
      - "cmake/ranges_flags.cmake:218 (ranges_append_flag)"
      - "CMakeLists.txt:25 (include)"
    checks:
      - "Performing Test RANGES_HAS_VECTORIZE"
    directories:
      source: "C:/Users/bugr2/source/repos/Diplom_CPP/vcpkg_installed/vcpkg/blds/range-v3/x64-windows-rel/CMakeFiles/CMakeScratch/TryCompile-tla5b0"
      binary: "C:/Users/bugr2/source/repos/Diplom_CPP/vcpkg_installed/vcpkg/blds/range-v3/x64-windows-rel/CMakeFiles/CMakeScratch/TryCompile-tla5b0"
    cmakeVariables:
      CMAKE_CXX_FLAGS: " /nologo /DWIN32 /D_WINDOWS /utf-8 /GR /EHsc /MP "
      CMAKE_EXE_LINKER_FLAGS: "/machine:x64"
      CMAKE_MODULE_PATH: "C:/Users/bugr2/source/repos/Diplom_CPP/vcpkg_installed/vcpkg/blds/range-v3/src/8e09e4d7ec-ac2933c7cd.clean/cmake"
      CMAKE_MSVC_DEBUG_INFORMATION_FORMAT: ""
      CMAKE_MSVC_RUNTIME_LIBRARY: "MultiThreaded$<$<CONFIG:Debug>:Debug>$<$<STREQUAL:dynamic,dynamic>:DLL>"
      VCPKG_CHAINLOAD_TOOLCHAIN_FILE: "C:/Program Files/Microsoft Visual Studio/2022/Community/VC/vcpkg/scripts/toolchains/windows.cmake"
      VCPKG_CRT_LINKAGE: "dynamic"
      VCPKG_CXX_FLAGS: ""
      VCPKG_CXX_FLAGS_DEBUG: ""
      VCPKG_CXX_FLAGS_RELEASE: ""
      VCPKG_C_FLAGS: ""
      VCPKG_C_FLAGS_DEBUG: ""
      VCPKG_C_FLAGS_RELEASE: ""
      VCPKG_INSTALLED_DIR: "C:/Users/bugr2/source/repos/Diplom_CPP/vcpkg_installed"
      VCPKG_LINKER_FLAGS: ""
      VCPKG_LINKER_FLAGS_DEBUG: ""
      VCPKG_LINKER_FLAGS_RELEASE: ""
      VCPKG_PLATFORM_TOOLSET: "v143"
      VCPKG_PREFER_SYSTEM_LIBS: "OFF"
      VCPKG_SET_CHARSET_FLAG: "ON"
      VCPKG_TARGET_ARCHITECTURE: "x64"
      VCPKG_TARGET_TRIPLET: "x64-windows"
      Z_VCPKG_ROOT_DIR: "C:/Program Files/Microsoft Visual Studio/2022/Community/VC/vcpkg"
    buildResult:
      variable: "RANGES_HAS_VECTORIZE"
      cached: true
      stdout: |
        Change Dir: 'C:/Users/bugr2/source/repos/Diplom_CPP/vcpkg_installed/vcpkg/blds/range-v3/x64-windows-rel/CMakeFiles/CMakeScratch/TryCompile-tla5b0'
        
        Run Build Command(s): "C:/Program Files/Microsoft Visual Studio/2022/Community/Common7/IDE/CommonExtensions/Microsoft/CMake/Ninja/ninja.exe" -v cmTC_3835e
        [1/2] C:\\PROGRA~1\\MIB055~1\\2022\\COMMUN~1\\VC\\Tools\\MSVC\\1444~1.352\\bin\\Hostx64\\x64\\cl.exe  /nologo /TP -DRANGES_HAS_VECTORIZE  /nologo /DWIN32 /D_WINDOWS /utf-8 /GR /EHsc /MP   /MDd /Z7 /Ob0 /Od /RTC1    -fvectorize /showIncludes /FoCMakeFiles\\cmTC_3835e.dir\\src.cxx.obj /FdCMakeFiles\\cmTC_3835e.dir\\ /FS -c C:\\Users\\bugr2\\source\\repos\\Diplom_CPP\\vcpkg_installed\\vcpkg\\blds\\range-v3\\x64-windows-rel\\CMakeFiles\\CMakeScratch\\TryCompile-tla5b0\\src.cxx
        cl: командная строка warning D9002: пропуск неизвестного параметра "-fvectorize"
        [2/2] C:\\WINDOWS\\system32\\cmd.exe /C "cd . && "C:\\Program Files\\Microsoft Visual Studio\\2022\\Community\\Common7\\IDE\\CommonExtensions\\Microsoft\\CMake\\CMake\\bin\\cmake.exe" -E vs_link_exe --msvc-ver=1944 --intdir=CMakeFiles\\cmTC_3835e.dir --rc=C:\\PROGRA~2\\WI3CF2~1\\10\\bin\\100261~1.0\\x64\\rc.exe --mt=C:\\PROGRA~2\\WI3CF2~1\\10\\bin\\100261~1.0\\x64\\mt.exe --manifests  -- C:\\PROGRA~1\\MIB055~1\\2022\\COMMUN~1\\VC\\Tools\\MSVC\\1444~1.352\\bin\\Hostx64\\x64\\link.exe /nologo CMakeFiles\\cmTC_3835e.dir\\src.cxx.obj  /out:cmTC_3835e.exe /implib:cmTC_3835e.lib /pdb:cmTC_3835e.pdb /version:0.0 /machine:x64  /nologo    /debug /INCREMENTAL /subsystem:console  kernel32.lib user32.lib gdi32.lib winspool.lib shell32.lib ole32.lib oleaut32.lib uuid.lib comdlg32.lib advapi32.lib && cd ."
        
      exitCode: 0
  -
    kind: "try_compile-v1"
    backtrace:
      - "C:/Program Files/Microsoft Visual Studio/2022/Community/Common7/IDE/CommonExtensions/Microsoft/CMake/CMake/share/cmake-3.31/Modules/Internal/CheckSourceCompiles.cmake:108 (try_compile)"
      - "C:/Program Files/Microsoft Visual Studio/2022/Community/Common7/IDE/CommonExtensions/Microsoft/CMake/CMake/share/cmake-3.31/Modules/Internal/CheckCompilerFlag.cmake:18 (cmake_check_source_compiles)"
      - "C:/Program Files/Microsoft Visual Studio/2022/Community/Common7/IDE/CommonExtensions/Microsoft/CMake/CMake/share/cmake-3.31/Modules/CheckCXXCompilerFlag.cmake:55 (cmake_check_compiler_flag)"
      - "cmake/ranges_flags.cmake:16 (check_cxx_compiler_flag)"
      - "cmake/ranges_flags.cmake:222 (ranges_append_flag)"
      - "CMakeLists.txt:25 (include)"
    checks:
      - "Performing Test RANGES_HAS_SIZED_DEALLOCATION"
    directories:
      source: "C:/Users/bugr2/source/repos/Diplom_CPP/vcpkg_installed/vcpkg/blds/range-v3/x64-windows-rel/CMakeFiles/CMakeScratch/TryCompile-giqefi"
      binary: "C:/Users/bugr2/source/repos/Diplom_CPP/vcpkg_installed/vcpkg/blds/range-v3/x64-windows-rel/CMakeFiles/CMakeScratch/TryCompile-giqefi"
    cmakeVariables:
      CMAKE_CXX_FLAGS: " /nologo /DWIN32 /D_WINDOWS /utf-8 /GR /EHsc /MP "
      CMAKE_EXE_LINKER_FLAGS: "/machine:x64"
      CMAKE_MODULE_PATH: "C:/Users/bugr2/source/repos/Diplom_CPP/vcpkg_installed/vcpkg/blds/range-v3/src/8e09e4d7ec-ac2933c7cd.clean/cmake"
      CMAKE_MSVC_DEBUG_INFORMATION_FORMAT: ""
      CMAKE_MSVC_RUNTIME_LIBRARY: "MultiThreaded$<$<CONFIG:Debug>:Debug>$<$<STREQUAL:dynamic,dynamic>:DLL>"
      VCPKG_CHAINLOAD_TOOLCHAIN_FILE: "C:/Program Files/Microsoft Visual Studio/2022/Community/VC/vcpkg/scripts/toolchains/windows.cmake"
      VCPKG_CRT_LINKAGE: "dynamic"
      VCPKG_CXX_FLAGS: ""
      VCPKG_CXX_FLAGS_DEBUG: ""
      VCPKG_CXX_FLAGS_RELEASE: ""
      VCPKG_C_FLAGS: ""
      VCPKG_C_FLAGS_DEBUG: ""
      VCPKG_C_FLAGS_RELEASE: ""
      VCPKG_INSTALLED_DIR: "C:/Users/bugr2/source/repos/Diplom_CPP/vcpkg_installed"
      VCPKG_LINKER_FLAGS: ""
      VCPKG_LINKER_FLAGS_DEBUG: ""
      VCPKG_LINKER_FLAGS_RELEASE: ""
      VCPKG_PLATFORM_TOOLSET: "v143"
      VCPKG_PREFER_SYSTEM_LIBS: "OFF"
      VCPKG_SET_CHARSET_FLAG: "ON"
      VCPKG_TARGET_ARCHITECTURE: "x64"
      VCPKG_TARGET_TRIPLET: "x64-windows"
      Z_VCPKG_ROOT_DIR: "C:/Program Files/Microsoft Visual Studio/2022/Community/VC/vcpkg"
    buildResult:
      variable: "RANGES_HAS_SIZED_DEALLOCATION"
      cached: true
      stdout: |
        Change Dir: 'C:/Users/bugr2/source/repos/Diplom_CPP/vcpkg_installed/vcpkg/blds/range-v3/x64-windows-rel/CMakeFiles/CMakeScratch/TryCompile-giqefi'
        
        Run Build Command(s): "C:/Program Files/Microsoft Visual Studio/2022/Community/Common7/IDE/CommonExtensions/Microsoft/CMake/Ninja/ninja.exe" -v cmTC_07c42
        [1/2] C:\\PROGRA~1\\MIB055~1\\2022\\COMMUN~1\\VC\\Tools\\MSVC\\1444~1.352\\bin\\Hostx64\\x64\\cl.exe  /nologo /TP -DRANGES_HAS_SIZED_DEALLOCATION  /nologo /DWIN32 /D_WINDOWS /utf-8 /GR /EHsc /MP   /MDd /Z7 /Ob0 /Od /RTC1    -fsized-deallocation /showIncludes /FoCMakeFiles\\cmTC_07c42.dir\\src.cxx.obj /FdCMakeFiles\\cmTC_07c42.dir\\ /FS -c C:\\Users\\bugr2\\source\\repos\\Diplom_CPP\\vcpkg_installed\\vcpkg\\blds\\range-v3\\x64-windows-rel\\CMakeFiles\\CMakeScratch\\TryCompile-giqefi\\src.cxx
        cl: командная строка warning D9002: пропуск неизвестного параметра "-fsized-deallocation"
        [2/2] C:\\WINDOWS\\system32\\cmd.exe /C "cd . && "C:\\Program Files\\Microsoft Visual Studio\\2022\\Community\\Common7\\IDE\\CommonExtensions\\Microsoft\\CMake\\CMake\\bin\\cmake.exe" -E vs_link_exe --msvc-ver=1944 --intdir=CMakeFiles\\cmTC_07c42.dir --rc=C:\\PROGRA~2\\WI3CF2~1\\10\\bin\\100261~1.0\\x64\\rc.exe --mt=C:\\PROGRA~2\\WI3CF2~1\\10\\bin\\100261~1.0\\x64\\mt.exe --manifests  -- C:\\PROGRA~1\\MIB055~1\\2022\\COMMUN~1\\VC\\Tools\\MSVC\\1444~1.352\\bin\\Hostx64\\x64\\link.exe /nologo CMakeFiles\\cmTC_07c42.dir\\src.cxx.obj  /out:cmTC_07c42.exe /implib:cmTC_07c42.lib /pdb:cmTC_07c42.pdb /version:0.0 /machine:x64  /nologo    /debug /INCREMENTAL /subsystem:console  kernel32.lib user32.lib gdi32.lib winspool.lib shell32.lib ole32.lib oleaut32.lib uuid.lib comdlg32.lib advapi32.lib && cd ."
        
      exitCode: 0
  -
    kind: "try_compile-v1"
    backtrace:
      - "C:/Program Files/Microsoft Visual Studio/2022/Community/Common7/IDE/CommonExtensions/Microsoft/CMake/CMake/share/cmake-3.31/Modules/Internal/CheckSourceCompiles.cmake:108 (try_compile)"
      - "C:/Program Files/Microsoft Visual Studio/2022/Community/Common7/IDE/CommonExtensions/Microsoft/CMake/CMake/share/cmake-3.31/Modules/Internal/CheckCompilerFlag.cmake:18 (cmake_check_source_compiles)"
      - "C:/Program Files/Microsoft Visual Studio/2022/Community/Common7/IDE/CommonExtensions/Microsoft/CMake/CMake/share/cmake-3.31/Modules/CheckCXXCompilerFlag.cmake:55 (cmake_check_compiler_flag)"
      - "cmake/ranges_flags.cmake:16 (check_cxx_compiler_flag)"
      - "cmake/ranges_flags.cmake:235 (ranges_append_flag)"
      - "CMakeLists.txt:25 (include)"
    checks:
      - "Performing Test RANGES_HAS_MARCH_NATIVE"
    directories:
      source: "C:/Users/bugr2/source/repos/Diplom_CPP/vcpkg_installed/vcpkg/blds/range-v3/x64-windows-rel/CMakeFiles/CMakeScratch/TryCompile-ogz954"
      binary: "C:/Users/bugr2/source/repos/Diplom_CPP/vcpkg_installed/vcpkg/blds/range-v3/x64-windows-rel/CMakeFiles/CMakeScratch/TryCompile-ogz954"
    cmakeVariables:
      CMAKE_CXX_FLAGS: " /nologo /DWIN32 /D_WINDOWS /utf-8 /GR /EHsc /MP "
      CMAKE_EXE_LINKER_FLAGS: "/machine:x64"
      CMAKE_MODULE_PATH: "C:/Users/bugr2/source/repos/Diplom_CPP/vcpkg_installed/vcpkg/blds/range-v3/src/8e09e4d7ec-ac2933c7cd.clean/cmake"
      CMAKE_MSVC_DEBUG_INFORMATION_FORMAT: ""
      CMAKE_MSVC_RUNTIME_LIBRARY: "MultiThreaded$<$<CONFIG:Debug>:Debug>$<$<STREQUAL:dynamic,dynamic>:DLL>"
      VCPKG_CHAINLOAD_TOOLCHAIN_FILE: "C:/Program Files/Microsoft Visual Studio/2022/Community/VC/vcpkg/scripts/toolchains/windows.cmake"
      VCPKG_CRT_LINKAGE: "dynamic"
      VCPKG_CXX_FLAGS: ""
      VCPKG_CXX_FLAGS_DEBUG: ""
      VCPKG_CXX_FLAGS_RELEASE: ""
      VCPKG_C_FLAGS: ""
      VCPKG_C_FLAGS_DEBUG: ""
      VCPKG_C_FLAGS_RELEASE: ""
      VCPKG_INSTALLED_DIR: "C:/Users/bugr2/source/repos/Diplom_CPP/vcpkg_installed"
      VCPKG_LINKER_FLAGS: ""
      VCPKG_LINKER_FLAGS_DEBUG: ""
      VCPKG_LINKER_FLAGS_RELEASE: ""
      VCPKG_PLATFORM_TOOLSET: "v143"
      VCPKG_PREFER_SYSTEM_LIBS: "OFF"
      VCPKG_SET_CHARSET_FLAG: "ON"
      VCPKG_TARGET_ARCHITECTURE: "x64"
      VCPKG_TARGET_TRIPLET: "x64-windows"
      Z_VCPKG_ROOT_DIR: "C:/Program Files/Microsoft Visual Studio/2022/Community/VC/vcpkg"
    buildResult:
      variable: "RANGES_HAS_MARCH_NATIVE"
      cached: true
      stdout: |
        Change Dir: 'C:/Users/bugr2/source/repos/Diplom_CPP/vcpkg_installed/vcpkg/blds/range-v3/x64-windows-rel/CMakeFiles/CMakeScratch/TryCompile-ogz954'
        
        Run Build Command(s): "C:/Program Files/Microsoft Visual Studio/2022/Community/Common7/IDE/CommonExtensions/Microsoft/CMake/Ninja/ninja.exe" -v cmTC_f3b4d
        [1/2] C:\\PROGRA~1\\MIB055~1\\2022\\COMMUN~1\\VC\\Tools\\MSVC\\1444~1.352\\bin\\Hostx64\\x64\\cl.exe  /nologo /TP -DRANGES_HAS_MARCH_NATIVE  /nologo /DWIN32 /D_WINDOWS /utf-8 /GR /EHsc /MP   /MDd /Z7 /Ob0 /Od /RTC1    -march=native /showIncludes /FoCMakeFiles\\cmTC_f3b4d.dir\\src.cxx.obj /FdCMakeFiles\\cmTC_f3b4d.dir\\ /FS -c C:\\Users\\bugr2\\source\\repos\\Diplom_CPP\\vcpkg_installed\\vcpkg\\blds\\range-v3\\x64-windows-rel\\CMakeFiles\\CMakeScratch\\TryCompile-ogz954\\src.cxx
        cl: командная строка warning D9002: пропуск неизвестного параметра "-march=native"
        [2/2] C:\\WINDOWS\\system32\\cmd.exe /C "cd . && "C:\\Program Files\\Microsoft Visual Studio\\2022\\Community\\Common7\\IDE\\CommonExtensions\\Microsoft\\CMake\\CMake\\bin\\cmake.exe" -E vs_link_exe --msvc-ver=1944 --intdir=CMakeFiles\\cmTC_f3b4d.dir --rc=C:\\PROGRA~2\\WI3CF2~1\\10\\bin\\100261~1.0\\x64\\rc.exe --mt=C:\\PROGRA~2\\WI3CF2~1\\10\\bin\\100261~1.0\\x64\\mt.exe --manifests  -- C:\\PROGRA~1\\MIB055~1\\2022\\COMMUN~1\\VC\\Tools\\MSVC\\1444~1.352\\bin\\Hostx64\\x64\\link.exe /nologo CMakeFiles\\cmTC_f3b4d.dir\\src.cxx.obj  /out:cmTC_f3b4d.exe /implib:cmTC_f3b4d.lib /pdb:cmTC_f3b4d.pdb /version:0.0 /machine:x64  /nologo    /debug /INCREMENTAL /subsystem:console  kernel32.lib user32.lib gdi32.lib winspool.lib shell32.lib ole32.lib oleaut32.lib uuid.lib comdlg32.lib advapi32.lib && cd ."
        
      exitCode: 0
  -
    kind: "try_compile-v1"
    backtrace:
      - "C:/Program Files/Microsoft Visual Studio/2022/Community/Common7/IDE/CommonExtensions/Microsoft/CMake/CMake/share/cmake-3.31/Modules/Internal/CheckSourceCompiles.cmake:108 (try_compile)"
      - "C:/Program Files/Microsoft Visual Studio/2022/Community/Common7/IDE/CommonExtensions/Microsoft/CMake/CMake/share/cmake-3.31/Modules/Internal/CheckCompilerFlag.cmake:18 (cmake_check_source_compiles)"
      - "C:/Program Files/Microsoft Visual Studio/2022/Community/Common7/IDE/CommonExtensions/Microsoft/CMake/CMake/share/cmake-3.31/Modules/CheckCXXCompilerFlag.cmake:55 (cmake_check_compiler_flag)"
      - "cmake/ranges_flags.cmake:16 (check_cxx_compiler_flag)"
      - "cmake/ranges_flags.cmake:236 (ranges_append_flag)"
      - "CMakeLists.txt:25 (include)"
    checks:
      - "Performing Test RANGES_HAS_MTUNE_NATIVE"
    directories:
      source: "C:/Users/bugr2/source/repos/Diplom_CPP/vcpkg_installed/vcpkg/blds/range-v3/x64-windows-rel/CMakeFiles/CMakeScratch/TryCompile-fw9jhm"
      binary: "C:/Users/bugr2/source/repos/Diplom_CPP/vcpkg_installed/vcpkg/blds/range-v3/x64-windows-rel/CMakeFiles/CMakeScratch/TryCompile-fw9jhm"
    cmakeVariables:
      CMAKE_CXX_FLAGS: " /nologo /DWIN32 /D_WINDOWS /utf-8 /GR /EHsc /MP "
      CMAKE_EXE_LINKER_FLAGS: "/machine:x64"
      CMAKE_MODULE_PATH: "C:/Users/bugr2/source/repos/Diplom_CPP/vcpkg_installed/vcpkg/blds/range-v3/src/8e09e4d7ec-ac2933c7cd.clean/cmake"
      CMAKE_MSVC_DEBUG_INFORMATION_FORMAT: ""
      CMAKE_MSVC_RUNTIME_LIBRARY: "MultiThreaded$<$<CONFIG:Debug>:Debug>$<$<STREQUAL:dynamic,dynamic>:DLL>"
      VCPKG_CHAINLOAD_TOOLCHAIN_FILE: "C:/Program Files/Microsoft Visual Studio/2022/Community/VC/vcpkg/scripts/toolchains/windows.cmake"
      VCPKG_CRT_LINKAGE: "dynamic"
      VCPKG_CXX_FLAGS: ""
      VCPKG_CXX_FLAGS_DEBUG: ""
      VCPKG_CXX_FLAGS_RELEASE: ""
      VCPKG_C_FLAGS: ""
      VCPKG_C_FLAGS_DEBUG: ""
      VCPKG_C_FLAGS_RELEASE: ""
      VCPKG_INSTALLED_DIR: "C:/Users/bugr2/source/repos/Diplom_CPP/vcpkg_installed"
      VCPKG_LINKER_FLAGS: ""
      VCPKG_LINKER_FLAGS_DEBUG: ""
      VCPKG_LINKER_FLAGS_RELEASE: ""
      VCPKG_PLATFORM_TOOLSET: "v143"
      VCPKG_PREFER_SYSTEM_LIBS: "OFF"
      VCPKG_SET_CHARSET_FLAG: "ON"
      VCPKG_TARGET_ARCHITECTURE: "x64"
      VCPKG_TARGET_TRIPLET: "x64-windows"
      Z_VCPKG_ROOT_DIR: "C:/Program Files/Microsoft Visual Studio/2022/Community/VC/vcpkg"
    buildResult:
      variable: "RANGES_HAS_MTUNE_NATIVE"
      cached: true
      stdout: |
        Change Dir: 'C:/Users/bugr2/source/repos/Diplom_CPP/vcpkg_installed/vcpkg/blds/range-v3/x64-windows-rel/CMakeFiles/CMakeScratch/TryCompile-fw9jhm'
        
        Run Build Command(s): "C:/Program Files/Microsoft Visual Studio/2022/Community/Common7/IDE/CommonExtensions/Microsoft/CMake/Ninja/ninja.exe" -v cmTC_003a0
        [1/2] C:\\PROGRA~1\\MIB055~1\\2022\\COMMUN~1\\VC\\Tools\\MSVC\\1444~1.352\\bin\\Hostx64\\x64\\cl.exe  /nologo /TP -DRANGES_HAS_MTUNE_NATIVE  /nologo /DWIN32 /D_WINDOWS /utf-8 /GR /EHsc /MP   /MDd /Z7 /Ob0 /Od /RTC1    -mtune=native /showIncludes /FoCMakeFiles\\cmTC_003a0.dir\\src.cxx.obj /FdCMakeFiles\\cmTC_003a0.dir\\ /FS -c C:\\Users\\bugr2\\source\\repos\\Diplom_CPP\\vcpkg_installed\\vcpkg\\blds\\range-v3\\x64-windows-rel\\CMakeFiles\\CMakeScratch\\TryCompile-fw9jhm\\src.cxx
        cl: командная строка warning D9002: пропуск неизвестного параметра "-mtune=native"
        [2/2] C:\\WINDOWS\\system32\\cmd.exe /C "cd . && "C:\\Program Files\\Microsoft Visual Studio\\2022\\Community\\Common7\\IDE\\CommonExtensions\\Microsoft\\CMake\\CMake\\bin\\cmake.exe" -E vs_link_exe --msvc-ver=1944 --intdir=CMakeFiles\\cmTC_003a0.dir --rc=C:\\PROGRA~2\\WI3CF2~1\\10\\bin\\100261~1.0\\x64\\rc.exe --mt=C:\\PROGRA~2\\WI3CF2~1\\10\\bin\\100261~1.0\\x64\\mt.exe --manifests  -- C:\\PROGRA~1\\MIB055~1\\2022\\COMMUN~1\\VC\\Tools\\MSVC\\1444~1.352\\bin\\Hostx64\\x64\\link.exe /nologo CMakeFiles\\cmTC_003a0.dir\\src.cxx.obj  /out:cmTC_003a0.exe /implib:cmTC_003a0.lib /pdb:cmTC_003a0.pdb /version:0.0 /machine:x64  /nologo    /debug /INCREMENTAL /subsystem:console  kernel32.lib user32.lib gdi32.lib winspool.lib shell32.lib ole32.lib oleaut32.lib uuid.lib comdlg32.lib advapi32.lib && cd ."
        
      exitCode: 0
  -
    kind: "try_compile-v1"
    backtrace:
      - "C:/Program Files/Microsoft Visual Studio/2022/Community/Common7/IDE/CommonExtensions/Microsoft/CMake/CMake/share/cmake-3.31/Modules/Internal/CheckSourceCompiles.cmake:108 (try_compile)"
      - "C:/Program Files/Microsoft Visual Studio/2022/Community/Common7/IDE/CommonExtensions/Microsoft/CMake/CMake/share/cmake-3.31/Modules/CheckCXXSourceCompiles.cmake:58 (cmake_check_source_compiles)"
      - "cmake/ranges_flags.cmake:244 (check_cxx_source_compiles)"
      - "CMakeLists.txt:25 (include)"
    checks:
      - "Performing Test RANGE_V3_ALIGNED_NEW_PROBE"
    directories:
      source: "C:/Users/bugr2/source/repos/Diplom_CPP/vcpkg_installed/vcpkg/blds/range-v3/x64-windows-rel/CMakeFiles/CMakeScratch/TryCompile-czn27q"
      binary: "C:/Users/bugr2/source/repos/Diplom_CPP/vcpkg_installed/vcpkg/blds/range-v3/x64-windows-rel/CMakeFiles/CMakeScratch/TryCompile-czn27q"
    cmakeVariables:
      CMAKE_CXX_FLAGS: " /nologo /DWIN32 /D_WINDOWS /utf-8 /GR /EHsc /MP "
      CMAKE_EXE_LINKER_FLAGS: "/machine:x64"
      CMAKE_MODULE_PATH: "C:/Users/bugr2/source/repos/Diplom_CPP/vcpkg_installed/vcpkg/blds/range-v3/src/8e09e4d7ec-ac2933c7cd.clean/cmake"
      CMAKE_MSVC_DEBUG_INFORMATION_FORMAT: ""
      CMAKE_MSVC_RUNTIME_LIBRARY: "MultiThreaded$<$<CONFIG:Debug>:Debug>$<$<STREQUAL:dynamic,dynamic>:DLL>"
      VCPKG_CHAINLOAD_TOOLCHAIN_FILE: "C:/Program Files/Microsoft Visual Studio/2022/Community/VC/vcpkg/scripts/toolchains/windows.cmake"
      VCPKG_CRT_LINKAGE: "dynamic"
      VCPKG_CXX_FLAGS: ""
      VCPKG_CXX_FLAGS_DEBUG: ""
      VCPKG_CXX_FLAGS_RELEASE: ""
      VCPKG_C_FLAGS: ""
      VCPKG_C_FLAGS_DEBUG: ""
      VCPKG_C_FLAGS_RELEASE: ""
      VCPKG_INSTALLED_DIR: "C:/Users/bugr2/source/repos/Diplom_CPP/vcpkg_installed"
      VCPKG_LINKER_FLAGS: ""
      VCPKG_LINKER_FLAGS_DEBUG: ""
      VCPKG_LINKER_FLAGS_RELEASE: ""
      VCPKG_PLATFORM_TOOLSET: "v143"
      VCPKG_PREFER_SYSTEM_LIBS: "OFF"
      VCPKG_SET_CHARSET_FLAG: "ON"
      VCPKG_TARGET_ARCHITECTURE: "x64"
      VCPKG_TARGET_TRIPLET: "x64-windows"
      Z_VCPKG_ROOT_DIR: "C:/Program Files/Microsoft Visual Studio/2022/Community/VC/vcpkg"
    buildResult:
      variable: "RANGE_V3_ALIGNED_NEW_PROBE"
      cached: true
      stdout: |
        Change Dir: 'C:/Users/bugr2/source/repos/Diplom_CPP/vcpkg_installed/vcpkg/blds/range-v3/x64-windows-rel/CMakeFiles/CMakeScratch/TryCompile-czn27q'
        
        Run Build Command(s): "C:/Program Files/Microsoft Visual Studio/2022/Community/Common7/IDE/CommonExtensions/Microsoft/CMake/Ninja/ninja.exe" -v cmTC_635f9
        [1/2] C:\\PROGRA~1\\MIB055~1\\2022\\COMMUN~1\\VC\\Tools\\MSVC\\1444~1.352\\bin\\Hostx64\\x64\\cl.exe  /nologo /TP -DRANGE_V3_ALIGNED_NEW_PROBE  /nologo /DWIN32 /D_WINDOWS /utf-8 /GR /EHsc /MP  /std:c++17 /MDd /Z7 /Ob0 /Od /RTC1 /showIncludes /FoCMakeFiles\\cmTC_635f9.dir\\src.cxx.obj /FdCMakeFiles\\cmTC_635f9.dir\\ /FS -c C:\\Users\\bugr2\\source\\repos\\Diplom_CPP\\vcpkg_installed\\vcpkg\\blds\\range-v3\\x64-windows-rel\\CMakeFiles\\CMakeScratch\\TryCompile-czn27q\\src.cxx
        [2/2] C:\\WINDOWS\\system32\\cmd.exe /C "cd . && "C:\\Program Files\\Microsoft Visual Studio\\2022\\Community\\Common7\\IDE\\CommonExtensions\\Microsoft\\CMake\\CMake\\bin\\cmake.exe" -E vs_link_exe --msvc-ver=1944 --intdir=CMakeFiles\\cmTC_635f9.dir --rc=C:\\PROGRA~2\\WI3CF2~1\\10\\bin\\100261~1.0\\x64\\rc.exe --mt=C:\\PROGRA~2\\WI3CF2~1\\10\\bin\\100261~1.0\\x64\\mt.exe --manifests  -- C:\\PROGRA~1\\MIB055~1\\2022\\COMMUN~1\\VC\\Tools\\MSVC\\1444~1.352\\bin\\Hostx64\\x64\\link.exe /nologo CMakeFiles\\cmTC_635f9.dir\\src.cxx.obj  /out:cmTC_635f9.exe /implib:cmTC_635f9.lib /pdb:cmTC_635f9.pdb /version:0.0 /machine:x64  /nologo    /debug /INCREMENTAL /subsystem:console  kernel32.lib user32.lib gdi32.lib winspool.lib shell32.lib ole32.lib oleaut32.lib uuid.lib comdlg32.lib advapi32.lib && cd ."
        
      exitCode: 0
  -
    kind: "try_compile-v1"
    backtrace:
      - "C:/Program Files/Microsoft Visual Studio/2022/Community/Common7/IDE/CommonExtensions/Microsoft/CMake/CMake/share/cmake-3.31/Modules/Internal/CheckSourceCompiles.cmake:108 (try_compile)"
      - "C:/Program Files/Microsoft Visual Studio/2022/Community/Common7/IDE/CommonExtensions/Microsoft/CMake/CMake/share/cmake-3.31/Modules/CheckCXXSourceCompiles.cmake:58 (cmake_check_source_compiles)"
      - "cmake/ranges_flags.cmake:255 (check_cxx_source_compiles)"
      - "CMakeLists.txt:25 (include)"
    checks:
      - "Performing Test RANGES_HAS_AWAIT"
    directories:
      source: "C:/Users/bugr2/source/repos/Diplom_CPP/vcpkg_installed/vcpkg/blds/range-v3/x64-windows-rel/CMakeFiles/CMakeScratch/TryCompile-dxwybp"
      binary: "C:/Users/bugr2/source/repos/Diplom_CPP/vcpkg_installed/vcpkg/blds/range-v3/x64-windows-rel/CMakeFiles/CMakeScratch/TryCompile-dxwybp"
    cmakeVariables:
      CMAKE_CXX_FLAGS: " /nologo /DWIN32 /D_WINDOWS /utf-8 /GR /EHsc /MP "
      CMAKE_EXE_LINKER_FLAGS: "/machine:x64"
      CMAKE_MODULE_PATH: "C:/Users/bugr2/source/repos/Diplom_CPP/vcpkg_installed/vcpkg/blds/range-v3/src/8e09e4d7ec-ac2933c7cd.clean/cmake"
      CMAKE_MSVC_DEBUG_INFORMATION_FORMAT: ""
      CMAKE_MSVC_RUNTIME_LIBRARY: "MultiThreaded$<$<CONFIG:Debug>:Debug>$<$<STREQUAL:dynamic,dynamic>:DLL>"
      VCPKG_CHAINLOAD_TOOLCHAIN_FILE: "C:/Program Files/Microsoft Visual Studio/2022/Community/VC/vcpkg/scripts/toolchains/windows.cmake"
      VCPKG_CRT_LINKAGE: "dynamic"
      VCPKG_CXX_FLAGS: ""
      VCPKG_CXX_FLAGS_DEBUG: ""
      VCPKG_CXX_FLAGS_RELEASE: ""
      VCPKG_C_FLAGS: ""
      VCPKG_C_FLAGS_DEBUG: ""
      VCPKG_C_FLAGS_RELEASE: ""
      VCPKG_INSTALLED_DIR: "C:/Users/bugr2/source/repos/Diplom_CPP/vcpkg_installed"
      VCPKG_LINKER_FLAGS: ""
      VCPKG_LINKER_FLAGS_DEBUG: ""
      VCPKG_LINKER_FLAGS_RELEASE: ""
      VCPKG_PLATFORM_TOOLSET: "v143"
      VCPKG_PREFER_SYSTEM_LIBS: "OFF"
      VCPKG_SET_CHARSET_FLAG: "ON"
      VCPKG_TARGET_ARCHITECTURE: "x64"
      VCPKG_TARGET_TRIPLET: "x64-windows"
      Z_VCPKG_ROOT_DIR: "C:/Program Files/Microsoft Visual Studio/2022/Community/VC/vcpkg"
    buildResult:
      variable: "RANGES_HAS_AWAIT"
      cached: true
      stdout: |
        Change Dir: 'C:/Users/bugr2/source/repos/Diplom_CPP/vcpkg_installed/vcpkg/blds/range-v3/x64-windows-rel/CMakeFiles/CMakeScratch/TryCompile-dxwybp'
        
        Run Build Command(s): "C:/Program Files/Microsoft Visual Studio/2022/Community/Common7/IDE/CommonExtensions/Microsoft/CMake/Ninja/ninja.exe" -v cmTC_faf8a
        [1/2] C:\\PROGRA~1\\MIB055~1\\2022\\COMMUN~1\\VC\\Tools\\MSVC\\1444~1.352\\bin\\Hostx64\\x64\\cl.exe  /nologo /TP -DRANGES_HAS_AWAIT  /nologo /DWIN32 /D_WINDOWS /utf-8 /GR /EHsc /MP  /await /MDd /Z7 /Ob0 /Od /RTC1 /showIncludes /FoCMakeFiles\\cmTC_faf8a.dir\\src.cxx.obj /FdCMakeFiles\\cmTC_faf8a.dir\\ /FS -c C:\\Users\\bugr2\\source\\repos\\Diplom_CPP\\vcpkg_installed\\vcpkg\\blds\\range-v3\\x64-windows-rel\\CMakeFiles\\CMakeScratch\\TryCompile-dxwybp\\src.cxx
        FAILED: CMakeFiles/cmTC_faf8a.dir/src.cxx.obj 
        C:\\PROGRA~1\\MIB055~1\\2022\\COMMUN~1\\VC\\Tools\\MSVC\\1444~1.352\\bin\\Hostx64\\x64\\cl.exe  /nologo /TP -DRANGES_HAS_AWAIT  /nologo /DWIN32 /D_WINDOWS /utf-8 /GR /EHsc /MP  /await /MDd /Z7 /Ob0 /Od /RTC1 /showIncludes /FoCMakeFiles\\cmTC_faf8a.dir\\src.cxx.obj /FdCMakeFiles\\cmTC_faf8a.dir\\ /FS -c C:\\Users\\bugr2\\source\\repos\\Diplom_CPP\\vcpkg_installed\\vcpkg\\blds\\range-v3\\x64-windows-rel\\CMakeFiles\\CMakeScratch\\TryCompile-dxwybp\\src.cxx
        C:\\Program Files\\Microsoft Visual Studio\\2022\\Community\\VC\\Tools\\MSVC\\14.44.35207\\include\\coroutine(14): warning STL4039: The contents of <coroutine> are not available with /await. Remove /await or use /await:strict for standard coroutines. Use <experimental/coroutine> for legacy /await support.
        C:\\Users\\bugr2\\source\\repos\\Diplom_CPP\\vcpkg_installed\\vcpkg\\blds\\range-v3\\x64-windows-rel\\CMakeFiles\\CMakeScratch\\TryCompile-dxwybp\\src.cxx(22): error C2039: "suspend_never": не является членом "std".
        predefined C++ types (compiler internal)(357): note:  см. объявление "std"
        C:\\Users\\bugr2\\source\\repos\\Diplom_CPP\\vcpkg_installed\\vcpkg\\blds\\range-v3\\x64-windows-rel\\CMakeFiles\\CMakeScratch\\TryCompile-dxwybp\\src.cxx(22): error C3646: initial_suspend: неизвестный спецификатор переопределения
        C:\\Users\\bugr2\\source\\repos\\Diplom_CPP\\vcpkg_installed\\vcpkg\\blds\\range-v3\\x64-windows-rel\\CMakeFiles\\CMakeScratch\\TryCompile-dxwybp\\src.cxx(22): error C2059: синтаксическая ошибка: (
        C:\\Users\\bugr2\\source\\repos\\Diplom_CPP\\vcpkg_installed\\vcpkg\\blds\\range-v3\\x64-windows-rel\\CMakeFiles\\CMakeScratch\\TryCompile-dxwybp\\src.cxx(22): error C2334: непредвиденные лексемы перед "{"; пропуск вероятного тела функции
        C:\\Users\\bugr2\\source\\repos\\Diplom_CPP\\vcpkg_installed\\vcpkg\\blds\\range-v3\\x64-windows-rel\\CMakeFiles\\CMakeScratch\\TryCompile-dxwybp\\src.cxx(23): error C2039: "suspend_never": не является членом "std".
        predefined C++ types (compiler internal)(357): note:  см. объявление "std"
        C:\\Users\\bugr2\\source\\repos\\Diplom_CPP\\vcpkg_installed\\vcpkg\\blds\\range-v3\\x64-windows-rel\\CMakeFiles\\CMakeScratch\\TryCompile-dxwybp\\src.cxx(23): error C3646: final_suspend: неизвестный спецификатор переопределения
        C:\\Users\\bugr2\\source\\repos\\Diplom_CPP\\vcpkg_installed\\vcpkg\\blds\\range-v3\\x64-windows-rel\\CMakeFiles\\CMakeScratch\\TryCompile-dxwybp\\src.cxx(23): error C2059: синтаксическая ошибка: (
        C:\\Users\\bugr2\\source\\repos\\Diplom_CPP\\vcpkg_installed\\vcpkg\\blds\\range-v3\\x64-windows-rel\\CMakeFiles\\CMakeScratch\\TryCompile-dxwybp\\src.cxx(23): error C2334: непредвиденные лексемы перед "{"; пропуск вероятного тела функции
        C:\\Users\\bugr2\\source\\repos\\Diplom_CPP\\vcpkg_installed\\vcpkg\\blds\\range-v3\\x64-windows-rel\\CMakeFiles\\CMakeScratch\\TryCompile-dxwybp\\src.cxx(31): error C2039: "coroutine_handle": не является членом "std".
        predefined C++ types (compiler internal)(357): note:  см. объявление "std"
        C:\\Users\\bugr2\\source\\repos\\Diplom_CPP\\vcpkg_installed\\vcpkg\\blds\\range-v3\\x64-windows-rel\\CMakeFiles\\CMakeScratch\\TryCompile-dxwybp\\src.cxx(31): error C2061: синтаксическая ошибка: идентификатор "coroutine_handle"
        C:\\Users\\bugr2\\source\\repos\\Diplom_CPP\\vcpkg_installed\\vcpkg\\blds\\range-v3\\x64-windows-rel\\CMakeFiles\\CMakeScratch\\TryCompile-dxwybp\\src.cxx(40): error C3774: не удается найти "std::experimental": включите заголовок "<experimental/coroutine>"
        C:\\Users\\bugr2\\source\\repos\\Diplom_CPP\\vcpkg_installed\\vcpkg\\blds\\range-v3\\x64-windows-rel\\CMakeFiles\\CMakeScratch\\TryCompile-dxwybp\\src.cxx(38): error C3774: не удается найти "std::experimental": включите заголовок "<experimental/coroutine>"
        C:\\Users\\bugr2\\source\\repos\\Diplom_CPP\\vcpkg_installed\\vcpkg\\blds\\range-v3\\x64-windows-rel\\CMakeFiles\\CMakeScratch\\TryCompile-dxwybp\\src.cxx(40): error C3774: не удается найти "std::experimental": включите заголовок "<experimental/coroutine>"
        C:\\Users\\bugr2\\source\\repos\\Diplom_CPP\\vcpkg_installed\\vcpkg\\blds\\range-v3\\x64-windows-rel\\CMakeFiles\\CMakeScratch\\TryCompile-dxwybp\\src.cxx(41): error C3774: не удается найти "std::experimental": включите заголовок "<experimental/coroutine>"
        ninja: build stopped: subcommand failed.
        
      exitCode: 1
...
